-------------------------------------------------------------------------------
Test set: org.obolibrary.macro.ExpandExpressionGCITest
-------------------------------------------------------------------------------
Tests run: 1, Failures: 1, Errors: 0, Skipped: 0, Time elapsed: 0.015 sec <<< FAILURE! - in org.obolibrary.macro.ExpandExpressionGCITest
testExpand(org.obolibrary.macro.ExpandExpressionGCITest)  Time elapsed: 0.015 sec  <<< FAILURE!
java.lang.AssertionError: null
	at org.semanticweb.owlapi.mansyntax.parser.ManchesterOWLSyntaxEditorParser.parseAnnotatedListItems(ManchesterOWLSyntaxEditorParser.java:2896)
	at org.semanticweb.owlapi.mansyntax.parser.ManchesterOWLSyntaxEditorParser.parseFrameSections(ManchesterOWLSyntaxEditorParser.java:1395)
	at org.semanticweb.owlapi.mansyntax.parser.ManchesterOWLSyntaxEditorParser.parseClassFrame(ManchesterOWLSyntaxEditorParser.java:1320)
	at org.semanticweb.owlapi.mansyntax.parser.ManchesterOWLSyntaxEditorParser.parseClassFrame(ManchesterOWLSyntaxEditorParser.java:1301)
	at org.semanticweb.owlapi.mansyntax.parser.ManchesterOWLSyntaxEditorParser.parseFrames(ManchesterOWLSyntaxEditorParser.java:1072)
	at org.obolibrary.macro.ManchesterSyntaxTool.parseManchesterExpressionFrames(ManchesterSyntaxTool.java:157)
	at org.obolibrary.macro.MacroExpansionGCIVisitor.expand(MacroExpansionGCIVisitor.java:107)
	at org.obolibrary.macro.MacroExpansionGCIVisitor.createGCIOntology(MacroExpansionGCIVisitor.java:89)
	at org.obolibrary.macro.ExpandExpressionGCITest.testExpand(ExpandExpressionGCITest.java:30)

