<?xml version="1.0" encoding="UTF-8" ?>
<testsuite tests="6" failures="2" name="cloud.orbit.actors.test.CacheResponseTest" time="1.599" errors="0" skipped="0">
  <properties>
    <property name="java.runtime.name" value="OpenJDK Runtime Environment"/>
    <property name="sun.boot.library.path" value="/usr/lib/jvm/java-8-openjdk-amd64/jre/lib/amd64"/>
    <property name="java.vm.version" value="25.292-b10"/>
    <property name="java.vm.vendor" value="Private Build"/>
    <property name="maven.multiModuleProjectDirectory" value="/home/suvarna/Vinay/Sept-2021/orbit-bc9f363f4cd6d926eea0e77a70a1dfad7acccfe4"/>
    <property name="java.vendor.url" value="http://java.oracle.com/"/>
    <property name="path.separator" value=":"/>
    <property name="guice.disable.misplaced.annotation.check" value="true"/>
    <property name="java.vm.name" value="OpenJDK 64-Bit Server VM"/>
    <property name="file.encoding.pkg" value="sun.io"/>
    <property name="user.country" value="IN"/>
    <property name="sun.java.launcher" value="SUN_STANDARD"/>
    <property name="sun.os.patch.level" value="unknown"/>
    <property name="java.vm.specification.name" value="Java Virtual Machine Specification"/>
    <property name="user.dir" value="/home/suvarna/Vinay/Sept-2021/orbit-bc9f363f4cd6d926eea0e77a70a1dfad7acccfe4"/>
    <property name="java.runtime.version" value="1.8.0_292-8u292-b10-0ubuntu1~16.04.1-b10"/>
    <property name="java.awt.graphicsenv" value="sun.awt.X11GraphicsEnvironment"/>
    <property name="java.endorsed.dirs" value="/usr/lib/jvm/java-8-openjdk-amd64/jre/lib/endorsed"/>
    <property name="os.arch" value="amd64"/>
    <property name="java.io.tmpdir" value="/tmp"/>
    <property name="line.separator" value="
"/>
    <property name="java.vm.specification.vendor" value="Oracle Corporation"/>
    <property name="os.name" value="Linux"/>
    <property name="classworlds.conf" value="/home/suvarna/maven/apache-maven-3.6.3/bin/m2.conf"/>
    <property name="sun.jnu.encoding" value="UTF-8"/>
    <property name="java.library.path" value="/usr/java/packages/lib/amd64:/usr/lib/x86_64-linux-gnu/jni:/lib/x86_64-linux-gnu:/usr/lib/x86_64-linux-gnu:/usr/lib/jni:/lib:/usr/lib"/>
    <property name="maven.conf" value="/home/suvarna/maven/apache-maven-3.6.3/conf"/>
    <property name="java.specification.name" value="Java Platform API Specification"/>
    <property name="java.class.version" value="52.0"/>
    <property name="sun.management.compiler" value="HotSpot 64-Bit Tiered Compilers"/>
    <property name="os.version" value="4.15.0-142-generic"/>
    <property name="library.jansi.path" value="/home/suvarna/maven/apache-maven-3.6.3/lib/jansi-native"/>
    <property name="user.home" value="/home/suvarna"/>
    <property name="user.timezone" value="Asia/Kolkata"/>
    <property name="java.awt.printerjob" value="sun.print.PSPrinterJob"/>
    <property name="java.specification.version" value="1.8"/>
    <property name="file.encoding" value="UTF-8"/>
    <property name="user.name" value="suvarna"/>
    <property name="java.class.path" value="/home/suvarna/maven/apache-maven-3.6.3/boot/plexus-classworlds-2.6.0.jar"/>
    <property name="java.vm.specification.version" value="1.8"/>
    <property name="sun.arch.data.model" value="64"/>
    <property name="java.home" value="/usr/lib/jvm/java-8-openjdk-amd64/jre"/>
    <property name="sun.java.command" value="org.codehaus.plexus.classworlds.launcher.Launcher test"/>
    <property name="java.specification.vendor" value="Oracle Corporation"/>
    <property name="user.language" value="en"/>
    <property name="awt.toolkit" value="sun.awt.X11.XToolkit"/>
    <property name="java.vm.info" value="mixed mode"/>
    <property name="java.version" value="1.8.0_292"/>
    <property name="java.ext.dirs" value="/usr/lib/jvm/java-8-openjdk-amd64/jre/lib/ext:/usr/java/packages/lib/ext"/>
    <property name="securerandom.source" value="file:/dev/./urandom"/>
    <property name="sun.boot.class.path" value="/usr/lib/jvm/java-8-openjdk-amd64/jre/lib/resources.jar:/usr/lib/jvm/java-8-openjdk-amd64/jre/lib/rt.jar:/usr/lib/jvm/java-8-openjdk-amd64/jre/lib/sunrsasign.jar:/usr/lib/jvm/java-8-openjdk-amd64/jre/lib/jsse.jar:/usr/lib/jvm/java-8-openjdk-amd64/jre/lib/jce.jar:/usr/lib/jvm/java-8-openjdk-amd64/jre/lib/charsets.jar:/usr/lib/jvm/java-8-openjdk-amd64/jre/lib/jfr.jar:/usr/lib/jvm/java-8-openjdk-amd64/jre/classes"/>
    <property name="java.vendor" value="Private Build"/>
    <property name="maven.home" value="/home/suvarna/maven/apache-maven-3.6.3"/>
    <property name="file.separator" value="/"/>
    <property name="java.vendor.url.bug" value="http://bugreport.sun.com/bugreport/"/>
    <property name="sun.cpu.endian" value="little"/>
    <property name="sun.io.unicode.encoding" value="UnicodeLittle"/>
    <property name="sun.desktop" value="gnome"/>
    <property name="sun.cpu.isalist" value=""/>
  </properties>
  <testcase classname="cloud.orbit.actors.test.CacheResponseTest" name="testMultipleActors" time="0.285"/>
  <testcase classname="cloud.orbit.actors.test.CacheResponseTest" name="testCacheFlush" time="0.276"/>
  <testcase classname="cloud.orbit.actors.test.CacheResponseTest" name="testMultipleInputs" time="0.261">
    <failure message="expected:&lt;2&gt; but was:&lt;1&gt;" type="java.lang.AssertionError">java.lang.AssertionError: expected:&lt;2&gt; but was:&lt;1&gt;
	at org.junit.Assert.fail(Assert.java:88)
	at org.junit.Assert.failNotEquals(Assert.java:834)
	at org.junit.Assert.assertEquals(Assert.java:645)
	at org.junit.Assert.assertEquals(Assert.java:631)
	at cloud.orbit.actors.test.CacheResponseTest.lambda$testMultipleInputs$2(CacheResponseTest.java:119)
	at java.util.stream.Streams$RangeIntSpliterator.forEachRemaining(Streams.java:110)
	at java.util.stream.IntPipeline$Head.forEach(IntPipeline.java:581)
	at cloud.orbit.actors.test.CacheResponseTest.testMultipleInputs(CacheResponseTest.java:116)
	at sun.reflect.NativeMethodAccessorImpl.invoke0(Native Method)
	at sun.reflect.NativeMethodAccessorImpl.invoke(NativeMethodAccessorImpl.java:62)
	at sun.reflect.DelegatingMethodAccessorImpl.invoke(DelegatingMethodAccessorImpl.java:43)
	at java.lang.reflect.Method.invoke(Method.java:498)
	at org.junit.runners.model.FrameworkMethod$1.runReflectiveCall(FrameworkMethod.java:50)
	at org.junit.internal.runners.model.ReflectiveCallable.run(ReflectiveCallable.java:12)
	at org.junit.runners.model.FrameworkMethod.invokeExplosively(FrameworkMethod.java:47)
	at org.junit.internal.runners.statements.InvokeMethod.evaluate(InvokeMethod.java:17)
	at org.junit.internal.runners.statements.RunBefores.evaluate(RunBefores.java:26)
	at org.junit.internal.runners.statements.RunAfters.evaluate(RunAfters.java:27)
	at org.junit.rules.TestWatcher$1.evaluate(TestWatcher.java:55)
	at org.junit.rules.RunRules.evaluate(RunRules.java:20)
	at org.junit.runners.ParentRunner.runLeaf(ParentRunner.java:325)
	at org.junit.runners.BlockJUnit4ClassRunner.runChild(BlockJUnit4ClassRunner.java:78)
	at org.junit.runners.BlockJUnit4ClassRunner.runChild(BlockJUnit4ClassRunner.java:57)
	at org.junit.runners.ParentRunner$3.run(ParentRunner.java:290)
	at org.junit.runners.ParentRunner$1.schedule(ParentRunner.java:71)
	at org.junit.runners.ParentRunner.runChildren(ParentRunner.java:288)
	at org.junit.runners.ParentRunner.access$000(ParentRunner.java:58)
	at org.junit.runners.ParentRunner$2.evaluate(ParentRunner.java:268)
	at org.junit.runners.ParentRunner.run(ParentRunner.java:363)
	at org.apache.maven.surefire.junit4.JUnit4Provider.execute(JUnit4Provider.java:252)
	at org.apache.maven.surefire.junit4.JUnit4Provider.executeTestSet(JUnit4Provider.java:141)
	at org.apache.maven.surefire.junit4.JUnit4Provider.invoke(JUnit4Provider.java:112)
	at sun.reflect.NativeMethodAccessorImpl.invoke0(Native Method)
	at sun.reflect.NativeMethodAccessorImpl.invoke(NativeMethodAccessorImpl.java:62)
	at sun.reflect.DelegatingMethodAccessorImpl.invoke(DelegatingMethodAccessorImpl.java:43)
	at java.lang.reflect.Method.invoke(Method.java:498)
	at org.apache.maven.surefire.util.ReflectionUtils.invokeMethodWithArray(ReflectionUtils.java:189)
	at org.apache.maven.surefire.booter.ProviderFactory$ProviderProxy.invoke(ProviderFactory.java:165)
	at org.apache.maven.surefire.booter.ProviderFactory.invokeProvider(ProviderFactory.java:85)
	at org.apache.maven.surefire.booter.ForkedBooter.runSuitesInProcess(ForkedBooter.java:115)
	at org.apache.maven.surefire.booter.ForkedBooter.main(ForkedBooter.java:75)
</failure>
    <system-out>&gt;&gt;&gt;&gt;&gt;&gt;&gt;&gt;&gt; Start
&gt;&gt;&gt;&gt;&gt;&gt;&gt;&gt;&gt; Test Dump for testMultipleInputs(cloud.orbit.actors.test.CacheResponseTest)
&gt;&gt;&gt;&gt;&gt;&gt;&gt;&gt;&gt; Error: java.lang.AssertionError: expected:&lt;2&gt; but was:&lt;1&gt;
Create Stage
info Thu Oct 07 00:49:35 IST 2021 cloud.orbit.actors.Stage Stage started [[Orbit[2JL_E79UnNx0nH3e4nmp-B]]]
&quot;testMultipleInputs&quot; -&gt; &quot;CacheResponse:9423963f-dc41-\n4f6c-84fc-3fec9bea7a0e&quot; : [s1:m3] getNow(0)
activate &quot;CacheResponse:9423963f-dc41-\n4f6c-84fc-3fec9bea7a0e&quot;
&quot;CacheResponse:9423963f-dc41-\n4f6c-84fc-3fec9bea7a0e&quot; --&gt; &quot;testMultipleInputs&quot; : [s1:r3; 742us] (response to getNow): \n107111500694715
deactivate &quot;CacheResponse:9423963f-dc41-\n4f6c-84fc-3fec9bea7a0e&quot;
&quot;testMultipleInputs&quot; -&gt; &quot;CacheResponse:9423963f-dc41-\n4f6c-84fc-3fec9bea7a0e&quot; : [s1:m5] getNow(1)
activate &quot;CacheResponse:9423963f-dc41-\n4f6c-84fc-3fec9bea7a0e&quot;
&quot;CacheResponse:9423963f-dc41-\n4f6c-84fc-3fec9bea7a0e&quot; --&gt; &quot;testMultipleInputs&quot; : [s1:r5; 130us] (response to getNow): \n107111500694715
deactivate &quot;CacheResponse:9423963f-dc41-\n4f6c-84fc-3fec9bea7a0e&quot;

&gt;&gt;&gt;&gt;&gt;&gt;&gt;&gt;&gt; Test Dump for testMultipleInputs(cloud.orbit.actors.test.CacheResponseTest)
&gt;&gt;&gt;&gt;&gt;&gt;&gt;&gt;&gt; Error: java.lang.AssertionError: expected:&lt;2&gt; but was:&lt;1&gt;
	at org.junit.Assert.fail(Assert.java:88)
	at org.junit.Assert.failNotEquals(Assert.java:834)
	at org.junit.Assert.assertEquals(Assert.java:645)
	at org.junit.Assert.assertEquals(Assert.java:631)
	at cloud.orbit.actors.test.CacheResponseTest.lambda$testMultipleInputs$2(CacheResponseTest.java:119)
	at java.util.stream.Streams$RangeIntSpliterator.forEachRemaining(Streams.java:110)
	at java.util.stream.IntPipeline$Head.forEach(IntPipeline.java:581)
	at cloud.orbit.actors.test.CacheResponseTest.testMultipleInputs(CacheResponseTest.java:116)
	at sun.reflect.NativeMethodAccessorImpl.invoke0(Native Method)
	at sun.reflect.NativeMethodAccessorImpl.invoke(NativeMethodAccessorImpl.java:62)
	at sun.reflect.DelegatingMethodAccessorImpl.invoke(DelegatingMethodAccessorImpl.java:43)
	at java.lang.reflect.Method.invoke(Method.java:498)
	at org.junit.runners.model.FrameworkMethod$1.runReflectiveCall(FrameworkMethod.java:50)
	at org.junit.internal.runners.model.ReflectiveCallable.run(ReflectiveCallable.java:12)
	at org.junit.runners.model.FrameworkMethod.invokeExplosively(FrameworkMethod.java:47)
	at org.junit.internal.runners.statements.InvokeMethod.evaluate(InvokeMethod.java:17)
	at org.junit.internal.runners.statements.RunBefores.evaluate(RunBefores.java:26)
	at org.junit.internal.runners.statements.RunAfters.evaluate(RunAfters.java:27)
	at org.junit.rules.TestWatcher$1.evaluate(TestWatcher.java:55)
	at org.junit.rules.RunRules.evaluate(RunRules.java:20)
	at org.junit.runners.ParentRunner.runLeaf(ParentRunner.java:325)
	at org.junit.runners.BlockJUnit4ClassRunner.runChild(BlockJUnit4ClassRunner.java:78)
	at org.junit.runners.BlockJUnit4ClassRunner.runChild(BlockJUnit4ClassRunner.java:57)
	at org.junit.runners.ParentRunner$3.run(ParentRunner.java:290)
	at org.junit.runners.ParentRunner$1.schedule(ParentRunner.java:71)
	at org.junit.runners.ParentRunner.runChildren(ParentRunner.java:288)
	at org.junit.runners.ParentRunner.access$000(ParentRunner.java:58)
	at org.junit.runners.ParentRunner$2.evaluate(ParentRunner.java:268)
	at org.junit.runners.ParentRunner.run(ParentRunner.java:363)
	at org.apache.maven.surefire.junit4.JUnit4Provider.execute(JUnit4Provider.java:252)
	at org.apache.maven.surefire.junit4.JUnit4Provider.executeTestSet(JUnit4Provider.java:141)
	at org.apache.maven.surefire.junit4.JUnit4Provider.invoke(JUnit4Provider.java:112)
	at sun.reflect.NativeMethodAccessorImpl.invoke0(Native Method)
	at sun.reflect.NativeMethodAccessorImpl.invoke(NativeMethodAccessorImpl.java:62)
	at sun.reflect.DelegatingMethodAccessorImpl.invoke(DelegatingMethodAccessorImpl.java:43)
	at java.lang.reflect.Method.invoke(Method.java:498)
	at org.apache.maven.surefire.util.ReflectionUtils.invokeMethodWithArray(ReflectionUtils.java:189)
	at org.apache.maven.surefire.booter.ProviderFactory$ProviderProxy.invoke(ProviderFactory.java:165)
	at org.apache.maven.surefire.booter.ProviderFactory.invokeProvider(ProviderFactory.java:85)
	at org.apache.maven.surefire.booter.ForkedBooter.runSuitesInProcess(ForkedBooter.java:115)
	at org.apache.maven.surefire.booter.ForkedBooter.main(ForkedBooter.java:75)
&gt;&gt;&gt;&gt;&gt;&gt;&gt;&gt;&gt; Stages: 0
&gt;&gt;&gt;&gt;&gt;&gt;&gt;&gt;&gt; Clients: 0
&gt;&gt;&gt;&gt;&gt;&gt;&gt;&gt;&gt; Server Connections: 0
&gt;&gt;&gt;&gt;&gt;&gt;&gt;&gt;&gt; End
Message sequence diagram written to:
file:///home/suvarna/Vinay/Sept-2021/orbit-bc9f363f4cd6d926eea0e77a70a1dfad7acccfe4/actors/test/actor-tests/target/surefire-reports/cloud.orbit.actors.test.CacheResponseTest-testMultipleInputs-error.messages.puml
</system-out>
    <system-err>[main] INFO cloud.orbit.actors.Stage - Starting Stage...
[main] INFO cloud.orbit.actors.runtime.ClusterHandler - Connecting handler ClusterHandler...
[OrbitThread-16] INFO cloud.orbit.actors.Stage - Stage started [Orbit[2JL_E79UnNx0nH3e4nmp-B]]
[OrbitShutdownThread] INFO cloud.orbit.actors.runtime.ClusterHandler - Closing ClusterHandler... 
[OrbitShutdownThread] INFO cloud.orbit.actors.concurrent.WaitFreeMultiExecutionSerializer - Thread pool shutdown complete
</system-err>
  </testcase>
  <testcase classname="cloud.orbit.actors.test.CacheResponseTest" name="testCacheFlushWithMultipleActors" time="0.259"/>
  <testcase classname="cloud.orbit.actors.test.CacheResponseTest" name="testCacheDuration" time="0.259"/>
  <testcase classname="cloud.orbit.actors.test.CacheResponseTest" name="testCacheFlushWithMultipleInputs" time="0.259">
    <failure message="Values should be different. Actual: 107112283476864" type="java.lang.AssertionError">java.lang.AssertionError: Values should be different. Actual: 107112283476864
	at org.junit.Assert.fail(Assert.java:88)
	at org.junit.Assert.failEquals(Assert.java:185)
	at org.junit.Assert.assertNotEquals(Assert.java:161)
	at org.junit.Assert.assertNotEquals(Assert.java:175)
	at cloud.orbit.actors.test.CacheResponseTest.testCacheFlushWithMultipleInputs(CacheResponseTest.java:173)
	at sun.reflect.NativeMethodAccessorImpl.invoke0(Native Method)
	at sun.reflect.NativeMethodAccessorImpl.invoke(NativeMethodAccessorImpl.java:62)
	at sun.reflect.DelegatingMethodAccessorImpl.invoke(DelegatingMethodAccessorImpl.java:43)
	at java.lang.reflect.Method.invoke(Method.java:498)
	at org.junit.runners.model.FrameworkMethod$1.runReflectiveCall(FrameworkMethod.java:50)
	at org.junit.internal.runners.model.ReflectiveCallable.run(ReflectiveCallable.java:12)
	at org.junit.runners.model.FrameworkMethod.invokeExplosively(FrameworkMethod.java:47)
	at org.junit.internal.runners.statements.InvokeMethod.evaluate(InvokeMethod.java:17)
	at org.junit.internal.runners.statements.FailOnTimeout$CallableStatement.call(FailOnTimeout.java:298)
	at org.junit.internal.runners.statements.FailOnTimeout$CallableStatement.call(FailOnTimeout.java:292)
	at java.util.concurrent.FutureTask.run(FutureTask.java:266)
	at java.lang.Thread.run(Thread.java:748)
</failure>
    <system-out>&gt;&gt;&gt;&gt;&gt;&gt;&gt;&gt;&gt; Start
&gt;&gt;&gt;&gt;&gt;&gt;&gt;&gt;&gt; Test Dump for testCacheFlushWithMultipleInputs(cloud.orbit.actors.test.CacheResponseTest)
&gt;&gt;&gt;&gt;&gt;&gt;&gt;&gt;&gt; Error: java.lang.AssertionError: Values should be different. Actual: 107112283476864
Create Stage
info Thu Oct 07 00:49:36 IST 2021 cloud.orbit.actors.Stage Stage started [[Orbit[VW8W7XIp4j9Yqn7B4fyLrB]]]
&quot;Thread:1044&quot; -&gt; &quot;CacheResponse:5934e269-f46a-\n46ce-8fdc-ca69994086a9&quot; : [s1:m3] getNow(hi1)
activate &quot;CacheResponse:5934e269-f46a-\n46ce-8fdc-ca69994086a9&quot;
&quot;CacheResponse:5934e269-f46a-\n46ce-8fdc-ca69994086a9&quot; --&gt; &quot;Thread:1044&quot; : [s1:r3; 460us] (response to getNow): \n107112283476864
deactivate &quot;CacheResponse:5934e269-f46a-\n46ce-8fdc-ca69994086a9&quot;
&quot;Thread:1044&quot; -&gt; &quot;CacheResponse:5934e269-f46a-\n46ce-8fdc-ca69994086a9&quot; : [s1:m5] getNow(hi2)
activate &quot;CacheResponse:5934e269-f46a-\n46ce-8fdc-ca69994086a9&quot;
&quot;CacheResponse:5934e269-f46a-\n46ce-8fdc-ca69994086a9&quot; --&gt; &quot;Thread:1044&quot; : [s1:r5; 71us] (response to getNow): \n107112283476864
deactivate &quot;CacheResponse:5934e269-f46a-\n46ce-8fdc-ca69994086a9&quot;

&gt;&gt;&gt;&gt;&gt;&gt;&gt;&gt;&gt; Test Dump for testCacheFlushWithMultipleInputs(cloud.orbit.actors.test.CacheResponseTest)
&gt;&gt;&gt;&gt;&gt;&gt;&gt;&gt;&gt; Error: java.lang.AssertionError: Values should be different. Actual: 107112283476864
	at org.junit.Assert.fail(Assert.java:88)
	at org.junit.Assert.failEquals(Assert.java:185)
	at org.junit.Assert.assertNotEquals(Assert.java:161)
	at org.junit.Assert.assertNotEquals(Assert.java:175)
	at cloud.orbit.actors.test.CacheResponseTest.testCacheFlushWithMultipleInputs(CacheResponseTest.java:173)
	at sun.reflect.NativeMethodAccessorImpl.invoke0(Native Method)
	at sun.reflect.NativeMethodAccessorImpl.invoke(NativeMethodAccessorImpl.java:62)
	at sun.reflect.DelegatingMethodAccessorImpl.invoke(DelegatingMethodAccessorImpl.java:43)
	at java.lang.reflect.Method.invoke(Method.java:498)
	at org.junit.runners.model.FrameworkMethod$1.runReflectiveCall(FrameworkMethod.java:50)
	at org.junit.internal.runners.model.ReflectiveCallable.run(ReflectiveCallable.java:12)
	at org.junit.runners.model.FrameworkMethod.invokeExplosively(FrameworkMethod.java:47)
	at org.junit.internal.runners.statements.InvokeMethod.evaluate(InvokeMethod.java:17)
	at org.junit.internal.runners.statements.FailOnTimeout$CallableStatement.call(FailOnTimeout.java:298)
	at org.junit.internal.runners.statements.FailOnTimeout$CallableStatement.call(FailOnTimeout.java:292)
	at java.util.concurrent.FutureTask.run(FutureTask.java:266)
	at java.lang.Thread.run(Thread.java:748)
&gt;&gt;&gt;&gt;&gt;&gt;&gt;&gt;&gt; Stages: 0
&gt;&gt;&gt;&gt;&gt;&gt;&gt;&gt;&gt; Clients: 0
&gt;&gt;&gt;&gt;&gt;&gt;&gt;&gt;&gt; Server Connections: 0
&gt;&gt;&gt;&gt;&gt;&gt;&gt;&gt;&gt; End
Message sequence diagram written to:
file:///home/suvarna/Vinay/Sept-2021/orbit-bc9f363f4cd6d926eea0e77a70a1dfad7acccfe4/actors/test/actor-tests/target/surefire-reports/cloud.orbit.actors.test.CacheResponseTest-testCacheFlushWithMultipleInputs-error.messages.puml
</system-out>
    <system-err>[main] INFO cloud.orbit.actors.Stage - Starting Stage...
[main] INFO cloud.orbit.actors.runtime.ClusterHandler - Connecting handler ClusterHandler...
[OrbitThread-16] INFO cloud.orbit.actors.Stage - Stage started [Orbit[VW8W7XIp4j9Yqn7B4fyLrB]]
[OrbitShutdownThread] INFO cloud.orbit.actors.runtime.ClusterHandler - Closing ClusterHandler... 
[OrbitShutdownThread] INFO cloud.orbit.actors.concurrent.WaitFreeMultiExecutionSerializer - Thread pool shutdown complete
</system-err>
  </testcase>
</testsuite>