-------------------------------------------------------------------------------
Test set: org.semanticweb.owlapitools.builders.test.BuildersEqualTestCase
-------------------------------------------------------------------------------
Tests run: 1, Failures: 0, Errors: 1, Skipped: 0, Time elapsed: 0.005 sec <<< FAILURE! - in org.semanticweb.owlapitools.builders.test.BuildersEqualTestCase
initializationError(org.semanticweb.owlapitools.builders.test.BuildersEqualTestCase)  Time elapsed: 0.005 sec  <<< ERROR!
java.lang.ClassCastException: uk.ac.manchester.cs.owl.owlapi.OWLObjectPropertyImplis not an OWLObjectPropertyExpression
	at org.semanticweb.owlapi.model.OWLPropertyExpression.asObjectPropertyExpression(OWLPropertyExpression.java:75)
	at org.semanticweb.owlapi.model.OWLHasKeyAxiom.lambda$objectPropertyExpressions$1(OWLHasKeyAxiom.java:94)
	at java.util.stream.ReferencePipeline$3$1.accept(ReferencePipeline.java:193)
	at java.util.stream.ReferencePipeline$2$1.accept(ReferencePipeline.java:175)
	at java.util.ArrayList$ArrayListSpliterator.forEachRemaining(ArrayList.java:1384)
	at java.util.stream.AbstractPipeline.copyInto(AbstractPipeline.java:482)
	at java.util.stream.AbstractPipeline.wrapAndCopyInto(AbstractPipeline.java:472)
	at java.util.stream.ForEachOps$ForEachOp.evaluateSequential(ForEachOps.java:150)
	at java.util.stream.ForEachOps$ForEachOp$OfRef.evaluateSequential(ForEachOps.java:173)
	at java.util.stream.AbstractPipeline.evaluate(AbstractPipeline.java:234)
	at java.util.stream.ReferencePipeline.forEach(ReferencePipeline.java:485)
	at org.semanticweb.owlapitools.builders.BaseSetBuilder.withItems(BaseSetBuilder.java:84)
	at org.semanticweb.owlapitools.builders.BuilderHasKey.<init>(BuilderHasKey.java:44)
	at org.semanticweb.owlapitools.builders.test.BuildersEqualTestCase.getData(BuildersEqualTestCase.java:265)

