-------------------------------------------------------------------------------
Test set: org.nutz.dao.test.normal.SimpleDaoTest
-------------------------------------------------------------------------------
Tests run: 41, Failures: 0, Errors: 41, Skipped: 0, Time elapsed: 0.004 sec <<< FAILURE!
test_dao_func(org.nutz.dao.test.normal.SimpleDaoTest)  Time elapsed: 0 sec  <<< ERROR!
org.nutz.ioc.IocException: [dao, dataSource, config] # FAIL to create Ioc Bean name=[config]
	at org.nutz.ioc.impl.ObjectMakerImpl.make(ObjectMakerImpl.java:149)
	at org.nutz.ioc.impl.NutIoc.get(NutIoc.java:201)
	at org.nutz.ioc.impl.NutIoc.get(NutIoc.java:227)
	at org.nutz.ioc.java.IocObjectNode.getValue(IocObjectNode.java:19)
	at org.nutz.ioc.java.ChainNode.eval(ChainNode.java:24)
	at org.nutz.ioc.java.ChainNode.eval(ChainNode.java:19)
	at org.nutz.ioc.val.JavaValue.get(JavaValue.java:69)
	at org.nutz.ioc.weaver.FieldInjector.inject(FieldInjector.java:31)
	at org.nutz.ioc.weaver.DefaultWeaver.fill(DefaultWeaver.java:56)
	at org.nutz.ioc.impl.ObjectMakerImpl.make(ObjectMakerImpl.java:135)
	at org.nutz.ioc.impl.NutIoc.get(NutIoc.java:201)
	at org.nutz.ioc.val.ReferValue.get(ReferValue.java:24)
	at org.nutz.ioc.impl.ObjectMakerImpl.make(ObjectMakerImpl.java:75)
	at org.nutz.ioc.impl.NutIoc.get(NutIoc.java:201)
	at org.nutz.ioc.impl.NutIoc.get(NutIoc.java:227)
	at org.nutz.dao.test.DaoCase.setUp(DaoCase.java:21)
	at sun.reflect.GeneratedMethodAccessor19.invoke(Unknown Source)
	at sun.reflect.DelegatingMethodAccessorImpl.invoke(DelegatingMethodAccessorImpl.java:43)
	at java.lang.reflect.Method.invoke(Method.java:498)
	at org.junit.runners.model.FrameworkMethod$1.runReflectiveCall(FrameworkMethod.java:44)
	at org.junit.internal.runners.model.ReflectiveCallable.run(ReflectiveCallable.java:15)
	at org.junit.runners.model.FrameworkMethod.invokeExplosively(FrameworkMethod.java:41)
	at org.junit.internal.runners.statements.RunBefores.evaluate(RunBefores.java:27)
	at org.junit.internal.runners.statements.RunAfters.evaluate(RunAfters.java:31)
	at org.junit.runners.BlockJUnit4ClassRunner.runNotIgnored(BlockJUnit4ClassRunner.java:79)
	at org.junit.runners.BlockJUnit4ClassRunner.runChild(BlockJUnit4ClassRunner.java:71)
	at org.junit.runners.BlockJUnit4ClassRunner.runChild(BlockJUnit4ClassRunner.java:49)
	at org.junit.runners.ParentRunner$3.run(ParentRunner.java:193)
	at org.junit.runners.ParentRunner$1.schedule(ParentRunner.java:52)
	at org.junit.runners.ParentRunner.runChildren(ParentRunner.java:191)
	at org.junit.runners.ParentRunner.access$000(ParentRunner.java:42)
	at org.junit.runners.ParentRunner$2.evaluate(ParentRunner.java:184)
	at org.junit.runners.ParentRunner.run(ParentRunner.java:236)
	at org.apache.maven.surefire.junit4.JUnit4Provider.execute(JUnit4Provider.java:252)
	at org.apache.maven.surefire.junit4.JUnit4Provider.executeTestSet(JUnit4Provider.java:141)
	at org.apache.maven.surefire.junit4.JUnit4Provider.invoke(JUnit4Provider.java:112)
	at sun.reflect.NativeMethodAccessorImpl.invoke0(Native Method)
	at sun.reflect.NativeMethodAccessorImpl.invoke(NativeMethodAccessorImpl.java:62)
	at sun.reflect.DelegatingMethodAccessorImpl.invoke(DelegatingMethodAccessorImpl.java:43)
	at java.lang.reflect.Method.invoke(Method.java:498)
	at org.apache.maven.surefire.util.ReflectionUtils.invokeMethodWithArray(ReflectionUtils.java:189)
	at org.apache.maven.surefire.booter.ProviderFactory$ProviderProxy.invoke(ProviderFactory.java:165)
	at org.apache.maven.surefire.booter.ProviderFactory.invokeProvider(ProviderFactory.java:85)
	at org.apache.maven.surefire.booter.ForkedBooter.runSuitesInProcess(ForkedBooter.java:115)
	at org.apache.maven.surefire.booter.ForkedBooter.main(ForkedBooter.java:75)
Caused by: java.lang.RuntimeException: Fail to set '[nutz-test.properties]'[ [Ljava.lang.String;@2f803d8 ] by setter org.nutz.ioc.impl.PropertiesProxy.'setPaths()' because [java.lang.RuntimeException: folder or file like '^.+[.]properties$' no found in nutz-test.properties]: folder or file like '^.+[.]properties$' no found in nutz-test.properties
	at org.nutz.lang.Lang.makeThrow(Lang.java:104)
	at org.nutz.lang.inject.InjectBySetter.inject(InjectBySetter.java:44)
	at org.nutz.ioc.weaver.FieldInjector.inject(FieldInjector.java:32)
	at org.nutz.ioc.weaver.DefaultWeaver.fill(DefaultWeaver.java:56)
	at org.nutz.ioc.impl.ObjectMakerImpl.make(ObjectMakerImpl.java:135)
	... 44 more

test_escape_char(org.nutz.dao.test.normal.SimpleDaoTest)  Time elapsed: 0 sec  <<< ERROR!
org.nutz.ioc.IocException: [dao, dataSource, config] # FAIL to create Ioc Bean name=[config]
	at org.nutz.ioc.impl.ObjectMakerImpl.make(ObjectMakerImpl.java:149)
	at org.nutz.ioc.impl.NutIoc.get(NutIoc.java:201)
	at org.nutz.ioc.impl.NutIoc.get(NutIoc.java:227)
	at org.nutz.ioc.java.IocObjectNode.getValue(IocObjectNode.java:19)
	at org.nutz.ioc.java.ChainNode.eval(ChainNode.java:24)
	at org.nutz.ioc.java.ChainNode.eval(ChainNode.java:19)
	at org.nutz.ioc.val.JavaValue.get(JavaValue.java:69)
	at org.nutz.ioc.weaver.FieldInjector.inject(FieldInjector.java:31)
	at org.nutz.ioc.weaver.DefaultWeaver.fill(DefaultWeaver.java:56)
	at org.nutz.ioc.impl.ObjectMakerImpl.make(ObjectMakerImpl.java:135)
	at org.nutz.ioc.impl.NutIoc.get(NutIoc.java:201)
	at org.nutz.ioc.val.ReferValue.get(ReferValue.java:24)
	at org.nutz.ioc.impl.ObjectMakerImpl.make(ObjectMakerImpl.java:75)
	at org.nutz.ioc.impl.NutIoc.get(NutIoc.java:201)
	at org.nutz.ioc.impl.NutIoc.get(NutIoc.java:227)
	at org.nutz.dao.test.DaoCase.setUp(DaoCase.java:21)
	at sun.reflect.GeneratedMethodAccessor19.invoke(Unknown Source)
	at sun.reflect.DelegatingMethodAccessorImpl.invoke(DelegatingMethodAccessorImpl.java:43)
	at java.lang.reflect.Method.invoke(Method.java:498)
	at org.junit.runners.model.FrameworkMethod$1.runReflectiveCall(FrameworkMethod.java:44)
	at org.junit.internal.runners.model.ReflectiveCallable.run(ReflectiveCallable.java:15)
	at org.junit.runners.model.FrameworkMethod.invokeExplosively(FrameworkMethod.java:41)
	at org.junit.internal.runners.statements.RunBefores.evaluate(RunBefores.java:27)
	at org.junit.internal.runners.statements.RunAfters.evaluate(RunAfters.java:31)
	at org.junit.runners.BlockJUnit4ClassRunner.runNotIgnored(BlockJUnit4ClassRunner.java:79)
	at org.junit.runners.BlockJUnit4ClassRunner.runChild(BlockJUnit4ClassRunner.java:71)
	at org.junit.runners.BlockJUnit4ClassRunner.runChild(BlockJUnit4ClassRunner.java:49)
	at org.junit.runners.ParentRunner$3.run(ParentRunner.java:193)
	at org.junit.runners.ParentRunner$1.schedule(ParentRunner.java:52)
	at org.junit.runners.ParentRunner.runChildren(ParentRunner.java:191)
	at org.junit.runners.ParentRunner.access$000(ParentRunner.java:42)
	at org.junit.runners.ParentRunner$2.evaluate(ParentRunner.java:184)
	at org.junit.runners.ParentRunner.run(ParentRunner.java:236)
	at org.apache.maven.surefire.junit4.JUnit4Provider.execute(JUnit4Provider.java:252)
	at org.apache.maven.surefire.junit4.JUnit4Provider.executeTestSet(JUnit4Provider.java:141)
	at org.apache.maven.surefire.junit4.JUnit4Provider.invoke(JUnit4Provider.java:112)
	at sun.reflect.NativeMethodAccessorImpl.invoke0(Native Method)
	at sun.reflect.NativeMethodAccessorImpl.invoke(NativeMethodAccessorImpl.java:62)
	at sun.reflect.DelegatingMethodAccessorImpl.invoke(DelegatingMethodAccessorImpl.java:43)
	at java.lang.reflect.Method.invoke(Method.java:498)
	at org.apache.maven.surefire.util.ReflectionUtils.invokeMethodWithArray(ReflectionUtils.java:189)
	at org.apache.maven.surefire.booter.ProviderFactory$ProviderProxy.invoke(ProviderFactory.java:165)
	at org.apache.maven.surefire.booter.ProviderFactory.invokeProvider(ProviderFactory.java:85)
	at org.apache.maven.surefire.booter.ForkedBooter.runSuitesInProcess(ForkedBooter.java:115)
	at org.apache.maven.surefire.booter.ForkedBooter.main(ForkedBooter.java:75)
Caused by: java.lang.RuntimeException: Fail to set '[nutz-test.properties]'[ [Ljava.lang.String;@34ccce55 ] by setter org.nutz.ioc.impl.PropertiesProxy.'setPaths()' because [java.lang.RuntimeException: folder or file like '^.+[.]properties$' no found in nutz-test.properties]: folder or file like '^.+[.]properties$' no found in nutz-test.properties
	at org.nutz.lang.Lang.makeThrow(Lang.java:104)
	at org.nutz.lang.inject.InjectBySetter.inject(InjectBySetter.java:44)
	at org.nutz.ioc.weaver.FieldInjector.inject(FieldInjector.java:32)
	at org.nutz.ioc.weaver.DefaultWeaver.fill(DefaultWeaver.java:56)
	at org.nutz.ioc.impl.ObjectMakerImpl.make(ObjectMakerImpl.java:135)
	... 44 more

test_simple_fetch_record(org.nutz.dao.test.normal.SimpleDaoTest)  Time elapsed: 0 sec  <<< ERROR!
org.nutz.ioc.IocException: [dao, dataSource, config] # FAIL to create Ioc Bean name=[config]
	at org.nutz.ioc.impl.ObjectMakerImpl.make(ObjectMakerImpl.java:149)
	at org.nutz.ioc.impl.NutIoc.get(NutIoc.java:201)
	at org.nutz.ioc.impl.NutIoc.get(NutIoc.java:227)
	at org.nutz.ioc.java.IocObjectNode.getValue(IocObjectNode.java:19)
	at org.nutz.ioc.java.ChainNode.eval(ChainNode.java:24)
	at org.nutz.ioc.java.ChainNode.eval(ChainNode.java:19)
	at org.nutz.ioc.val.JavaValue.get(JavaValue.java:69)
	at org.nutz.ioc.weaver.FieldInjector.inject(FieldInjector.java:31)
	at org.nutz.ioc.weaver.DefaultWeaver.fill(DefaultWeaver.java:56)
	at org.nutz.ioc.impl.ObjectMakerImpl.make(ObjectMakerImpl.java:135)
	at org.nutz.ioc.impl.NutIoc.get(NutIoc.java:201)
	at org.nutz.ioc.val.ReferValue.get(ReferValue.java:24)
	at org.nutz.ioc.impl.ObjectMakerImpl.make(ObjectMakerImpl.java:75)
	at org.nutz.ioc.impl.NutIoc.get(NutIoc.java:201)
	at org.nutz.ioc.impl.NutIoc.get(NutIoc.java:227)
	at org.nutz.dao.test.DaoCase.setUp(DaoCase.java:21)
	at sun.reflect.GeneratedMethodAccessor19.invoke(Unknown Source)
	at sun.reflect.DelegatingMethodAccessorImpl.invoke(DelegatingMethodAccessorImpl.java:43)
	at java.lang.reflect.Method.invoke(Method.java:498)
	at org.junit.runners.model.FrameworkMethod$1.runReflectiveCall(FrameworkMethod.java:44)
	at org.junit.internal.runners.model.ReflectiveCallable.run(ReflectiveCallable.java:15)
	at org.junit.runners.model.FrameworkMethod.invokeExplosively(FrameworkMethod.java:41)
	at org.junit.internal.runners.statements.RunBefores.evaluate(RunBefores.java:27)
	at org.junit.internal.runners.statements.RunAfters.evaluate(RunAfters.java:31)
	at org.junit.runners.BlockJUnit4ClassRunner.runNotIgnored(BlockJUnit4ClassRunner.java:79)
	at org.junit.runners.BlockJUnit4ClassRunner.runChild(BlockJUnit4ClassRunner.java:71)
	at org.junit.runners.BlockJUnit4ClassRunner.runChild(BlockJUnit4ClassRunner.java:49)
	at org.junit.runners.ParentRunner$3.run(ParentRunner.java:193)
	at org.junit.runners.ParentRunner$1.schedule(ParentRunner.java:52)
	at org.junit.runners.ParentRunner.runChildren(ParentRunner.java:191)
	at org.junit.runners.ParentRunner.access$000(ParentRunner.java:42)
	at org.junit.runners.ParentRunner$2.evaluate(ParentRunner.java:184)
	at org.junit.runners.ParentRunner.run(ParentRunner.java:236)
	at org.apache.maven.surefire.junit4.JUnit4Provider.execute(JUnit4Provider.java:252)
	at org.apache.maven.surefire.junit4.JUnit4Provider.executeTestSet(JUnit4Provider.java:141)
	at org.apache.maven.surefire.junit4.JUnit4Provider.invoke(JUnit4Provider.java:112)
	at sun.reflect.NativeMethodAccessorImpl.invoke0(Native Method)
	at sun.reflect.NativeMethodAccessorImpl.invoke(NativeMethodAccessorImpl.java:62)
	at sun.reflect.DelegatingMethodAccessorImpl.invoke(DelegatingMethodAccessorImpl.java:43)
	at java.lang.reflect.Method.invoke(Method.java:498)
	at org.apache.maven.surefire.util.ReflectionUtils.invokeMethodWithArray(ReflectionUtils.java:189)
	at org.apache.maven.surefire.booter.ProviderFactory$ProviderProxy.invoke(ProviderFactory.java:165)
	at org.apache.maven.surefire.booter.ProviderFactory.invokeProvider(ProviderFactory.java:85)
	at org.apache.maven.surefire.booter.ForkedBooter.runSuitesInProcess(ForkedBooter.java:115)
	at org.apache.maven.surefire.booter.ForkedBooter.main(ForkedBooter.java:75)
Caused by: java.lang.RuntimeException: Fail to set '[nutz-test.properties]'[ [Ljava.lang.String;@6298dafb ] by setter org.nutz.ioc.impl.PropertiesProxy.'setPaths()' because [java.lang.RuntimeException: folder or file like '^.+[.]properties$' no found in nutz-test.properties]: folder or file like '^.+[.]properties$' no found in nutz-test.properties
	at org.nutz.lang.Lang.makeThrow(Lang.java:104)
	at org.nutz.lang.inject.InjectBySetter.inject(InjectBySetter.java:44)
	at org.nutz.ioc.weaver.FieldInjector.inject(FieldInjector.java:32)
	at org.nutz.ioc.weaver.DefaultWeaver.fill(DefaultWeaver.java:56)
	at org.nutz.ioc.impl.ObjectMakerImpl.make(ObjectMakerImpl.java:135)
	... 44 more

test_delete_list(org.nutz.dao.test.normal.SimpleDaoTest)  Time elapsed: 0 sec  <<< ERROR!
org.nutz.ioc.IocException: [dao, dataSource, config] # FAIL to create Ioc Bean name=[config]
	at org.nutz.ioc.impl.ObjectMakerImpl.make(ObjectMakerImpl.java:149)
	at org.nutz.ioc.impl.NutIoc.get(NutIoc.java:201)
	at org.nutz.ioc.impl.NutIoc.get(NutIoc.java:227)
	at org.nutz.ioc.java.IocObjectNode.getValue(IocObjectNode.java:19)
	at org.nutz.ioc.java.ChainNode.eval(ChainNode.java:24)
	at org.nutz.ioc.java.ChainNode.eval(ChainNode.java:19)
	at org.nutz.ioc.val.JavaValue.get(JavaValue.java:69)
	at org.nutz.ioc.weaver.FieldInjector.inject(FieldInjector.java:31)
	at org.nutz.ioc.weaver.DefaultWeaver.fill(DefaultWeaver.java:56)
	at org.nutz.ioc.impl.ObjectMakerImpl.make(ObjectMakerImpl.java:135)
	at org.nutz.ioc.impl.NutIoc.get(NutIoc.java:201)
	at org.nutz.ioc.val.ReferValue.get(ReferValue.java:24)
	at org.nutz.ioc.impl.ObjectMakerImpl.make(ObjectMakerImpl.java:75)
	at org.nutz.ioc.impl.NutIoc.get(NutIoc.java:201)
	at org.nutz.ioc.impl.NutIoc.get(NutIoc.java:227)
	at org.nutz.dao.test.DaoCase.setUp(DaoCase.java:21)
	at sun.reflect.GeneratedMethodAccessor19.invoke(Unknown Source)
	at sun.reflect.DelegatingMethodAccessorImpl.invoke(DelegatingMethodAccessorImpl.java:43)
	at java.lang.reflect.Method.invoke(Method.java:498)
	at org.junit.runners.model.FrameworkMethod$1.runReflectiveCall(FrameworkMethod.java:44)
	at org.junit.internal.runners.model.ReflectiveCallable.run(ReflectiveCallable.java:15)
	at org.junit.runners.model.FrameworkMethod.invokeExplosively(FrameworkMethod.java:41)
	at org.junit.internal.runners.statements.RunBefores.evaluate(RunBefores.java:27)
	at org.junit.internal.runners.statements.RunAfters.evaluate(RunAfters.java:31)
	at org.junit.runners.BlockJUnit4ClassRunner.runNotIgnored(BlockJUnit4ClassRunner.java:79)
	at org.junit.runners.BlockJUnit4ClassRunner.runChild(BlockJUnit4ClassRunner.java:71)
	at org.junit.runners.BlockJUnit4ClassRunner.runChild(BlockJUnit4ClassRunner.java:49)
	at org.junit.runners.ParentRunner$3.run(ParentRunner.java:193)
	at org.junit.runners.ParentRunner$1.schedule(ParentRunner.java:52)
	at org.junit.runners.ParentRunner.runChildren(ParentRunner.java:191)
	at org.junit.runners.ParentRunner.access$000(ParentRunner.java:42)
	at org.junit.runners.ParentRunner$2.evaluate(ParentRunner.java:184)
	at org.junit.runners.ParentRunner.run(ParentRunner.java:236)
	at org.apache.maven.surefire.junit4.JUnit4Provider.execute(JUnit4Provider.java:252)
	at org.apache.maven.surefire.junit4.JUnit4Provider.executeTestSet(JUnit4Provider.java:141)
	at org.apache.maven.surefire.junit4.JUnit4Provider.invoke(JUnit4Provider.java:112)
	at sun.reflect.NativeMethodAccessorImpl.invoke0(Native Method)
	at sun.reflect.NativeMethodAccessorImpl.invoke(NativeMethodAccessorImpl.java:62)
	at sun.reflect.DelegatingMethodAccessorImpl.invoke(DelegatingMethodAccessorImpl.java:43)
	at java.lang.reflect.Method.invoke(Method.java:498)
	at org.apache.maven.surefire.util.ReflectionUtils.invokeMethodWithArray(ReflectionUtils.java:189)
	at org.apache.maven.surefire.booter.ProviderFactory$ProviderProxy.invoke(ProviderFactory.java:165)
	at org.apache.maven.surefire.booter.ProviderFactory.invokeProvider(ProviderFactory.java:85)
	at org.apache.maven.surefire.booter.ForkedBooter.runSuitesInProcess(ForkedBooter.java:115)
	at org.apache.maven.surefire.booter.ForkedBooter.main(ForkedBooter.java:75)
Caused by: java.lang.RuntimeException: Fail to set '[nutz-test.properties]'[ [Ljava.lang.String;@2b3b25ad ] by setter org.nutz.ioc.impl.PropertiesProxy.'setPaths()' because [java.lang.RuntimeException: folder or file like '^.+[.]properties$' no found in nutz-test.properties]: folder or file like '^.+[.]properties$' no found in nutz-test.properties
	at org.nutz.lang.Lang.makeThrow(Lang.java:104)
	at org.nutz.lang.inject.InjectBySetter.inject(InjectBySetter.java:44)
	at org.nutz.ioc.weaver.FieldInjector.inject(FieldInjector.java:32)
	at org.nutz.ioc.weaver.DefaultWeaver.fill(DefaultWeaver.java:56)
	at org.nutz.ioc.impl.ObjectMakerImpl.make(ObjectMakerImpl.java:135)
	... 44 more

test_simple_update(org.nutz.dao.test.normal.SimpleDaoTest)  Time elapsed: 0 sec  <<< ERROR!
org.nutz.ioc.IocException: [dao, dataSource, config] # FAIL to create Ioc Bean name=[config]
	at org.nutz.ioc.impl.ObjectMakerImpl.make(ObjectMakerImpl.java:149)
	at org.nutz.ioc.impl.NutIoc.get(NutIoc.java:201)
	at org.nutz.ioc.impl.NutIoc.get(NutIoc.java:227)
	at org.nutz.ioc.java.IocObjectNode.getValue(IocObjectNode.java:19)
	at org.nutz.ioc.java.ChainNode.eval(ChainNode.java:24)
	at org.nutz.ioc.java.ChainNode.eval(ChainNode.java:19)
	at org.nutz.ioc.val.JavaValue.get(JavaValue.java:69)
	at org.nutz.ioc.weaver.FieldInjector.inject(FieldInjector.java:31)
	at org.nutz.ioc.weaver.DefaultWeaver.fill(DefaultWeaver.java:56)
	at org.nutz.ioc.impl.ObjectMakerImpl.make(ObjectMakerImpl.java:135)
	at org.nutz.ioc.impl.NutIoc.get(NutIoc.java:201)
	at org.nutz.ioc.val.ReferValue.get(ReferValue.java:24)
	at org.nutz.ioc.impl.ObjectMakerImpl.make(ObjectMakerImpl.java:75)
	at org.nutz.ioc.impl.NutIoc.get(NutIoc.java:201)
	at org.nutz.ioc.impl.NutIoc.get(NutIoc.java:227)
	at org.nutz.dao.test.DaoCase.setUp(DaoCase.java:21)
	at sun.reflect.GeneratedMethodAccessor19.invoke(Unknown Source)
	at sun.reflect.DelegatingMethodAccessorImpl.invoke(DelegatingMethodAccessorImpl.java:43)
	at java.lang.reflect.Method.invoke(Method.java:498)
	at org.junit.runners.model.FrameworkMethod$1.runReflectiveCall(FrameworkMethod.java:44)
	at org.junit.internal.runners.model.ReflectiveCallable.run(ReflectiveCallable.java:15)
	at org.junit.runners.model.FrameworkMethod.invokeExplosively(FrameworkMethod.java:41)
	at org.junit.internal.runners.statements.RunBefores.evaluate(RunBefores.java:27)
	at org.junit.internal.runners.statements.RunAfters.evaluate(RunAfters.java:31)
	at org.junit.runners.BlockJUnit4ClassRunner.runNotIgnored(BlockJUnit4ClassRunner.java:79)
	at org.junit.runners.BlockJUnit4ClassRunner.runChild(BlockJUnit4ClassRunner.java:71)
	at org.junit.runners.BlockJUnit4ClassRunner.runChild(BlockJUnit4ClassRunner.java:49)
	at org.junit.runners.ParentRunner$3.run(ParentRunner.java:193)
	at org.junit.runners.ParentRunner$1.schedule(ParentRunner.java:52)
	at org.junit.runners.ParentRunner.runChildren(ParentRunner.java:191)
	at org.junit.runners.ParentRunner.access$000(ParentRunner.java:42)
	at org.junit.runners.ParentRunner$2.evaluate(ParentRunner.java:184)
	at org.junit.runners.ParentRunner.run(ParentRunner.java:236)
	at org.apache.maven.surefire.junit4.JUnit4Provider.execute(JUnit4Provider.java:252)
	at org.apache.maven.surefire.junit4.JUnit4Provider.executeTestSet(JUnit4Provider.java:141)
	at org.apache.maven.surefire.junit4.JUnit4Provider.invoke(JUnit4Provider.java:112)
	at sun.reflect.NativeMethodAccessorImpl.invoke0(Native Method)
	at sun.reflect.NativeMethodAccessorImpl.invoke(NativeMethodAccessorImpl.java:62)
	at sun.reflect.DelegatingMethodAccessorImpl.invoke(DelegatingMethodAccessorImpl.java:43)
	at java.lang.reflect.Method.invoke(Method.java:498)
	at org.apache.maven.surefire.util.ReflectionUtils.invokeMethodWithArray(ReflectionUtils.java:189)
	at org.apache.maven.surefire.booter.ProviderFactory$ProviderProxy.invoke(ProviderFactory.java:165)
	at org.apache.maven.surefire.booter.ProviderFactory.invokeProvider(ProviderFactory.java:85)
	at org.apache.maven.surefire.booter.ForkedBooter.runSuitesInProcess(ForkedBooter.java:115)
	at org.apache.maven.surefire.booter.ForkedBooter.main(ForkedBooter.java:75)
Caused by: java.lang.RuntimeException: Fail to set '[nutz-test.properties]'[ [Ljava.lang.String;@4c04188 ] by setter org.nutz.ioc.impl.PropertiesProxy.'setPaths()' because [java.lang.RuntimeException: folder or file like '^.+[.]properties$' no found in nutz-test.properties]: folder or file like '^.+[.]properties$' no found in nutz-test.properties
	at org.nutz.lang.Lang.makeThrow(Lang.java:104)
	at org.nutz.lang.inject.InjectBySetter.inject(InjectBySetter.java:44)
	at org.nutz.ioc.weaver.FieldInjector.inject(FieldInjector.java:32)
	at org.nutz.ioc.weaver.DefaultWeaver.fill(DefaultWeaver.java:56)
	at org.nutz.ioc.impl.ObjectMakerImpl.make(ObjectMakerImpl.java:135)
	... 44 more

test_fetch_by_condition_in_special_char(org.nutz.dao.test.normal.SimpleDaoTest)  Time elapsed: 0 sec  <<< ERROR!
org.nutz.ioc.IocException: [dao, dataSource, config] # FAIL to create Ioc Bean name=[config]
	at org.nutz.ioc.impl.ObjectMakerImpl.make(ObjectMakerImpl.java:149)
	at org.nutz.ioc.impl.NutIoc.get(NutIoc.java:201)
	at org.nutz.ioc.impl.NutIoc.get(NutIoc.java:227)
	at org.nutz.ioc.java.IocObjectNode.getValue(IocObjectNode.java:19)
	at org.nutz.ioc.java.ChainNode.eval(ChainNode.java:24)
	at org.nutz.ioc.java.ChainNode.eval(ChainNode.java:19)
	at org.nutz.ioc.val.JavaValue.get(JavaValue.java:69)
	at org.nutz.ioc.weaver.FieldInjector.inject(FieldInjector.java:31)
	at org.nutz.ioc.weaver.DefaultWeaver.fill(DefaultWeaver.java:56)
	at org.nutz.ioc.impl.ObjectMakerImpl.make(ObjectMakerImpl.java:135)
	at org.nutz.ioc.impl.NutIoc.get(NutIoc.java:201)
	at org.nutz.ioc.val.ReferValue.get(ReferValue.java:24)
	at org.nutz.ioc.impl.ObjectMakerImpl.make(ObjectMakerImpl.java:75)
	at org.nutz.ioc.impl.NutIoc.get(NutIoc.java:201)
	at org.nutz.ioc.impl.NutIoc.get(NutIoc.java:227)
	at org.nutz.dao.test.DaoCase.setUp(DaoCase.java:21)
	at sun.reflect.GeneratedMethodAccessor19.invoke(Unknown Source)
	at sun.reflect.DelegatingMethodAccessorImpl.invoke(DelegatingMethodAccessorImpl.java:43)
	at java.lang.reflect.Method.invoke(Method.java:498)
	at org.junit.runners.model.FrameworkMethod$1.runReflectiveCall(FrameworkMethod.java:44)
	at org.junit.internal.runners.model.ReflectiveCallable.run(ReflectiveCallable.java:15)
	at org.junit.runners.model.FrameworkMethod.invokeExplosively(FrameworkMethod.java:41)
	at org.junit.internal.runners.statements.RunBefores.evaluate(RunBefores.java:27)
	at org.junit.internal.runners.statements.RunAfters.evaluate(RunAfters.java:31)
	at org.junit.runners.BlockJUnit4ClassRunner.runNotIgnored(BlockJUnit4ClassRunner.java:79)
	at org.junit.runners.BlockJUnit4ClassRunner.runChild(BlockJUnit4ClassRunner.java:71)
	at org.junit.runners.BlockJUnit4ClassRunner.runChild(BlockJUnit4ClassRunner.java:49)
	at org.junit.runners.ParentRunner$3.run(ParentRunner.java:193)
	at org.junit.runners.ParentRunner$1.schedule(ParentRunner.java:52)
	at org.junit.runners.ParentRunner.runChildren(ParentRunner.java:191)
	at org.junit.runners.ParentRunner.access$000(ParentRunner.java:42)
	at org.junit.runners.ParentRunner$2.evaluate(ParentRunner.java:184)
	at org.junit.runners.ParentRunner.run(ParentRunner.java:236)
	at org.apache.maven.surefire.junit4.JUnit4Provider.execute(JUnit4Provider.java:252)
	at org.apache.maven.surefire.junit4.JUnit4Provider.executeTestSet(JUnit4Provider.java:141)
	at org.apache.maven.surefire.junit4.JUnit4Provider.invoke(JUnit4Provider.java:112)
	at sun.reflect.NativeMethodAccessorImpl.invoke0(Native Method)
	at sun.reflect.NativeMethodAccessorImpl.invoke(NativeMethodAccessorImpl.java:62)
	at sun.reflect.DelegatingMethodAccessorImpl.invoke(DelegatingMethodAccessorImpl.java:43)
	at java.lang.reflect.Method.invoke(Method.java:498)
	at org.apache.maven.surefire.util.ReflectionUtils.invokeMethodWithArray(ReflectionUtils.java:189)
	at org.apache.maven.surefire.booter.ProviderFactory$ProviderProxy.invoke(ProviderFactory.java:165)
	at org.apache.maven.surefire.booter.ProviderFactory.invokeProvider(ProviderFactory.java:85)
	at org.apache.maven.surefire.booter.ForkedBooter.runSuitesInProcess(ForkedBooter.java:115)
	at org.apache.maven.surefire.booter.ForkedBooter.main(ForkedBooter.java:75)
Caused by: java.lang.RuntimeException: Fail to set '[nutz-test.properties]'[ [Ljava.lang.String;@641bd93e ] by setter org.nutz.ioc.impl.PropertiesProxy.'setPaths()' because [java.lang.RuntimeException: folder or file like '^.+[.]properties$' no found in nutz-test.properties]: folder or file like '^.+[.]properties$' no found in nutz-test.properties
	at org.nutz.lang.Lang.makeThrow(Lang.java:104)
	at org.nutz.lang.inject.InjectBySetter.inject(InjectBySetter.java:44)
	at org.nutz.ioc.weaver.FieldInjector.inject(FieldInjector.java:32)
	at org.nutz.ioc.weaver.DefaultWeaver.fill(DefaultWeaver.java:56)
	at org.nutz.ioc.impl.ObjectMakerImpl.make(ObjectMakerImpl.java:135)
	... 44 more

test_count_with_entity(org.nutz.dao.test.normal.SimpleDaoTest)  Time elapsed: 0 sec  <<< ERROR!
org.nutz.ioc.IocException: [dao, dataSource, config] # FAIL to create Ioc Bean name=[config]
	at org.nutz.ioc.impl.ObjectMakerImpl.make(ObjectMakerImpl.java:149)
	at org.nutz.ioc.impl.NutIoc.get(NutIoc.java:201)
	at org.nutz.ioc.impl.NutIoc.get(NutIoc.java:227)
	at org.nutz.ioc.java.IocObjectNode.getValue(IocObjectNode.java:19)
	at org.nutz.ioc.java.ChainNode.eval(ChainNode.java:24)
	at org.nutz.ioc.java.ChainNode.eval(ChainNode.java:19)
	at org.nutz.ioc.val.JavaValue.get(JavaValue.java:69)
	at org.nutz.ioc.weaver.FieldInjector.inject(FieldInjector.java:31)
	at org.nutz.ioc.weaver.DefaultWeaver.fill(DefaultWeaver.java:56)
	at org.nutz.ioc.impl.ObjectMakerImpl.make(ObjectMakerImpl.java:135)
	at org.nutz.ioc.impl.NutIoc.get(NutIoc.java:201)
	at org.nutz.ioc.val.ReferValue.get(ReferValue.java:24)
	at org.nutz.ioc.impl.ObjectMakerImpl.make(ObjectMakerImpl.java:75)
	at org.nutz.ioc.impl.NutIoc.get(NutIoc.java:201)
	at org.nutz.ioc.impl.NutIoc.get(NutIoc.java:227)
	at org.nutz.dao.test.DaoCase.setUp(DaoCase.java:21)
	at sun.reflect.GeneratedMethodAccessor19.invoke(Unknown Source)
	at sun.reflect.DelegatingMethodAccessorImpl.invoke(DelegatingMethodAccessorImpl.java:43)
	at java.lang.reflect.Method.invoke(Method.java:498)
	at org.junit.runners.model.FrameworkMethod$1.runReflectiveCall(FrameworkMethod.java:44)
	at org.junit.internal.runners.model.ReflectiveCallable.run(ReflectiveCallable.java:15)
	at org.junit.runners.model.FrameworkMethod.invokeExplosively(FrameworkMethod.java:41)
	at org.junit.internal.runners.statements.RunBefores.evaluate(RunBefores.java:27)
	at org.junit.internal.runners.statements.RunAfters.evaluate(RunAfters.java:31)
	at org.junit.runners.BlockJUnit4ClassRunner.runNotIgnored(BlockJUnit4ClassRunner.java:79)
	at org.junit.runners.BlockJUnit4ClassRunner.runChild(BlockJUnit4ClassRunner.java:71)
	at org.junit.runners.BlockJUnit4ClassRunner.runChild(BlockJUnit4ClassRunner.java:49)
	at org.junit.runners.ParentRunner$3.run(ParentRunner.java:193)
	at org.junit.runners.ParentRunner$1.schedule(ParentRunner.java:52)
	at org.junit.runners.ParentRunner.runChildren(ParentRunner.java:191)
	at org.junit.runners.ParentRunner.access$000(ParentRunner.java:42)
	at org.junit.runners.ParentRunner$2.evaluate(ParentRunner.java:184)
	at org.junit.runners.ParentRunner.run(ParentRunner.java:236)
	at org.apache.maven.surefire.junit4.JUnit4Provider.execute(JUnit4Provider.java:252)
	at org.apache.maven.surefire.junit4.JUnit4Provider.executeTestSet(JUnit4Provider.java:141)
	at org.apache.maven.surefire.junit4.JUnit4Provider.invoke(JUnit4Provider.java:112)
	at sun.reflect.NativeMethodAccessorImpl.invoke0(Native Method)
	at sun.reflect.NativeMethodAccessorImpl.invoke(NativeMethodAccessorImpl.java:62)
	at sun.reflect.DelegatingMethodAccessorImpl.invoke(DelegatingMethodAccessorImpl.java:43)
	at java.lang.reflect.Method.invoke(Method.java:498)
	at org.apache.maven.surefire.util.ReflectionUtils.invokeMethodWithArray(ReflectionUtils.java:189)
	at org.apache.maven.surefire.booter.ProviderFactory$ProviderProxy.invoke(ProviderFactory.java:165)
	at org.apache.maven.surefire.booter.ProviderFactory.invokeProvider(ProviderFactory.java:85)
	at org.apache.maven.surefire.booter.ForkedBooter.runSuitesInProcess(ForkedBooter.java:115)
	at org.apache.maven.surefire.booter.ForkedBooter.main(ForkedBooter.java:75)
Caused by: java.lang.RuntimeException: Fail to set '[nutz-test.properties]'[ [Ljava.lang.String;@445265b0 ] by setter org.nutz.ioc.impl.PropertiesProxy.'setPaths()' because [java.lang.RuntimeException: folder or file like '^.+[.]properties$' no found in nutz-test.properties]: folder or file like '^.+[.]properties$' no found in nutz-test.properties
	at org.nutz.lang.Lang.makeThrow(Lang.java:104)
	at org.nutz.lang.inject.InjectBySetter.inject(InjectBySetter.java:44)
	at org.nutz.ioc.weaver.FieldInjector.inject(FieldInjector.java:32)
	at org.nutz.ioc.weaver.DefaultWeaver.fill(DefaultWeaver.java:56)
	at org.nutz.ioc.impl.ObjectMakerImpl.make(ObjectMakerImpl.java:135)
	... 44 more

test_table_exists(org.nutz.dao.test.normal.SimpleDaoTest)  Time elapsed: 0.001 sec  <<< ERROR!
org.nutz.ioc.IocException: [dao, dataSource, config] # FAIL to create Ioc Bean name=[config]
	at org.nutz.ioc.impl.ObjectMakerImpl.make(ObjectMakerImpl.java:149)
	at org.nutz.ioc.impl.NutIoc.get(NutIoc.java:201)
	at org.nutz.ioc.impl.NutIoc.get(NutIoc.java:227)
	at org.nutz.ioc.java.IocObjectNode.getValue(IocObjectNode.java:19)
	at org.nutz.ioc.java.ChainNode.eval(ChainNode.java:24)
	at org.nutz.ioc.java.ChainNode.eval(ChainNode.java:19)
	at org.nutz.ioc.val.JavaValue.get(JavaValue.java:69)
	at org.nutz.ioc.weaver.FieldInjector.inject(FieldInjector.java:31)
	at org.nutz.ioc.weaver.DefaultWeaver.fill(DefaultWeaver.java:56)
	at org.nutz.ioc.impl.ObjectMakerImpl.make(ObjectMakerImpl.java:135)
	at org.nutz.ioc.impl.NutIoc.get(NutIoc.java:201)
	at org.nutz.ioc.val.ReferValue.get(ReferValue.java:24)
	at org.nutz.ioc.impl.ObjectMakerImpl.make(ObjectMakerImpl.java:75)
	at org.nutz.ioc.impl.NutIoc.get(NutIoc.java:201)
	at org.nutz.ioc.impl.NutIoc.get(NutIoc.java:227)
	at org.nutz.dao.test.DaoCase.setUp(DaoCase.java:21)
	at sun.reflect.GeneratedMethodAccessor19.invoke(Unknown Source)
	at sun.reflect.DelegatingMethodAccessorImpl.invoke(DelegatingMethodAccessorImpl.java:43)
	at java.lang.reflect.Method.invoke(Method.java:498)
	at org.junit.runners.model.FrameworkMethod$1.runReflectiveCall(FrameworkMethod.java:44)
	at org.junit.internal.runners.model.ReflectiveCallable.run(ReflectiveCallable.java:15)
	at org.junit.runners.model.FrameworkMethod.invokeExplosively(FrameworkMethod.java:41)
	at org.junit.internal.runners.statements.RunBefores.evaluate(RunBefores.java:27)
	at org.junit.internal.runners.statements.RunAfters.evaluate(RunAfters.java:31)
	at org.junit.runners.BlockJUnit4ClassRunner.runNotIgnored(BlockJUnit4ClassRunner.java:79)
	at org.junit.runners.BlockJUnit4ClassRunner.runChild(BlockJUnit4ClassRunner.java:71)
	at org.junit.runners.BlockJUnit4ClassRunner.runChild(BlockJUnit4ClassRunner.java:49)
	at org.junit.runners.ParentRunner$3.run(ParentRunner.java:193)
	at org.junit.runners.ParentRunner$1.schedule(ParentRunner.java:52)
	at org.junit.runners.ParentRunner.runChildren(ParentRunner.java:191)
	at org.junit.runners.ParentRunner.access$000(ParentRunner.java:42)
	at org.junit.runners.ParentRunner$2.evaluate(ParentRunner.java:184)
	at org.junit.runners.ParentRunner.run(ParentRunner.java:236)
	at org.apache.maven.surefire.junit4.JUnit4Provider.execute(JUnit4Provider.java:252)
	at org.apache.maven.surefire.junit4.JUnit4Provider.executeTestSet(JUnit4Provider.java:141)
	at org.apache.maven.surefire.junit4.JUnit4Provider.invoke(JUnit4Provider.java:112)
	at sun.reflect.NativeMethodAccessorImpl.invoke0(Native Method)
	at sun.reflect.NativeMethodAccessorImpl.invoke(NativeMethodAccessorImpl.java:62)
	at sun.reflect.DelegatingMethodAccessorImpl.invoke(DelegatingMethodAccessorImpl.java:43)
	at java.lang.reflect.Method.invoke(Method.java:498)
	at org.apache.maven.surefire.util.ReflectionUtils.invokeMethodWithArray(ReflectionUtils.java:189)
	at org.apache.maven.surefire.booter.ProviderFactory$ProviderProxy.invoke(ProviderFactory.java:165)
	at org.apache.maven.surefire.booter.ProviderFactory.invokeProvider(ProviderFactory.java:85)
	at org.apache.maven.surefire.booter.ForkedBooter.runSuitesInProcess(ForkedBooter.java:115)
	at org.apache.maven.surefire.booter.ForkedBooter.main(ForkedBooter.java:75)
Caused by: java.lang.RuntimeException: Fail to set '[nutz-test.properties]'[ [Ljava.lang.String;@74f6237 ] by setter org.nutz.ioc.impl.PropertiesProxy.'setPaths()' because [java.lang.RuntimeException: folder or file like '^.+[.]properties$' no found in nutz-test.properties]: folder or file like '^.+[.]properties$' no found in nutz-test.properties
	at org.nutz.lang.Lang.makeThrow(Lang.java:104)
	at org.nutz.lang.inject.InjectBySetter.inject(InjectBySetter.java:44)
	at org.nutz.ioc.weaver.FieldInjector.inject(FieldInjector.java:32)
	at org.nutz.ioc.weaver.DefaultWeaver.fill(DefaultWeaver.java:56)
	at org.nutz.ioc.impl.ObjectMakerImpl.make(ObjectMakerImpl.java:135)
	... 44 more

test_count_by_condition(org.nutz.dao.test.normal.SimpleDaoTest)  Time elapsed: 0 sec  <<< ERROR!
org.nutz.ioc.IocException: [dao, dataSource, config] # FAIL to create Ioc Bean name=[config]
	at org.nutz.ioc.impl.ObjectMakerImpl.make(ObjectMakerImpl.java:149)
	at org.nutz.ioc.impl.NutIoc.get(NutIoc.java:201)
	at org.nutz.ioc.impl.NutIoc.get(NutIoc.java:227)
	at org.nutz.ioc.java.IocObjectNode.getValue(IocObjectNode.java:19)
	at org.nutz.ioc.java.ChainNode.eval(ChainNode.java:24)
	at org.nutz.ioc.java.ChainNode.eval(ChainNode.java:19)
	at org.nutz.ioc.val.JavaValue.get(JavaValue.java:69)
	at org.nutz.ioc.weaver.FieldInjector.inject(FieldInjector.java:31)
	at org.nutz.ioc.weaver.DefaultWeaver.fill(DefaultWeaver.java:56)
	at org.nutz.ioc.impl.ObjectMakerImpl.make(ObjectMakerImpl.java:135)
	at org.nutz.ioc.impl.NutIoc.get(NutIoc.java:201)
	at org.nutz.ioc.val.ReferValue.get(ReferValue.java:24)
	at org.nutz.ioc.impl.ObjectMakerImpl.make(ObjectMakerImpl.java:75)
	at org.nutz.ioc.impl.NutIoc.get(NutIoc.java:201)
	at org.nutz.ioc.impl.NutIoc.get(NutIoc.java:227)
	at org.nutz.dao.test.DaoCase.setUp(DaoCase.java:21)
	at sun.reflect.GeneratedMethodAccessor19.invoke(Unknown Source)
	at sun.reflect.DelegatingMethodAccessorImpl.invoke(DelegatingMethodAccessorImpl.java:43)
	at java.lang.reflect.Method.invoke(Method.java:498)
	at org.junit.runners.model.FrameworkMethod$1.runReflectiveCall(FrameworkMethod.java:44)
	at org.junit.internal.runners.model.ReflectiveCallable.run(ReflectiveCallable.java:15)
	at org.junit.runners.model.FrameworkMethod.invokeExplosively(FrameworkMethod.java:41)
	at org.junit.internal.runners.statements.RunBefores.evaluate(RunBefores.java:27)
	at org.junit.internal.runners.statements.RunAfters.evaluate(RunAfters.java:31)
	at org.junit.runners.BlockJUnit4ClassRunner.runNotIgnored(BlockJUnit4ClassRunner.java:79)
	at org.junit.runners.BlockJUnit4ClassRunner.runChild(BlockJUnit4ClassRunner.java:71)
	at org.junit.runners.BlockJUnit4ClassRunner.runChild(BlockJUnit4ClassRunner.java:49)
	at org.junit.runners.ParentRunner$3.run(ParentRunner.java:193)
	at org.junit.runners.ParentRunner$1.schedule(ParentRunner.java:52)
	at org.junit.runners.ParentRunner.runChildren(ParentRunner.java:191)
	at org.junit.runners.ParentRunner.access$000(ParentRunner.java:42)
	at org.junit.runners.ParentRunner$2.evaluate(ParentRunner.java:184)
	at org.junit.runners.ParentRunner.run(ParentRunner.java:236)
	at org.apache.maven.surefire.junit4.JUnit4Provider.execute(JUnit4Provider.java:252)
	at org.apache.maven.surefire.junit4.JUnit4Provider.executeTestSet(JUnit4Provider.java:141)
	at org.apache.maven.surefire.junit4.JUnit4Provider.invoke(JUnit4Provider.java:112)
	at sun.reflect.NativeMethodAccessorImpl.invoke0(Native Method)
	at sun.reflect.NativeMethodAccessorImpl.invoke(NativeMethodAccessorImpl.java:62)
	at sun.reflect.DelegatingMethodAccessorImpl.invoke(DelegatingMethodAccessorImpl.java:43)
	at java.lang.reflect.Method.invoke(Method.java:498)
	at org.apache.maven.surefire.util.ReflectionUtils.invokeMethodWithArray(ReflectionUtils.java:189)
	at org.apache.maven.surefire.booter.ProviderFactory$ProviderProxy.invoke(ProviderFactory.java:165)
	at org.apache.maven.surefire.booter.ProviderFactory.invokeProvider(ProviderFactory.java:85)
	at org.apache.maven.surefire.booter.ForkedBooter.runSuitesInProcess(ForkedBooter.java:115)
	at org.apache.maven.surefire.booter.ForkedBooter.main(ForkedBooter.java:75)
Caused by: java.lang.RuntimeException: Fail to set '[nutz-test.properties]'[ [Ljava.lang.String;@6b1cc2fb ] by setter org.nutz.ioc.impl.PropertiesProxy.'setPaths()' because [java.lang.RuntimeException: folder or file like '^.+[.]properties$' no found in nutz-test.properties]: folder or file like '^.+[.]properties$' no found in nutz-test.properties
	at org.nutz.lang.Lang.makeThrow(Lang.java:104)
	at org.nutz.lang.inject.InjectBySetter.inject(InjectBySetter.java:44)
	at org.nutz.ioc.weaver.FieldInjector.inject(FieldInjector.java:32)
	at org.nutz.ioc.weaver.DefaultWeaver.fill(DefaultWeaver.java:56)
	at org.nutz.ioc.impl.ObjectMakerImpl.make(ObjectMakerImpl.java:135)
	... 44 more

run_2_sqls_with_error(org.nutz.dao.test.normal.SimpleDaoTest)  Time elapsed: 0 sec  <<< ERROR!
org.nutz.ioc.IocException: [dao, dataSource, config] # FAIL to create Ioc Bean name=[config]
	at org.nutz.ioc.impl.ObjectMakerImpl.make(ObjectMakerImpl.java:149)
	at org.nutz.ioc.impl.NutIoc.get(NutIoc.java:201)
	at org.nutz.ioc.impl.NutIoc.get(NutIoc.java:227)
	at org.nutz.ioc.java.IocObjectNode.getValue(IocObjectNode.java:19)
	at org.nutz.ioc.java.ChainNode.eval(ChainNode.java:24)
	at org.nutz.ioc.java.ChainNode.eval(ChainNode.java:19)
	at org.nutz.ioc.val.JavaValue.get(JavaValue.java:69)
	at org.nutz.ioc.weaver.FieldInjector.inject(FieldInjector.java:31)
	at org.nutz.ioc.weaver.DefaultWeaver.fill(DefaultWeaver.java:56)
	at org.nutz.ioc.impl.ObjectMakerImpl.make(ObjectMakerImpl.java:135)
	at org.nutz.ioc.impl.NutIoc.get(NutIoc.java:201)
	at org.nutz.ioc.val.ReferValue.get(ReferValue.java:24)
	at org.nutz.ioc.impl.ObjectMakerImpl.make(ObjectMakerImpl.java:75)
	at org.nutz.ioc.impl.NutIoc.get(NutIoc.java:201)
	at org.nutz.ioc.impl.NutIoc.get(NutIoc.java:227)
	at org.nutz.dao.test.DaoCase.setUp(DaoCase.java:21)
	at sun.reflect.GeneratedMethodAccessor19.invoke(Unknown Source)
	at sun.reflect.DelegatingMethodAccessorImpl.invoke(DelegatingMethodAccessorImpl.java:43)
	at java.lang.reflect.Method.invoke(Method.java:498)
	at org.junit.runners.model.FrameworkMethod$1.runReflectiveCall(FrameworkMethod.java:44)
	at org.junit.internal.runners.model.ReflectiveCallable.run(ReflectiveCallable.java:15)
	at org.junit.runners.model.FrameworkMethod.invokeExplosively(FrameworkMethod.java:41)
	at org.junit.internal.runners.statements.RunBefores.evaluate(RunBefores.java:27)
	at org.junit.internal.runners.statements.RunAfters.evaluate(RunAfters.java:31)
	at org.junit.runners.BlockJUnit4ClassRunner.runNotIgnored(BlockJUnit4ClassRunner.java:79)
	at org.junit.runners.BlockJUnit4ClassRunner.runChild(BlockJUnit4ClassRunner.java:71)
	at org.junit.runners.BlockJUnit4ClassRunner.runChild(BlockJUnit4ClassRunner.java:49)
	at org.junit.runners.ParentRunner$3.run(ParentRunner.java:193)
	at org.junit.runners.ParentRunner$1.schedule(ParentRunner.java:52)
	at org.junit.runners.ParentRunner.runChildren(ParentRunner.java:191)
	at org.junit.runners.ParentRunner.access$000(ParentRunner.java:42)
	at org.junit.runners.ParentRunner$2.evaluate(ParentRunner.java:184)
	at org.junit.runners.ParentRunner.run(ParentRunner.java:236)
	at org.apache.maven.surefire.junit4.JUnit4Provider.execute(JUnit4Provider.java:252)
	at org.apache.maven.surefire.junit4.JUnit4Provider.executeTestSet(JUnit4Provider.java:141)
	at org.apache.maven.surefire.junit4.JUnit4Provider.invoke(JUnit4Provider.java:112)
	at sun.reflect.NativeMethodAccessorImpl.invoke0(Native Method)
	at sun.reflect.NativeMethodAccessorImpl.invoke(NativeMethodAccessorImpl.java:62)
	at sun.reflect.DelegatingMethodAccessorImpl.invoke(DelegatingMethodAccessorImpl.java:43)
	at java.lang.reflect.Method.invoke(Method.java:498)
	at org.apache.maven.surefire.util.ReflectionUtils.invokeMethodWithArray(ReflectionUtils.java:189)
	at org.apache.maven.surefire.booter.ProviderFactory$ProviderProxy.invoke(ProviderFactory.java:165)
	at org.apache.maven.surefire.booter.ProviderFactory.invokeProvider(ProviderFactory.java:85)
	at org.apache.maven.surefire.booter.ForkedBooter.runSuitesInProcess(ForkedBooter.java:115)
	at org.apache.maven.surefire.booter.ForkedBooter.main(ForkedBooter.java:75)
Caused by: java.lang.RuntimeException: Fail to set '[nutz-test.properties]'[ [Ljava.lang.String;@32441ed4 ] by setter org.nutz.ioc.impl.PropertiesProxy.'setPaths()' because [java.lang.RuntimeException: folder or file like '^.+[.]properties$' no found in nutz-test.properties]: folder or file like '^.+[.]properties$' no found in nutz-test.properties
	at org.nutz.lang.Lang.makeThrow(Lang.java:104)
	at org.nutz.lang.inject.InjectBySetter.inject(InjectBySetter.java:44)
	at org.nutz.ioc.weaver.FieldInjector.inject(FieldInjector.java:32)
	at org.nutz.ioc.weaver.DefaultWeaver.fill(DefaultWeaver.java:56)
	at org.nutz.ioc.impl.ObjectMakerImpl.make(ObjectMakerImpl.java:135)
	... 44 more

test_clear_two_records(org.nutz.dao.test.normal.SimpleDaoTest)  Time elapsed: 0 sec  <<< ERROR!
org.nutz.ioc.IocException: [dao, dataSource, config] # FAIL to create Ioc Bean name=[config]
	at org.nutz.ioc.impl.ObjectMakerImpl.make(ObjectMakerImpl.java:149)
	at org.nutz.ioc.impl.NutIoc.get(NutIoc.java:201)
	at org.nutz.ioc.impl.NutIoc.get(NutIoc.java:227)
	at org.nutz.ioc.java.IocObjectNode.getValue(IocObjectNode.java:19)
	at org.nutz.ioc.java.ChainNode.eval(ChainNode.java:24)
	at org.nutz.ioc.java.ChainNode.eval(ChainNode.java:19)
	at org.nutz.ioc.val.JavaValue.get(JavaValue.java:69)
	at org.nutz.ioc.weaver.FieldInjector.inject(FieldInjector.java:31)
	at org.nutz.ioc.weaver.DefaultWeaver.fill(DefaultWeaver.java:56)
	at org.nutz.ioc.impl.ObjectMakerImpl.make(ObjectMakerImpl.java:135)
	at org.nutz.ioc.impl.NutIoc.get(NutIoc.java:201)
	at org.nutz.ioc.val.ReferValue.get(ReferValue.java:24)
	at org.nutz.ioc.impl.ObjectMakerImpl.make(ObjectMakerImpl.java:75)
	at org.nutz.ioc.impl.NutIoc.get(NutIoc.java:201)
	at org.nutz.ioc.impl.NutIoc.get(NutIoc.java:227)
	at org.nutz.dao.test.DaoCase.setUp(DaoCase.java:21)
	at sun.reflect.GeneratedMethodAccessor19.invoke(Unknown Source)
	at sun.reflect.DelegatingMethodAccessorImpl.invoke(DelegatingMethodAccessorImpl.java:43)
	at java.lang.reflect.Method.invoke(Method.java:498)
	at org.junit.runners.model.FrameworkMethod$1.runReflectiveCall(FrameworkMethod.java:44)
	at org.junit.internal.runners.model.ReflectiveCallable.run(ReflectiveCallable.java:15)
	at org.junit.runners.model.FrameworkMethod.invokeExplosively(FrameworkMethod.java:41)
	at org.junit.internal.runners.statements.RunBefores.evaluate(RunBefores.java:27)
	at org.junit.internal.runners.statements.RunAfters.evaluate(RunAfters.java:31)
	at org.junit.runners.BlockJUnit4ClassRunner.runNotIgnored(BlockJUnit4ClassRunner.java:79)
	at org.junit.runners.BlockJUnit4ClassRunner.runChild(BlockJUnit4ClassRunner.java:71)
	at org.junit.runners.BlockJUnit4ClassRunner.runChild(BlockJUnit4ClassRunner.java:49)
	at org.junit.runners.ParentRunner$3.run(ParentRunner.java:193)
	at org.junit.runners.ParentRunner$1.schedule(ParentRunner.java:52)
	at org.junit.runners.ParentRunner.runChildren(ParentRunner.java:191)
	at org.junit.runners.ParentRunner.access$000(ParentRunner.java:42)
	at org.junit.runners.ParentRunner$2.evaluate(ParentRunner.java:184)
	at org.junit.runners.ParentRunner.run(ParentRunner.java:236)
	at org.apache.maven.surefire.junit4.JUnit4Provider.execute(JUnit4Provider.java:252)
	at org.apache.maven.surefire.junit4.JUnit4Provider.executeTestSet(JUnit4Provider.java:141)
	at org.apache.maven.surefire.junit4.JUnit4Provider.invoke(JUnit4Provider.java:112)
	at sun.reflect.NativeMethodAccessorImpl.invoke0(Native Method)
	at sun.reflect.NativeMethodAccessorImpl.invoke(NativeMethodAccessorImpl.java:62)
	at sun.reflect.DelegatingMethodAccessorImpl.invoke(DelegatingMethodAccessorImpl.java:43)
	at java.lang.reflect.Method.invoke(Method.java:498)
	at org.apache.maven.surefire.util.ReflectionUtils.invokeMethodWithArray(ReflectionUtils.java:189)
	at org.apache.maven.surefire.booter.ProviderFactory$ProviderProxy.invoke(ProviderFactory.java:165)
	at org.apache.maven.surefire.booter.ProviderFactory.invokeProvider(ProviderFactory.java:85)
	at org.apache.maven.surefire.booter.ForkedBooter.runSuitesInProcess(ForkedBooter.java:115)
	at org.apache.maven.surefire.booter.ForkedBooter.main(ForkedBooter.java:75)
Caused by: java.lang.RuntimeException: Fail to set '[nutz-test.properties]'[ [Ljava.lang.String;@348b26e0 ] by setter org.nutz.ioc.impl.PropertiesProxy.'setPaths()' because [java.lang.RuntimeException: folder or file like '^.+[.]properties$' no found in nutz-test.properties]: folder or file like '^.+[.]properties$' no found in nutz-test.properties
	at org.nutz.lang.Lang.makeThrow(Lang.java:104)
	at org.nutz.lang.inject.InjectBySetter.inject(InjectBySetter.java:44)
	at org.nutz.ioc.weaver.FieldInjector.inject(FieldInjector.java:32)
	at org.nutz.ioc.weaver.DefaultWeaver.fill(DefaultWeaver.java:56)
	at org.nutz.ioc.impl.ObjectMakerImpl.make(ObjectMakerImpl.java:135)
	... 44 more

test_delete_records(org.nutz.dao.test.normal.SimpleDaoTest)  Time elapsed: 0 sec  <<< ERROR!
org.nutz.ioc.IocException: [dao, dataSource, config] # FAIL to create Ioc Bean name=[config]
	at org.nutz.ioc.impl.ObjectMakerImpl.make(ObjectMakerImpl.java:149)
	at org.nutz.ioc.impl.NutIoc.get(NutIoc.java:201)
	at org.nutz.ioc.impl.NutIoc.get(NutIoc.java:227)
	at org.nutz.ioc.java.IocObjectNode.getValue(IocObjectNode.java:19)
	at org.nutz.ioc.java.ChainNode.eval(ChainNode.java:24)
	at org.nutz.ioc.java.ChainNode.eval(ChainNode.java:19)
	at org.nutz.ioc.val.JavaValue.get(JavaValue.java:69)
	at org.nutz.ioc.weaver.FieldInjector.inject(FieldInjector.java:31)
	at org.nutz.ioc.weaver.DefaultWeaver.fill(DefaultWeaver.java:56)
	at org.nutz.ioc.impl.ObjectMakerImpl.make(ObjectMakerImpl.java:135)
	at org.nutz.ioc.impl.NutIoc.get(NutIoc.java:201)
	at org.nutz.ioc.val.ReferValue.get(ReferValue.java:24)
	at org.nutz.ioc.impl.ObjectMakerImpl.make(ObjectMakerImpl.java:75)
	at org.nutz.ioc.impl.NutIoc.get(NutIoc.java:201)
	at org.nutz.ioc.impl.NutIoc.get(NutIoc.java:227)
	at org.nutz.dao.test.DaoCase.setUp(DaoCase.java:21)
	at sun.reflect.GeneratedMethodAccessor19.invoke(Unknown Source)
	at sun.reflect.DelegatingMethodAccessorImpl.invoke(DelegatingMethodAccessorImpl.java:43)
	at java.lang.reflect.Method.invoke(Method.java:498)
	at org.junit.runners.model.FrameworkMethod$1.runReflectiveCall(FrameworkMethod.java:44)
	at org.junit.internal.runners.model.ReflectiveCallable.run(ReflectiveCallable.java:15)
	at org.junit.runners.model.FrameworkMethod.invokeExplosively(FrameworkMethod.java:41)
	at org.junit.internal.runners.statements.RunBefores.evaluate(RunBefores.java:27)
	at org.junit.internal.runners.statements.RunAfters.evaluate(RunAfters.java:31)
	at org.junit.runners.BlockJUnit4ClassRunner.runNotIgnored(BlockJUnit4ClassRunner.java:79)
	at org.junit.runners.BlockJUnit4ClassRunner.runChild(BlockJUnit4ClassRunner.java:71)
	at org.junit.runners.BlockJUnit4ClassRunner.runChild(BlockJUnit4ClassRunner.java:49)
	at org.junit.runners.ParentRunner$3.run(ParentRunner.java:193)
	at org.junit.runners.ParentRunner$1.schedule(ParentRunner.java:52)
	at org.junit.runners.ParentRunner.runChildren(ParentRunner.java:191)
	at org.junit.runners.ParentRunner.access$000(ParentRunner.java:42)
	at org.junit.runners.ParentRunner$2.evaluate(ParentRunner.java:184)
	at org.junit.runners.ParentRunner.run(ParentRunner.java:236)
	at org.apache.maven.surefire.junit4.JUnit4Provider.execute(JUnit4Provider.java:252)
	at org.apache.maven.surefire.junit4.JUnit4Provider.executeTestSet(JUnit4Provider.java:141)
	at org.apache.maven.surefire.junit4.JUnit4Provider.invoke(JUnit4Provider.java:112)
	at sun.reflect.NativeMethodAccessorImpl.invoke0(Native Method)
	at sun.reflect.NativeMethodAccessorImpl.invoke(NativeMethodAccessorImpl.java:62)
	at sun.reflect.DelegatingMethodAccessorImpl.invoke(DelegatingMethodAccessorImpl.java:43)
	at java.lang.reflect.Method.invoke(Method.java:498)
	at org.apache.maven.surefire.util.ReflectionUtils.invokeMethodWithArray(ReflectionUtils.java:189)
	at org.apache.maven.surefire.booter.ProviderFactory$ProviderProxy.invoke(ProviderFactory.java:165)
	at org.apache.maven.surefire.booter.ProviderFactory.invokeProvider(ProviderFactory.java:85)
	at org.apache.maven.surefire.booter.ForkedBooter.runSuitesInProcess(ForkedBooter.java:115)
	at org.apache.maven.surefire.booter.ForkedBooter.main(ForkedBooter.java:75)
Caused by: java.lang.RuntimeException: Fail to set '[nutz-test.properties]'[ [Ljava.lang.String;@47c14360 ] by setter org.nutz.ioc.impl.PropertiesProxy.'setPaths()' because [java.lang.RuntimeException: folder or file like '^.+[.]properties$' no found in nutz-test.properties]: folder or file like '^.+[.]properties$' no found in nutz-test.properties
	at org.nutz.lang.Lang.makeThrow(Lang.java:104)
	at org.nutz.lang.inject.InjectBySetter.inject(InjectBySetter.java:44)
	at org.nutz.ioc.weaver.FieldInjector.inject(FieldInjector.java:32)
	at org.nutz.ioc.weaver.DefaultWeaver.fill(DefaultWeaver.java:56)
	at org.nutz.ioc.impl.ObjectMakerImpl.make(ObjectMakerImpl.java:135)
	... 44 more

test_integer_object_column(org.nutz.dao.test.normal.SimpleDaoTest)  Time elapsed: 0 sec  <<< ERROR!
org.nutz.ioc.IocException: [dao, dataSource, config] # FAIL to create Ioc Bean name=[config]
	at org.nutz.ioc.impl.ObjectMakerImpl.make(ObjectMakerImpl.java:149)
	at org.nutz.ioc.impl.NutIoc.get(NutIoc.java:201)
	at org.nutz.ioc.impl.NutIoc.get(NutIoc.java:227)
	at org.nutz.ioc.java.IocObjectNode.getValue(IocObjectNode.java:19)
	at org.nutz.ioc.java.ChainNode.eval(ChainNode.java:24)
	at org.nutz.ioc.java.ChainNode.eval(ChainNode.java:19)
	at org.nutz.ioc.val.JavaValue.get(JavaValue.java:69)
	at org.nutz.ioc.weaver.FieldInjector.inject(FieldInjector.java:31)
	at org.nutz.ioc.weaver.DefaultWeaver.fill(DefaultWeaver.java:56)
	at org.nutz.ioc.impl.ObjectMakerImpl.make(ObjectMakerImpl.java:135)
	at org.nutz.ioc.impl.NutIoc.get(NutIoc.java:201)
	at org.nutz.ioc.val.ReferValue.get(ReferValue.java:24)
	at org.nutz.ioc.impl.ObjectMakerImpl.make(ObjectMakerImpl.java:75)
	at org.nutz.ioc.impl.NutIoc.get(NutIoc.java:201)
	at org.nutz.ioc.impl.NutIoc.get(NutIoc.java:227)
	at org.nutz.dao.test.DaoCase.setUp(DaoCase.java:21)
	at sun.reflect.GeneratedMethodAccessor19.invoke(Unknown Source)
	at sun.reflect.DelegatingMethodAccessorImpl.invoke(DelegatingMethodAccessorImpl.java:43)
	at java.lang.reflect.Method.invoke(Method.java:498)
	at org.junit.runners.model.FrameworkMethod$1.runReflectiveCall(FrameworkMethod.java:44)
	at org.junit.internal.runners.model.ReflectiveCallable.run(ReflectiveCallable.java:15)
	at org.junit.runners.model.FrameworkMethod.invokeExplosively(FrameworkMethod.java:41)
	at org.junit.internal.runners.statements.RunBefores.evaluate(RunBefores.java:27)
	at org.junit.internal.runners.statements.RunAfters.evaluate(RunAfters.java:31)
	at org.junit.runners.BlockJUnit4ClassRunner.runNotIgnored(BlockJUnit4ClassRunner.java:79)
	at org.junit.runners.BlockJUnit4ClassRunner.runChild(BlockJUnit4ClassRunner.java:71)
	at org.junit.runners.BlockJUnit4ClassRunner.runChild(BlockJUnit4ClassRunner.java:49)
	at org.junit.runners.ParentRunner$3.run(ParentRunner.java:193)
	at org.junit.runners.ParentRunner$1.schedule(ParentRunner.java:52)
	at org.junit.runners.ParentRunner.runChildren(ParentRunner.java:191)
	at org.junit.runners.ParentRunner.access$000(ParentRunner.java:42)
	at org.junit.runners.ParentRunner$2.evaluate(ParentRunner.java:184)
	at org.junit.runners.ParentRunner.run(ParentRunner.java:236)
	at org.apache.maven.surefire.junit4.JUnit4Provider.execute(JUnit4Provider.java:252)
	at org.apache.maven.surefire.junit4.JUnit4Provider.executeTestSet(JUnit4Provider.java:141)
	at org.apache.maven.surefire.junit4.JUnit4Provider.invoke(JUnit4Provider.java:112)
	at sun.reflect.NativeMethodAccessorImpl.invoke0(Native Method)
	at sun.reflect.NativeMethodAccessorImpl.invoke(NativeMethodAccessorImpl.java:62)
	at sun.reflect.DelegatingMethodAccessorImpl.invoke(DelegatingMethodAccessorImpl.java:43)
	at java.lang.reflect.Method.invoke(Method.java:498)
	at org.apache.maven.surefire.util.ReflectionUtils.invokeMethodWithArray(ReflectionUtils.java:189)
	at org.apache.maven.surefire.booter.ProviderFactory$ProviderProxy.invoke(ProviderFactory.java:165)
	at org.apache.maven.surefire.booter.ProviderFactory.invokeProvider(ProviderFactory.java:85)
	at org.apache.maven.surefire.booter.ForkedBooter.runSuitesInProcess(ForkedBooter.java:115)
	at org.apache.maven.surefire.booter.ForkedBooter.main(ForkedBooter.java:75)
Caused by: java.lang.RuntimeException: Fail to set '[nutz-test.properties]'[ [Ljava.lang.String;@324c3ed5 ] by setter org.nutz.ioc.impl.PropertiesProxy.'setPaths()' because [java.lang.RuntimeException: folder or file like '^.+[.]properties$' no found in nutz-test.properties]: folder or file like '^.+[.]properties$' no found in nutz-test.properties
	at org.nutz.lang.Lang.makeThrow(Lang.java:104)
	at org.nutz.lang.inject.InjectBySetter.inject(InjectBySetter.java:44)
	at org.nutz.ioc.weaver.FieldInjector.inject(FieldInjector.java:32)
	at org.nutz.ioc.weaver.DefaultWeaver.fill(DefaultWeaver.java:56)
	at org.nutz.ioc.impl.ObjectMakerImpl.make(ObjectMakerImpl.java:135)
	... 44 more

test_insert_readonly(org.nutz.dao.test.normal.SimpleDaoTest)  Time elapsed: 0 sec  <<< ERROR!
org.nutz.ioc.IocException: [dao, dataSource, config] # FAIL to create Ioc Bean name=[config]
	at org.nutz.ioc.impl.ObjectMakerImpl.make(ObjectMakerImpl.java:149)
	at org.nutz.ioc.impl.NutIoc.get(NutIoc.java:201)
	at org.nutz.ioc.impl.NutIoc.get(NutIoc.java:227)
	at org.nutz.ioc.java.IocObjectNode.getValue(IocObjectNode.java:19)
	at org.nutz.ioc.java.ChainNode.eval(ChainNode.java:24)
	at org.nutz.ioc.java.ChainNode.eval(ChainNode.java:19)
	at org.nutz.ioc.val.JavaValue.get(JavaValue.java:69)
	at org.nutz.ioc.weaver.FieldInjector.inject(FieldInjector.java:31)
	at org.nutz.ioc.weaver.DefaultWeaver.fill(DefaultWeaver.java:56)
	at org.nutz.ioc.impl.ObjectMakerImpl.make(ObjectMakerImpl.java:135)
	at org.nutz.ioc.impl.NutIoc.get(NutIoc.java:201)
	at org.nutz.ioc.val.ReferValue.get(ReferValue.java:24)
	at org.nutz.ioc.impl.ObjectMakerImpl.make(ObjectMakerImpl.java:75)
	at org.nutz.ioc.impl.NutIoc.get(NutIoc.java:201)
	at org.nutz.ioc.impl.NutIoc.get(NutIoc.java:227)
	at org.nutz.dao.test.DaoCase.setUp(DaoCase.java:21)
	at sun.reflect.GeneratedMethodAccessor19.invoke(Unknown Source)
	at sun.reflect.DelegatingMethodAccessorImpl.invoke(DelegatingMethodAccessorImpl.java:43)
	at java.lang.reflect.Method.invoke(Method.java:498)
	at org.junit.runners.model.FrameworkMethod$1.runReflectiveCall(FrameworkMethod.java:44)
	at org.junit.internal.runners.model.ReflectiveCallable.run(ReflectiveCallable.java:15)
	at org.junit.runners.model.FrameworkMethod.invokeExplosively(FrameworkMethod.java:41)
	at org.junit.internal.runners.statements.RunBefores.evaluate(RunBefores.java:27)
	at org.junit.internal.runners.statements.RunAfters.evaluate(RunAfters.java:31)
	at org.junit.runners.BlockJUnit4ClassRunner.runNotIgnored(BlockJUnit4ClassRunner.java:79)
	at org.junit.runners.BlockJUnit4ClassRunner.runChild(BlockJUnit4ClassRunner.java:71)
	at org.junit.runners.BlockJUnit4ClassRunner.runChild(BlockJUnit4ClassRunner.java:49)
	at org.junit.runners.ParentRunner$3.run(ParentRunner.java:193)
	at org.junit.runners.ParentRunner$1.schedule(ParentRunner.java:52)
	at org.junit.runners.ParentRunner.runChildren(ParentRunner.java:191)
	at org.junit.runners.ParentRunner.access$000(ParentRunner.java:42)
	at org.junit.runners.ParentRunner$2.evaluate(ParentRunner.java:184)
	at org.junit.runners.ParentRunner.run(ParentRunner.java:236)
	at org.apache.maven.surefire.junit4.JUnit4Provider.execute(JUnit4Provider.java:252)
	at org.apache.maven.surefire.junit4.JUnit4Provider.executeTestSet(JUnit4Provider.java:141)
	at org.apache.maven.surefire.junit4.JUnit4Provider.invoke(JUnit4Provider.java:112)
	at sun.reflect.NativeMethodAccessorImpl.invoke0(Native Method)
	at sun.reflect.NativeMethodAccessorImpl.invoke(NativeMethodAccessorImpl.java:62)
	at sun.reflect.DelegatingMethodAccessorImpl.invoke(DelegatingMethodAccessorImpl.java:43)
	at java.lang.reflect.Method.invoke(Method.java:498)
	at org.apache.maven.surefire.util.ReflectionUtils.invokeMethodWithArray(ReflectionUtils.java:189)
	at org.apache.maven.surefire.booter.ProviderFactory$ProviderProxy.invoke(ProviderFactory.java:165)
	at org.apache.maven.surefire.booter.ProviderFactory.invokeProvider(ProviderFactory.java:85)
	at org.apache.maven.surefire.booter.ForkedBooter.runSuitesInProcess(ForkedBooter.java:115)
	at org.apache.maven.surefire.booter.ForkedBooter.main(ForkedBooter.java:75)
Caused by: java.lang.RuntimeException: Fail to set '[nutz-test.properties]'[ [Ljava.lang.String;@25e01756 ] by setter org.nutz.ioc.impl.PropertiesProxy.'setPaths()' because [java.lang.RuntimeException: folder or file like '^.+[.]properties$' no found in nutz-test.properties]: folder or file like '^.+[.]properties$' no found in nutz-test.properties
	at org.nutz.lang.Lang.makeThrow(Lang.java:104)
	at org.nutz.lang.inject.InjectBySetter.inject(InjectBySetter.java:44)
	at org.nutz.ioc.weaver.FieldInjector.inject(FieldInjector.java:32)
	at org.nutz.ioc.weaver.DefaultWeaver.fill(DefaultWeaver.java:56)
	at org.nutz.ioc.impl.ObjectMakerImpl.make(ObjectMakerImpl.java:135)
	... 44 more

test_order_by(org.nutz.dao.test.normal.SimpleDaoTest)  Time elapsed: 0 sec  <<< ERROR!
org.nutz.ioc.IocException: [dao, dataSource, config] # FAIL to create Ioc Bean name=[config]
	at org.nutz.ioc.impl.ObjectMakerImpl.make(ObjectMakerImpl.java:149)
	at org.nutz.ioc.impl.NutIoc.get(NutIoc.java:201)
	at org.nutz.ioc.impl.NutIoc.get(NutIoc.java:227)
	at org.nutz.ioc.java.IocObjectNode.getValue(IocObjectNode.java:19)
	at org.nutz.ioc.java.ChainNode.eval(ChainNode.java:24)
	at org.nutz.ioc.java.ChainNode.eval(ChainNode.java:19)
	at org.nutz.ioc.val.JavaValue.get(JavaValue.java:69)
	at org.nutz.ioc.weaver.FieldInjector.inject(FieldInjector.java:31)
	at org.nutz.ioc.weaver.DefaultWeaver.fill(DefaultWeaver.java:56)
	at org.nutz.ioc.impl.ObjectMakerImpl.make(ObjectMakerImpl.java:135)
	at org.nutz.ioc.impl.NutIoc.get(NutIoc.java:201)
	at org.nutz.ioc.val.ReferValue.get(ReferValue.java:24)
	at org.nutz.ioc.impl.ObjectMakerImpl.make(ObjectMakerImpl.java:75)
	at org.nutz.ioc.impl.NutIoc.get(NutIoc.java:201)
	at org.nutz.ioc.impl.NutIoc.get(NutIoc.java:227)
	at org.nutz.dao.test.DaoCase.setUp(DaoCase.java:21)
	at sun.reflect.GeneratedMethodAccessor19.invoke(Unknown Source)
	at sun.reflect.DelegatingMethodAccessorImpl.invoke(DelegatingMethodAccessorImpl.java:43)
	at java.lang.reflect.Method.invoke(Method.java:498)
	at org.junit.runners.model.FrameworkMethod$1.runReflectiveCall(FrameworkMethod.java:44)
	at org.junit.internal.runners.model.ReflectiveCallable.run(ReflectiveCallable.java:15)
	at org.junit.runners.model.FrameworkMethod.invokeExplosively(FrameworkMethod.java:41)
	at org.junit.internal.runners.statements.RunBefores.evaluate(RunBefores.java:27)
	at org.junit.internal.runners.statements.RunAfters.evaluate(RunAfters.java:31)
	at org.junit.runners.BlockJUnit4ClassRunner.runNotIgnored(BlockJUnit4ClassRunner.java:79)
	at org.junit.runners.BlockJUnit4ClassRunner.runChild(BlockJUnit4ClassRunner.java:71)
	at org.junit.runners.BlockJUnit4ClassRunner.runChild(BlockJUnit4ClassRunner.java:49)
	at org.junit.runners.ParentRunner$3.run(ParentRunner.java:193)
	at org.junit.runners.ParentRunner$1.schedule(ParentRunner.java:52)
	at org.junit.runners.ParentRunner.runChildren(ParentRunner.java:191)
	at org.junit.runners.ParentRunner.access$000(ParentRunner.java:42)
	at org.junit.runners.ParentRunner$2.evaluate(ParentRunner.java:184)
	at org.junit.runners.ParentRunner.run(ParentRunner.java:236)
	at org.apache.maven.surefire.junit4.JUnit4Provider.execute(JUnit4Provider.java:252)
	at org.apache.maven.surefire.junit4.JUnit4Provider.executeTestSet(JUnit4Provider.java:141)
	at org.apache.maven.surefire.junit4.JUnit4Provider.invoke(JUnit4Provider.java:112)
	at sun.reflect.NativeMethodAccessorImpl.invoke0(Native Method)
	at sun.reflect.NativeMethodAccessorImpl.invoke(NativeMethodAccessorImpl.java:62)
	at sun.reflect.DelegatingMethodAccessorImpl.invoke(DelegatingMethodAccessorImpl.java:43)
	at java.lang.reflect.Method.invoke(Method.java:498)
	at org.apache.maven.surefire.util.ReflectionUtils.invokeMethodWithArray(ReflectionUtils.java:189)
	at org.apache.maven.surefire.booter.ProviderFactory$ProviderProxy.invoke(ProviderFactory.java:165)
	at org.apache.maven.surefire.booter.ProviderFactory.invokeProvider(ProviderFactory.java:85)
	at org.apache.maven.surefire.booter.ForkedBooter.runSuitesInProcess(ForkedBooter.java:115)
	at org.apache.maven.surefire.booter.ForkedBooter.main(ForkedBooter.java:75)
Caused by: java.lang.RuntimeException: Fail to set '[nutz-test.properties]'[ [Ljava.lang.String;@6f823df7 ] by setter org.nutz.ioc.impl.PropertiesProxy.'setPaths()' because [java.lang.RuntimeException: folder or file like '^.+[.]properties$' no found in nutz-test.properties]: folder or file like '^.+[.]properties$' no found in nutz-test.properties
	at org.nutz.lang.Lang.makeThrow(Lang.java:104)
	at org.nutz.lang.inject.InjectBySetter.inject(InjectBySetter.java:44)
	at org.nutz.ioc.weaver.FieldInjector.inject(FieldInjector.java:32)
	at org.nutz.ioc.weaver.DefaultWeaver.fill(DefaultWeaver.java:56)
	at org.nutz.ioc.impl.ObjectMakerImpl.make(ObjectMakerImpl.java:135)
	... 44 more

test_clear(org.nutz.dao.test.normal.SimpleDaoTest)  Time elapsed: 0 sec  <<< ERROR!
org.nutz.ioc.IocException: [dao, dataSource, config] # FAIL to create Ioc Bean name=[config]
	at org.nutz.ioc.impl.ObjectMakerImpl.make(ObjectMakerImpl.java:149)
	at org.nutz.ioc.impl.NutIoc.get(NutIoc.java:201)
	at org.nutz.ioc.impl.NutIoc.get(NutIoc.java:227)
	at org.nutz.ioc.java.IocObjectNode.getValue(IocObjectNode.java:19)
	at org.nutz.ioc.java.ChainNode.eval(ChainNode.java:24)
	at org.nutz.ioc.java.ChainNode.eval(ChainNode.java:19)
	at org.nutz.ioc.val.JavaValue.get(JavaValue.java:69)
	at org.nutz.ioc.weaver.FieldInjector.inject(FieldInjector.java:31)
	at org.nutz.ioc.weaver.DefaultWeaver.fill(DefaultWeaver.java:56)
	at org.nutz.ioc.impl.ObjectMakerImpl.make(ObjectMakerImpl.java:135)
	at org.nutz.ioc.impl.NutIoc.get(NutIoc.java:201)
	at org.nutz.ioc.val.ReferValue.get(ReferValue.java:24)
	at org.nutz.ioc.impl.ObjectMakerImpl.make(ObjectMakerImpl.java:75)
	at org.nutz.ioc.impl.NutIoc.get(NutIoc.java:201)
	at org.nutz.ioc.impl.NutIoc.get(NutIoc.java:227)
	at org.nutz.dao.test.DaoCase.setUp(DaoCase.java:21)
	at sun.reflect.GeneratedMethodAccessor19.invoke(Unknown Source)
	at sun.reflect.DelegatingMethodAccessorImpl.invoke(DelegatingMethodAccessorImpl.java:43)
	at java.lang.reflect.Method.invoke(Method.java:498)
	at org.junit.runners.model.FrameworkMethod$1.runReflectiveCall(FrameworkMethod.java:44)
	at org.junit.internal.runners.model.ReflectiveCallable.run(ReflectiveCallable.java:15)
	at org.junit.runners.model.FrameworkMethod.invokeExplosively(FrameworkMethod.java:41)
	at org.junit.internal.runners.statements.RunBefores.evaluate(RunBefores.java:27)
	at org.junit.internal.runners.statements.RunAfters.evaluate(RunAfters.java:31)
	at org.junit.runners.BlockJUnit4ClassRunner.runNotIgnored(BlockJUnit4ClassRunner.java:79)
	at org.junit.runners.BlockJUnit4ClassRunner.runChild(BlockJUnit4ClassRunner.java:71)
	at org.junit.runners.BlockJUnit4ClassRunner.runChild(BlockJUnit4ClassRunner.java:49)
	at org.junit.runners.ParentRunner$3.run(ParentRunner.java:193)
	at org.junit.runners.ParentRunner$1.schedule(ParentRunner.java:52)
	at org.junit.runners.ParentRunner.runChildren(ParentRunner.java:191)
	at org.junit.runners.ParentRunner.access$000(ParentRunner.java:42)
	at org.junit.runners.ParentRunner$2.evaluate(ParentRunner.java:184)
	at org.junit.runners.ParentRunner.run(ParentRunner.java:236)
	at org.apache.maven.surefire.junit4.JUnit4Provider.execute(JUnit4Provider.java:252)
	at org.apache.maven.surefire.junit4.JUnit4Provider.executeTestSet(JUnit4Provider.java:141)
	at org.apache.maven.surefire.junit4.JUnit4Provider.invoke(JUnit4Provider.java:112)
	at sun.reflect.NativeMethodAccessorImpl.invoke0(Native Method)
	at sun.reflect.NativeMethodAccessorImpl.invoke(NativeMethodAccessorImpl.java:62)
	at sun.reflect.DelegatingMethodAccessorImpl.invoke(DelegatingMethodAccessorImpl.java:43)
	at java.lang.reflect.Method.invoke(Method.java:498)
	at org.apache.maven.surefire.util.ReflectionUtils.invokeMethodWithArray(ReflectionUtils.java:189)
	at org.apache.maven.surefire.booter.ProviderFactory$ProviderProxy.invoke(ProviderFactory.java:165)
	at org.apache.maven.surefire.booter.ProviderFactory.invokeProvider(ProviderFactory.java:85)
	at org.apache.maven.surefire.booter.ForkedBooter.runSuitesInProcess(ForkedBooter.java:115)
	at org.apache.maven.surefire.booter.ForkedBooter.main(ForkedBooter.java:75)
Caused by: java.lang.RuntimeException: Fail to set '[nutz-test.properties]'[ [Ljava.lang.String;@48028e11 ] by setter org.nutz.ioc.impl.PropertiesProxy.'setPaths()' because [java.lang.RuntimeException: folder or file like '^.+[.]properties$' no found in nutz-test.properties]: folder or file like '^.+[.]properties$' no found in nutz-test.properties
	at org.nutz.lang.Lang.makeThrow(Lang.java:104)
	at org.nutz.lang.inject.InjectBySetter.inject(InjectBySetter.java:44)
	at org.nutz.ioc.weaver.FieldInjector.inject(FieldInjector.java:32)
	at org.nutz.ioc.weaver.DefaultWeaver.fill(DefaultWeaver.java:56)
	at org.nutz.ioc.impl.ObjectMakerImpl.make(ObjectMakerImpl.java:135)
	... 44 more

test_chain_insert(org.nutz.dao.test.normal.SimpleDaoTest)  Time elapsed: 0 sec  <<< ERROR!
org.nutz.ioc.IocException: [dao, dataSource, config] # FAIL to create Ioc Bean name=[config]
	at org.nutz.ioc.impl.ObjectMakerImpl.make(ObjectMakerImpl.java:149)
	at org.nutz.ioc.impl.NutIoc.get(NutIoc.java:201)
	at org.nutz.ioc.impl.NutIoc.get(NutIoc.java:227)
	at org.nutz.ioc.java.IocObjectNode.getValue(IocObjectNode.java:19)
	at org.nutz.ioc.java.ChainNode.eval(ChainNode.java:24)
	at org.nutz.ioc.java.ChainNode.eval(ChainNode.java:19)
	at org.nutz.ioc.val.JavaValue.get(JavaValue.java:69)
	at org.nutz.ioc.weaver.FieldInjector.inject(FieldInjector.java:31)
	at org.nutz.ioc.weaver.DefaultWeaver.fill(DefaultWeaver.java:56)
	at org.nutz.ioc.impl.ObjectMakerImpl.make(ObjectMakerImpl.java:135)
	at org.nutz.ioc.impl.NutIoc.get(NutIoc.java:201)
	at org.nutz.ioc.val.ReferValue.get(ReferValue.java:24)
	at org.nutz.ioc.impl.ObjectMakerImpl.make(ObjectMakerImpl.java:75)
	at org.nutz.ioc.impl.NutIoc.get(NutIoc.java:201)
	at org.nutz.ioc.impl.NutIoc.get(NutIoc.java:227)
	at org.nutz.dao.test.DaoCase.setUp(DaoCase.java:21)
	at sun.reflect.GeneratedMethodAccessor19.invoke(Unknown Source)
	at sun.reflect.DelegatingMethodAccessorImpl.invoke(DelegatingMethodAccessorImpl.java:43)
	at java.lang.reflect.Method.invoke(Method.java:498)
	at org.junit.runners.model.FrameworkMethod$1.runReflectiveCall(FrameworkMethod.java:44)
	at org.junit.internal.runners.model.ReflectiveCallable.run(ReflectiveCallable.java:15)
	at org.junit.runners.model.FrameworkMethod.invokeExplosively(FrameworkMethod.java:41)
	at org.junit.internal.runners.statements.RunBefores.evaluate(RunBefores.java:27)
	at org.junit.internal.runners.statements.RunAfters.evaluate(RunAfters.java:31)
	at org.junit.runners.BlockJUnit4ClassRunner.runNotIgnored(BlockJUnit4ClassRunner.java:79)
	at org.junit.runners.BlockJUnit4ClassRunner.runChild(BlockJUnit4ClassRunner.java:71)
	at org.junit.runners.BlockJUnit4ClassRunner.runChild(BlockJUnit4ClassRunner.java:49)
	at org.junit.runners.ParentRunner$3.run(ParentRunner.java:193)
	at org.junit.runners.ParentRunner$1.schedule(ParentRunner.java:52)
	at org.junit.runners.ParentRunner.runChildren(ParentRunner.java:191)
	at org.junit.runners.ParentRunner.access$000(ParentRunner.java:42)
	at org.junit.runners.ParentRunner$2.evaluate(ParentRunner.java:184)
	at org.junit.runners.ParentRunner.run(ParentRunner.java:236)
	at org.apache.maven.surefire.junit4.JUnit4Provider.execute(JUnit4Provider.java:252)
	at org.apache.maven.surefire.junit4.JUnit4Provider.executeTestSet(JUnit4Provider.java:141)
	at org.apache.maven.surefire.junit4.JUnit4Provider.invoke(JUnit4Provider.java:112)
	at sun.reflect.NativeMethodAccessorImpl.invoke0(Native Method)
	at sun.reflect.NativeMethodAccessorImpl.invoke(NativeMethodAccessorImpl.java:62)
	at sun.reflect.DelegatingMethodAccessorImpl.invoke(DelegatingMethodAccessorImpl.java:43)
	at java.lang.reflect.Method.invoke(Method.java:498)
	at org.apache.maven.surefire.util.ReflectionUtils.invokeMethodWithArray(ReflectionUtils.java:189)
	at org.apache.maven.surefire.booter.ProviderFactory$ProviderProxy.invoke(ProviderFactory.java:165)
	at org.apache.maven.surefire.booter.ProviderFactory.invokeProvider(ProviderFactory.java:85)
	at org.apache.maven.surefire.booter.ForkedBooter.runSuitesInProcess(ForkedBooter.java:115)
	at org.apache.maven.surefire.booter.ForkedBooter.main(ForkedBooter.java:75)
Caused by: java.lang.RuntimeException: Fail to set '[nutz-test.properties]'[ [Ljava.lang.String;@55ed76e6 ] by setter org.nutz.ioc.impl.PropertiesProxy.'setPaths()' because [java.lang.RuntimeException: folder or file like '^.+[.]properties$' no found in nutz-test.properties]: folder or file like '^.+[.]properties$' no found in nutz-test.properties
	at org.nutz.lang.Lang.makeThrow(Lang.java:104)
	at org.nutz.lang.inject.InjectBySetter.inject(InjectBySetter.java:44)
	at org.nutz.ioc.weaver.FieldInjector.inject(FieldInjector.java:32)
	at org.nutz.ioc.weaver.DefaultWeaver.fill(DefaultWeaver.java:56)
	at org.nutz.ioc.impl.ObjectMakerImpl.make(ObjectMakerImpl.java:135)
	... 44 more

test_sql_pager(org.nutz.dao.test.normal.SimpleDaoTest)  Time elapsed: 0 sec  <<< ERROR!
org.nutz.ioc.IocException: [dao, dataSource, config] # FAIL to create Ioc Bean name=[config]
	at org.nutz.ioc.impl.ObjectMakerImpl.make(ObjectMakerImpl.java:149)
	at org.nutz.ioc.impl.NutIoc.get(NutIoc.java:201)
	at org.nutz.ioc.impl.NutIoc.get(NutIoc.java:227)
	at org.nutz.ioc.java.IocObjectNode.getValue(IocObjectNode.java:19)
	at org.nutz.ioc.java.ChainNode.eval(ChainNode.java:24)
	at org.nutz.ioc.java.ChainNode.eval(ChainNode.java:19)
	at org.nutz.ioc.val.JavaValue.get(JavaValue.java:69)
	at org.nutz.ioc.weaver.FieldInjector.inject(FieldInjector.java:31)
	at org.nutz.ioc.weaver.DefaultWeaver.fill(DefaultWeaver.java:56)
	at org.nutz.ioc.impl.ObjectMakerImpl.make(ObjectMakerImpl.java:135)
	at org.nutz.ioc.impl.NutIoc.get(NutIoc.java:201)
	at org.nutz.ioc.val.ReferValue.get(ReferValue.java:24)
	at org.nutz.ioc.impl.ObjectMakerImpl.make(ObjectMakerImpl.java:75)
	at org.nutz.ioc.impl.NutIoc.get(NutIoc.java:201)
	at org.nutz.ioc.impl.NutIoc.get(NutIoc.java:227)
	at org.nutz.dao.test.DaoCase.setUp(DaoCase.java:21)
	at sun.reflect.GeneratedMethodAccessor19.invoke(Unknown Source)
	at sun.reflect.DelegatingMethodAccessorImpl.invoke(DelegatingMethodAccessorImpl.java:43)
	at java.lang.reflect.Method.invoke(Method.java:498)
	at org.junit.runners.model.FrameworkMethod$1.runReflectiveCall(FrameworkMethod.java:44)
	at org.junit.internal.runners.model.ReflectiveCallable.run(ReflectiveCallable.java:15)
	at org.junit.runners.model.FrameworkMethod.invokeExplosively(FrameworkMethod.java:41)
	at org.junit.internal.runners.statements.RunBefores.evaluate(RunBefores.java:27)
	at org.junit.internal.runners.statements.RunAfters.evaluate(RunAfters.java:31)
	at org.junit.runners.BlockJUnit4ClassRunner.runNotIgnored(BlockJUnit4ClassRunner.java:79)
	at org.junit.runners.BlockJUnit4ClassRunner.runChild(BlockJUnit4ClassRunner.java:71)
	at org.junit.runners.BlockJUnit4ClassRunner.runChild(BlockJUnit4ClassRunner.java:49)
	at org.junit.runners.ParentRunner$3.run(ParentRunner.java:193)
	at org.junit.runners.ParentRunner$1.schedule(ParentRunner.java:52)
	at org.junit.runners.ParentRunner.runChildren(ParentRunner.java:191)
	at org.junit.runners.ParentRunner.access$000(ParentRunner.java:42)
	at org.junit.runners.ParentRunner$2.evaluate(ParentRunner.java:184)
	at org.junit.runners.ParentRunner.run(ParentRunner.java:236)
	at org.apache.maven.surefire.junit4.JUnit4Provider.execute(JUnit4Provider.java:252)
	at org.apache.maven.surefire.junit4.JUnit4Provider.executeTestSet(JUnit4Provider.java:141)
	at org.apache.maven.surefire.junit4.JUnit4Provider.invoke(JUnit4Provider.java:112)
	at sun.reflect.NativeMethodAccessorImpl.invoke0(Native Method)
	at sun.reflect.NativeMethodAccessorImpl.invoke(NativeMethodAccessorImpl.java:62)
	at sun.reflect.DelegatingMethodAccessorImpl.invoke(DelegatingMethodAccessorImpl.java:43)
	at java.lang.reflect.Method.invoke(Method.java:498)
	at org.apache.maven.surefire.util.ReflectionUtils.invokeMethodWithArray(ReflectionUtils.java:189)
	at org.apache.maven.surefire.booter.ProviderFactory$ProviderProxy.invoke(ProviderFactory.java:165)
	at org.apache.maven.surefire.booter.ProviderFactory.invokeProvider(ProviderFactory.java:85)
	at org.apache.maven.surefire.booter.ForkedBooter.runSuitesInProcess(ForkedBooter.java:115)
	at org.apache.maven.surefire.booter.ForkedBooter.main(ForkedBooter.java:75)
Caused by: java.lang.RuntimeException: Fail to set '[nutz-test.properties]'[ [Ljava.lang.String;@1aac520e ] by setter org.nutz.ioc.impl.PropertiesProxy.'setPaths()' because [java.lang.RuntimeException: folder or file like '^.+[.]properties$' no found in nutz-test.properties]: folder or file like '^.+[.]properties$' no found in nutz-test.properties
	at org.nutz.lang.Lang.makeThrow(Lang.java:104)
	at org.nutz.lang.inject.InjectBySetter.inject(InjectBySetter.java:44)
	at org.nutz.ioc.weaver.FieldInjector.inject(FieldInjector.java:32)
	at org.nutz.ioc.weaver.DefaultWeaver.fill(DefaultWeaver.java:56)
	at org.nutz.ioc.impl.ObjectMakerImpl.make(ObjectMakerImpl.java:135)
	... 44 more

test_fetch_null_name(org.nutz.dao.test.normal.SimpleDaoTest)  Time elapsed: 0 sec  <<< ERROR!
org.nutz.ioc.IocException: [dao, dataSource, config] # FAIL to create Ioc Bean name=[config]
	at org.nutz.ioc.impl.ObjectMakerImpl.make(ObjectMakerImpl.java:149)
	at org.nutz.ioc.impl.NutIoc.get(NutIoc.java:201)
	at org.nutz.ioc.impl.NutIoc.get(NutIoc.java:227)
	at org.nutz.ioc.java.IocObjectNode.getValue(IocObjectNode.java:19)
	at org.nutz.ioc.java.ChainNode.eval(ChainNode.java:24)
	at org.nutz.ioc.java.ChainNode.eval(ChainNode.java:19)
	at org.nutz.ioc.val.JavaValue.get(JavaValue.java:69)
	at org.nutz.ioc.weaver.FieldInjector.inject(FieldInjector.java:31)
	at org.nutz.ioc.weaver.DefaultWeaver.fill(DefaultWeaver.java:56)
	at org.nutz.ioc.impl.ObjectMakerImpl.make(ObjectMakerImpl.java:135)
	at org.nutz.ioc.impl.NutIoc.get(NutIoc.java:201)
	at org.nutz.ioc.val.ReferValue.get(ReferValue.java:24)
	at org.nutz.ioc.impl.ObjectMakerImpl.make(ObjectMakerImpl.java:75)
	at org.nutz.ioc.impl.NutIoc.get(NutIoc.java:201)
	at org.nutz.ioc.impl.NutIoc.get(NutIoc.java:227)
	at org.nutz.dao.test.DaoCase.setUp(DaoCase.java:21)
	at sun.reflect.GeneratedMethodAccessor19.invoke(Unknown Source)
	at sun.reflect.DelegatingMethodAccessorImpl.invoke(DelegatingMethodAccessorImpl.java:43)
	at java.lang.reflect.Method.invoke(Method.java:498)
	at org.junit.runners.model.FrameworkMethod$1.runReflectiveCall(FrameworkMethod.java:44)
	at org.junit.internal.runners.model.ReflectiveCallable.run(ReflectiveCallable.java:15)
	at org.junit.runners.model.FrameworkMethod.invokeExplosively(FrameworkMethod.java:41)
	at org.junit.internal.runners.statements.RunBefores.evaluate(RunBefores.java:27)
	at org.junit.internal.runners.statements.RunAfters.evaluate(RunAfters.java:31)
	at org.junit.runners.BlockJUnit4ClassRunner.runNotIgnored(BlockJUnit4ClassRunner.java:79)
	at org.junit.runners.BlockJUnit4ClassRunner.runChild(BlockJUnit4ClassRunner.java:71)
	at org.junit.runners.BlockJUnit4ClassRunner.runChild(BlockJUnit4ClassRunner.java:49)
	at org.junit.runners.ParentRunner$3.run(ParentRunner.java:193)
	at org.junit.runners.ParentRunner$1.schedule(ParentRunner.java:52)
	at org.junit.runners.ParentRunner.runChildren(ParentRunner.java:191)
	at org.junit.runners.ParentRunner.access$000(ParentRunner.java:42)
	at org.junit.runners.ParentRunner$2.evaluate(ParentRunner.java:184)
	at org.junit.runners.ParentRunner.run(ParentRunner.java:236)
	at org.apache.maven.surefire.junit4.JUnit4Provider.execute(JUnit4Provider.java:252)
	at org.apache.maven.surefire.junit4.JUnit4Provider.executeTestSet(JUnit4Provider.java:141)
	at org.apache.maven.surefire.junit4.JUnit4Provider.invoke(JUnit4Provider.java:112)
	at sun.reflect.NativeMethodAccessorImpl.invoke0(Native Method)
	at sun.reflect.NativeMethodAccessorImpl.invoke(NativeMethodAccessorImpl.java:62)
	at sun.reflect.DelegatingMethodAccessorImpl.invoke(DelegatingMethodAccessorImpl.java:43)
	at java.lang.reflect.Method.invoke(Method.java:498)
	at org.apache.maven.surefire.util.ReflectionUtils.invokeMethodWithArray(ReflectionUtils.java:189)
	at org.apache.maven.surefire.booter.ProviderFactory$ProviderProxy.invoke(ProviderFactory.java:165)
	at org.apache.maven.surefire.booter.ProviderFactory.invokeProvider(ProviderFactory.java:85)
	at org.apache.maven.surefire.booter.ForkedBooter.runSuitesInProcess(ForkedBooter.java:115)
	at org.apache.maven.surefire.booter.ForkedBooter.main(ForkedBooter.java:75)
Caused by: java.lang.RuntimeException: Fail to set '[nutz-test.properties]'[ [Ljava.lang.String;@257f1509 ] by setter org.nutz.ioc.impl.PropertiesProxy.'setPaths()' because [java.lang.RuntimeException: folder or file like '^.+[.]properties$' no found in nutz-test.properties]: folder or file like '^.+[.]properties$' no found in nutz-test.properties
	at org.nutz.lang.Lang.makeThrow(Lang.java:104)
	at org.nutz.lang.inject.InjectBySetter.inject(InjectBySetter.java:44)
	at org.nutz.ioc.weaver.FieldInjector.inject(FieldInjector.java:32)
	at org.nutz.ioc.weaver.DefaultWeaver.fill(DefaultWeaver.java:56)
	at org.nutz.ioc.impl.ObjectMakerImpl.make(ObjectMakerImpl.java:135)
	... 44 more

test_create_error_class(org.nutz.dao.test.normal.SimpleDaoTest)  Time elapsed: 0 sec  <<< ERROR!
org.nutz.ioc.IocException: [dao, dataSource, config] # FAIL to create Ioc Bean name=[config]
	at org.nutz.ioc.impl.ObjectMakerImpl.make(ObjectMakerImpl.java:149)
	at org.nutz.ioc.impl.NutIoc.get(NutIoc.java:201)
	at org.nutz.ioc.impl.NutIoc.get(NutIoc.java:227)
	at org.nutz.ioc.java.IocObjectNode.getValue(IocObjectNode.java:19)
	at org.nutz.ioc.java.ChainNode.eval(ChainNode.java:24)
	at org.nutz.ioc.java.ChainNode.eval(ChainNode.java:19)
	at org.nutz.ioc.val.JavaValue.get(JavaValue.java:69)
	at org.nutz.ioc.weaver.FieldInjector.inject(FieldInjector.java:31)
	at org.nutz.ioc.weaver.DefaultWeaver.fill(DefaultWeaver.java:56)
	at org.nutz.ioc.impl.ObjectMakerImpl.make(ObjectMakerImpl.java:135)
	at org.nutz.ioc.impl.NutIoc.get(NutIoc.java:201)
	at org.nutz.ioc.val.ReferValue.get(ReferValue.java:24)
	at org.nutz.ioc.impl.ObjectMakerImpl.make(ObjectMakerImpl.java:75)
	at org.nutz.ioc.impl.NutIoc.get(NutIoc.java:201)
	at org.nutz.ioc.impl.NutIoc.get(NutIoc.java:227)
	at org.nutz.dao.test.DaoCase.setUp(DaoCase.java:21)
	at sun.reflect.GeneratedMethodAccessor19.invoke(Unknown Source)
	at sun.reflect.DelegatingMethodAccessorImpl.invoke(DelegatingMethodAccessorImpl.java:43)
	at java.lang.reflect.Method.invoke(Method.java:498)
	at org.junit.runners.model.FrameworkMethod$1.runReflectiveCall(FrameworkMethod.java:44)
	at org.junit.internal.runners.model.ReflectiveCallable.run(ReflectiveCallable.java:15)
	at org.junit.runners.model.FrameworkMethod.invokeExplosively(FrameworkMethod.java:41)
	at org.junit.internal.runners.statements.RunBefores.evaluate(RunBefores.java:27)
	at org.junit.internal.runners.statements.RunAfters.evaluate(RunAfters.java:31)
	at org.junit.runners.BlockJUnit4ClassRunner.runNotIgnored(BlockJUnit4ClassRunner.java:79)
	at org.junit.runners.BlockJUnit4ClassRunner.runChild(BlockJUnit4ClassRunner.java:71)
	at org.junit.runners.BlockJUnit4ClassRunner.runChild(BlockJUnit4ClassRunner.java:49)
	at org.junit.runners.ParentRunner$3.run(ParentRunner.java:193)
	at org.junit.runners.ParentRunner$1.schedule(ParentRunner.java:52)
	at org.junit.runners.ParentRunner.runChildren(ParentRunner.java:191)
	at org.junit.runners.ParentRunner.access$000(ParentRunner.java:42)
	at org.junit.runners.ParentRunner$2.evaluate(ParentRunner.java:184)
	at org.junit.runners.ParentRunner.run(ParentRunner.java:236)
	at org.apache.maven.surefire.junit4.JUnit4Provider.execute(JUnit4Provider.java:252)
	at org.apache.maven.surefire.junit4.JUnit4Provider.executeTestSet(JUnit4Provider.java:141)
	at org.apache.maven.surefire.junit4.JUnit4Provider.invoke(JUnit4Provider.java:112)
	at sun.reflect.NativeMethodAccessorImpl.invoke0(Native Method)
	at sun.reflect.NativeMethodAccessorImpl.invoke(NativeMethodAccessorImpl.java:62)
	at sun.reflect.DelegatingMethodAccessorImpl.invoke(DelegatingMethodAccessorImpl.java:43)
	at java.lang.reflect.Method.invoke(Method.java:498)
	at org.apache.maven.surefire.util.ReflectionUtils.invokeMethodWithArray(ReflectionUtils.java:189)
	at org.apache.maven.surefire.booter.ProviderFactory$ProviderProxy.invoke(ProviderFactory.java:165)
	at org.apache.maven.surefire.booter.ProviderFactory.invokeProvider(ProviderFactory.java:85)
	at org.apache.maven.surefire.booter.ForkedBooter.runSuitesInProcess(ForkedBooter.java:115)
	at org.apache.maven.surefire.booter.ForkedBooter.main(ForkedBooter.java:75)
Caused by: java.lang.RuntimeException: Fail to set '[nutz-test.properties]'[ [Ljava.lang.String;@4b50ebea ] by setter org.nutz.ioc.impl.PropertiesProxy.'setPaths()' because [java.lang.RuntimeException: folder or file like '^.+[.]properties$' no found in nutz-test.properties]: folder or file like '^.+[.]properties$' no found in nutz-test.properties
	at org.nutz.lang.Lang.makeThrow(Lang.java:104)
	at org.nutz.lang.inject.InjectBySetter.inject(InjectBySetter.java:44)
	at org.nutz.ioc.weaver.FieldInjector.inject(FieldInjector.java:32)
	at org.nutz.ioc.weaver.DefaultWeaver.fill(DefaultWeaver.java:56)
	at org.nutz.ioc.impl.ObjectMakerImpl.make(ObjectMakerImpl.java:135)
	... 44 more

test_delete_null_many(org.nutz.dao.test.normal.SimpleDaoTest)  Time elapsed: 0 sec  <<< ERROR!
org.nutz.ioc.IocException: [dao, dataSource, config] # FAIL to create Ioc Bean name=[config]
	at org.nutz.ioc.impl.ObjectMakerImpl.make(ObjectMakerImpl.java:149)
	at org.nutz.ioc.impl.NutIoc.get(NutIoc.java:201)
	at org.nutz.ioc.impl.NutIoc.get(NutIoc.java:227)
	at org.nutz.ioc.java.IocObjectNode.getValue(IocObjectNode.java:19)
	at org.nutz.ioc.java.ChainNode.eval(ChainNode.java:24)
	at org.nutz.ioc.java.ChainNode.eval(ChainNode.java:19)
	at org.nutz.ioc.val.JavaValue.get(JavaValue.java:69)
	at org.nutz.ioc.weaver.FieldInjector.inject(FieldInjector.java:31)
	at org.nutz.ioc.weaver.DefaultWeaver.fill(DefaultWeaver.java:56)
	at org.nutz.ioc.impl.ObjectMakerImpl.make(ObjectMakerImpl.java:135)
	at org.nutz.ioc.impl.NutIoc.get(NutIoc.java:201)
	at org.nutz.ioc.val.ReferValue.get(ReferValue.java:24)
	at org.nutz.ioc.impl.ObjectMakerImpl.make(ObjectMakerImpl.java:75)
	at org.nutz.ioc.impl.NutIoc.get(NutIoc.java:201)
	at org.nutz.ioc.impl.NutIoc.get(NutIoc.java:227)
	at org.nutz.dao.test.DaoCase.setUp(DaoCase.java:21)
	at sun.reflect.GeneratedMethodAccessor19.invoke(Unknown Source)
	at sun.reflect.DelegatingMethodAccessorImpl.invoke(DelegatingMethodAccessorImpl.java:43)
	at java.lang.reflect.Method.invoke(Method.java:498)
	at org.junit.runners.model.FrameworkMethod$1.runReflectiveCall(FrameworkMethod.java:44)
	at org.junit.internal.runners.model.ReflectiveCallable.run(ReflectiveCallable.java:15)
	at org.junit.runners.model.FrameworkMethod.invokeExplosively(FrameworkMethod.java:41)
	at org.junit.internal.runners.statements.RunBefores.evaluate(RunBefores.java:27)
	at org.junit.internal.runners.statements.RunAfters.evaluate(RunAfters.java:31)
	at org.junit.runners.BlockJUnit4ClassRunner.runNotIgnored(BlockJUnit4ClassRunner.java:79)
	at org.junit.runners.BlockJUnit4ClassRunner.runChild(BlockJUnit4ClassRunner.java:71)
	at org.junit.runners.BlockJUnit4ClassRunner.runChild(BlockJUnit4ClassRunner.java:49)
	at org.junit.runners.ParentRunner$3.run(ParentRunner.java:193)
	at org.junit.runners.ParentRunner$1.schedule(ParentRunner.java:52)
	at org.junit.runners.ParentRunner.runChildren(ParentRunner.java:191)
	at org.junit.runners.ParentRunner.access$000(ParentRunner.java:42)
	at org.junit.runners.ParentRunner$2.evaluate(ParentRunner.java:184)
	at org.junit.runners.ParentRunner.run(ParentRunner.java:236)
	at org.apache.maven.surefire.junit4.JUnit4Provider.execute(JUnit4Provider.java:252)
	at org.apache.maven.surefire.junit4.JUnit4Provider.executeTestSet(JUnit4Provider.java:141)
	at org.apache.maven.surefire.junit4.JUnit4Provider.invoke(JUnit4Provider.java:112)
	at sun.reflect.NativeMethodAccessorImpl.invoke0(Native Method)
	at sun.reflect.NativeMethodAccessorImpl.invoke(NativeMethodAccessorImpl.java:62)
	at sun.reflect.DelegatingMethodAccessorImpl.invoke(DelegatingMethodAccessorImpl.java:43)
	at java.lang.reflect.Method.invoke(Method.java:498)
	at org.apache.maven.surefire.util.ReflectionUtils.invokeMethodWithArray(ReflectionUtils.java:189)
	at org.apache.maven.surefire.booter.ProviderFactory$ProviderProxy.invoke(ProviderFactory.java:165)
	at org.apache.maven.surefire.booter.ProviderFactory.invokeProvider(ProviderFactory.java:85)
	at org.apache.maven.surefire.booter.ForkedBooter.runSuitesInProcess(ForkedBooter.java:115)
	at org.apache.maven.surefire.booter.ForkedBooter.main(ForkedBooter.java:75)
Caused by: java.lang.RuntimeException: Fail to set '[nutz-test.properties]'[ [Ljava.lang.String;@7dbe9654 ] by setter org.nutz.ioc.impl.PropertiesProxy.'setPaths()' because [java.lang.RuntimeException: folder or file like '^.+[.]properties$' no found in nutz-test.properties]: folder or file like '^.+[.]properties$' no found in nutz-test.properties
	at org.nutz.lang.Lang.makeThrow(Lang.java:104)
	at org.nutz.lang.inject.InjectBySetter.inject(InjectBySetter.java:44)
	at org.nutz.ioc.weaver.FieldInjector.inject(FieldInjector.java:32)
	at org.nutz.ioc.weaver.DefaultWeaver.fill(DefaultWeaver.java:56)
	at org.nutz.ioc.impl.ObjectMakerImpl.make(ObjectMakerImpl.java:135)
	... 44 more

test_insert_with(org.nutz.dao.test.normal.SimpleDaoTest)  Time elapsed: 0 sec  <<< ERROR!
org.nutz.ioc.IocException: [dao, dataSource, config] # FAIL to create Ioc Bean name=[config]
	at org.nutz.ioc.impl.ObjectMakerImpl.make(ObjectMakerImpl.java:149)
	at org.nutz.ioc.impl.NutIoc.get(NutIoc.java:201)
	at org.nutz.ioc.impl.NutIoc.get(NutIoc.java:227)
	at org.nutz.ioc.java.IocObjectNode.getValue(IocObjectNode.java:19)
	at org.nutz.ioc.java.ChainNode.eval(ChainNode.java:24)
	at org.nutz.ioc.java.ChainNode.eval(ChainNode.java:19)
	at org.nutz.ioc.val.JavaValue.get(JavaValue.java:69)
	at org.nutz.ioc.weaver.FieldInjector.inject(FieldInjector.java:31)
	at org.nutz.ioc.weaver.DefaultWeaver.fill(DefaultWeaver.java:56)
	at org.nutz.ioc.impl.ObjectMakerImpl.make(ObjectMakerImpl.java:135)
	at org.nutz.ioc.impl.NutIoc.get(NutIoc.java:201)
	at org.nutz.ioc.val.ReferValue.get(ReferValue.java:24)
	at org.nutz.ioc.impl.ObjectMakerImpl.make(ObjectMakerImpl.java:75)
	at org.nutz.ioc.impl.NutIoc.get(NutIoc.java:201)
	at org.nutz.ioc.impl.NutIoc.get(NutIoc.java:227)
	at org.nutz.dao.test.DaoCase.setUp(DaoCase.java:21)
	at sun.reflect.GeneratedMethodAccessor19.invoke(Unknown Source)
	at sun.reflect.DelegatingMethodAccessorImpl.invoke(DelegatingMethodAccessorImpl.java:43)
	at java.lang.reflect.Method.invoke(Method.java:498)
	at org.junit.runners.model.FrameworkMethod$1.runReflectiveCall(FrameworkMethod.java:44)
	at org.junit.internal.runners.model.ReflectiveCallable.run(ReflectiveCallable.java:15)
	at org.junit.runners.model.FrameworkMethod.invokeExplosively(FrameworkMethod.java:41)
	at org.junit.internal.runners.statements.RunBefores.evaluate(RunBefores.java:27)
	at org.junit.internal.runners.statements.RunAfters.evaluate(RunAfters.java:31)
	at org.junit.runners.BlockJUnit4ClassRunner.runNotIgnored(BlockJUnit4ClassRunner.java:79)
	at org.junit.runners.BlockJUnit4ClassRunner.runChild(BlockJUnit4ClassRunner.java:71)
	at org.junit.runners.BlockJUnit4ClassRunner.runChild(BlockJUnit4ClassRunner.java:49)
	at org.junit.runners.ParentRunner$3.run(ParentRunner.java:193)
	at org.junit.runners.ParentRunner$1.schedule(ParentRunner.java:52)
	at org.junit.runners.ParentRunner.runChildren(ParentRunner.java:191)
	at org.junit.runners.ParentRunner.access$000(ParentRunner.java:42)
	at org.junit.runners.ParentRunner$2.evaluate(ParentRunner.java:184)
	at org.junit.runners.ParentRunner.run(ParentRunner.java:236)
	at org.apache.maven.surefire.junit4.JUnit4Provider.execute(JUnit4Provider.java:252)
	at org.apache.maven.surefire.junit4.JUnit4Provider.executeTestSet(JUnit4Provider.java:141)
	at org.apache.maven.surefire.junit4.JUnit4Provider.invoke(JUnit4Provider.java:112)
	at sun.reflect.NativeMethodAccessorImpl.invoke0(Native Method)
	at sun.reflect.NativeMethodAccessorImpl.invoke(NativeMethodAccessorImpl.java:62)
	at sun.reflect.DelegatingMethodAccessorImpl.invoke(DelegatingMethodAccessorImpl.java:43)
	at java.lang.reflect.Method.invoke(Method.java:498)
	at org.apache.maven.surefire.util.ReflectionUtils.invokeMethodWithArray(ReflectionUtils.java:189)
	at org.apache.maven.surefire.booter.ProviderFactory$ProviderProxy.invoke(ProviderFactory.java:165)
	at org.apache.maven.surefire.booter.ProviderFactory.invokeProvider(ProviderFactory.java:85)
	at org.apache.maven.surefire.booter.ForkedBooter.runSuitesInProcess(ForkedBooter.java:115)
	at org.apache.maven.surefire.booter.ForkedBooter.main(ForkedBooter.java:75)
Caused by: java.lang.RuntimeException: Fail to set '[nutz-test.properties]'[ [Ljava.lang.String;@247added ] by setter org.nutz.ioc.impl.PropertiesProxy.'setPaths()' because [java.lang.RuntimeException: folder or file like '^.+[.]properties$' no found in nutz-test.properties]: folder or file like '^.+[.]properties$' no found in nutz-test.properties
	at org.nutz.lang.Lang.makeThrow(Lang.java:104)
	at org.nutz.lang.inject.InjectBySetter.inject(InjectBySetter.java:44)
	at org.nutz.ioc.weaver.FieldInjector.inject(FieldInjector.java:32)
	at org.nutz.ioc.weaver.DefaultWeaver.fill(DefaultWeaver.java:56)
	at org.nutz.ioc.impl.ObjectMakerImpl.make(ObjectMakerImpl.java:135)
	... 44 more

test_insert_special_chain(org.nutz.dao.test.normal.SimpleDaoTest)  Time elapsed: 0 sec  <<< ERROR!
org.nutz.ioc.IocException: [dao, dataSource, config] # FAIL to create Ioc Bean name=[config]
	at org.nutz.ioc.impl.ObjectMakerImpl.make(ObjectMakerImpl.java:149)
	at org.nutz.ioc.impl.NutIoc.get(NutIoc.java:201)
	at org.nutz.ioc.impl.NutIoc.get(NutIoc.java:227)
	at org.nutz.ioc.java.IocObjectNode.getValue(IocObjectNode.java:19)
	at org.nutz.ioc.java.ChainNode.eval(ChainNode.java:24)
	at org.nutz.ioc.java.ChainNode.eval(ChainNode.java:19)
	at org.nutz.ioc.val.JavaValue.get(JavaValue.java:69)
	at org.nutz.ioc.weaver.FieldInjector.inject(FieldInjector.java:31)
	at org.nutz.ioc.weaver.DefaultWeaver.fill(DefaultWeaver.java:56)
	at org.nutz.ioc.impl.ObjectMakerImpl.make(ObjectMakerImpl.java:135)
	at org.nutz.ioc.impl.NutIoc.get(NutIoc.java:201)
	at org.nutz.ioc.val.ReferValue.get(ReferValue.java:24)
	at org.nutz.ioc.impl.ObjectMakerImpl.make(ObjectMakerImpl.java:75)
	at org.nutz.ioc.impl.NutIoc.get(NutIoc.java:201)
	at org.nutz.ioc.impl.NutIoc.get(NutIoc.java:227)
	at org.nutz.dao.test.DaoCase.setUp(DaoCase.java:21)
	at sun.reflect.GeneratedMethodAccessor19.invoke(Unknown Source)
	at sun.reflect.DelegatingMethodAccessorImpl.invoke(DelegatingMethodAccessorImpl.java:43)
	at java.lang.reflect.Method.invoke(Method.java:498)
	at org.junit.runners.model.FrameworkMethod$1.runReflectiveCall(FrameworkMethod.java:44)
	at org.junit.internal.runners.model.ReflectiveCallable.run(ReflectiveCallable.java:15)
	at org.junit.runners.model.FrameworkMethod.invokeExplosively(FrameworkMethod.java:41)
	at org.junit.internal.runners.statements.RunBefores.evaluate(RunBefores.java:27)
	at org.junit.internal.runners.statements.RunAfters.evaluate(RunAfters.java:31)
	at org.junit.runners.BlockJUnit4ClassRunner.runNotIgnored(BlockJUnit4ClassRunner.java:79)
	at org.junit.runners.BlockJUnit4ClassRunner.runChild(BlockJUnit4ClassRunner.java:71)
	at org.junit.runners.BlockJUnit4ClassRunner.runChild(BlockJUnit4ClassRunner.java:49)
	at org.junit.runners.ParentRunner$3.run(ParentRunner.java:193)
	at org.junit.runners.ParentRunner$1.schedule(ParentRunner.java:52)
	at org.junit.runners.ParentRunner.runChildren(ParentRunner.java:191)
	at org.junit.runners.ParentRunner.access$000(ParentRunner.java:42)
	at org.junit.runners.ParentRunner$2.evaluate(ParentRunner.java:184)
	at org.junit.runners.ParentRunner.run(ParentRunner.java:236)
	at org.apache.maven.surefire.junit4.JUnit4Provider.execute(JUnit4Provider.java:252)
	at org.apache.maven.surefire.junit4.JUnit4Provider.executeTestSet(JUnit4Provider.java:141)
	at org.apache.maven.surefire.junit4.JUnit4Provider.invoke(JUnit4Provider.java:112)
	at sun.reflect.NativeMethodAccessorImpl.invoke0(Native Method)
	at sun.reflect.NativeMethodAccessorImpl.invoke(NativeMethodAccessorImpl.java:62)
	at sun.reflect.DelegatingMethodAccessorImpl.invoke(DelegatingMethodAccessorImpl.java:43)
	at java.lang.reflect.Method.invoke(Method.java:498)
	at org.apache.maven.surefire.util.ReflectionUtils.invokeMethodWithArray(ReflectionUtils.java:189)
	at org.apache.maven.surefire.booter.ProviderFactory$ProviderProxy.invoke(ProviderFactory.java:165)
	at org.apache.maven.surefire.booter.ProviderFactory.invokeProvider(ProviderFactory.java:85)
	at org.apache.maven.surefire.booter.ForkedBooter.runSuitesInProcess(ForkedBooter.java:115)
	at org.apache.maven.surefire.booter.ForkedBooter.main(ForkedBooter.java:75)
Caused by: java.lang.RuntimeException: Fail to set '[nutz-test.properties]'[ [Ljava.lang.String;@22b8eaf0 ] by setter org.nutz.ioc.impl.PropertiesProxy.'setPaths()' because [java.lang.RuntimeException: folder or file like '^.+[.]properties$' no found in nutz-test.properties]: folder or file like '^.+[.]properties$' no found in nutz-test.properties
	at org.nutz.lang.Lang.makeThrow(Lang.java:104)
	at org.nutz.lang.inject.InjectBySetter.inject(InjectBySetter.java:44)
	at org.nutz.ioc.weaver.FieldInjector.inject(FieldInjector.java:32)
	at org.nutz.ioc.weaver.DefaultWeaver.fill(DefaultWeaver.java:56)
	at org.nutz.ioc.impl.ObjectMakerImpl.make(ObjectMakerImpl.java:135)
	... 44 more

test_issue_726(org.nutz.dao.test.normal.SimpleDaoTest)  Time elapsed: 0 sec  <<< ERROR!
org.nutz.ioc.IocException: [dao, dataSource, config] # FAIL to create Ioc Bean name=[config]
	at org.nutz.ioc.impl.ObjectMakerImpl.make(ObjectMakerImpl.java:149)
	at org.nutz.ioc.impl.NutIoc.get(NutIoc.java:201)
	at org.nutz.ioc.impl.NutIoc.get(NutIoc.java:227)
	at org.nutz.ioc.java.IocObjectNode.getValue(IocObjectNode.java:19)
	at org.nutz.ioc.java.ChainNode.eval(ChainNode.java:24)
	at org.nutz.ioc.java.ChainNode.eval(ChainNode.java:19)
	at org.nutz.ioc.val.JavaValue.get(JavaValue.java:69)
	at org.nutz.ioc.weaver.FieldInjector.inject(FieldInjector.java:31)
	at org.nutz.ioc.weaver.DefaultWeaver.fill(DefaultWeaver.java:56)
	at org.nutz.ioc.impl.ObjectMakerImpl.make(ObjectMakerImpl.java:135)
	at org.nutz.ioc.impl.NutIoc.get(NutIoc.java:201)
	at org.nutz.ioc.val.ReferValue.get(ReferValue.java:24)
	at org.nutz.ioc.impl.ObjectMakerImpl.make(ObjectMakerImpl.java:75)
	at org.nutz.ioc.impl.NutIoc.get(NutIoc.java:201)
	at org.nutz.ioc.impl.NutIoc.get(NutIoc.java:227)
	at org.nutz.dao.test.DaoCase.setUp(DaoCase.java:21)
	at sun.reflect.GeneratedMethodAccessor19.invoke(Unknown Source)
	at sun.reflect.DelegatingMethodAccessorImpl.invoke(DelegatingMethodAccessorImpl.java:43)
	at java.lang.reflect.Method.invoke(Method.java:498)
	at org.junit.runners.model.FrameworkMethod$1.runReflectiveCall(FrameworkMethod.java:44)
	at org.junit.internal.runners.model.ReflectiveCallable.run(ReflectiveCallable.java:15)
	at org.junit.runners.model.FrameworkMethod.invokeExplosively(FrameworkMethod.java:41)
	at org.junit.internal.runners.statements.RunBefores.evaluate(RunBefores.java:27)
	at org.junit.internal.runners.statements.RunAfters.evaluate(RunAfters.java:31)
	at org.junit.runners.BlockJUnit4ClassRunner.runNotIgnored(BlockJUnit4ClassRunner.java:79)
	at org.junit.runners.BlockJUnit4ClassRunner.runChild(BlockJUnit4ClassRunner.java:71)
	at org.junit.runners.BlockJUnit4ClassRunner.runChild(BlockJUnit4ClassRunner.java:49)
	at org.junit.runners.ParentRunner$3.run(ParentRunner.java:193)
	at org.junit.runners.ParentRunner$1.schedule(ParentRunner.java:52)
	at org.junit.runners.ParentRunner.runChildren(ParentRunner.java:191)
	at org.junit.runners.ParentRunner.access$000(ParentRunner.java:42)
	at org.junit.runners.ParentRunner$2.evaluate(ParentRunner.java:184)
	at org.junit.runners.ParentRunner.run(ParentRunner.java:236)
	at org.apache.maven.surefire.junit4.JUnit4Provider.execute(JUnit4Provider.java:252)
	at org.apache.maven.surefire.junit4.JUnit4Provider.executeTestSet(JUnit4Provider.java:141)
	at org.apache.maven.surefire.junit4.JUnit4Provider.invoke(JUnit4Provider.java:112)
	at sun.reflect.NativeMethodAccessorImpl.invoke0(Native Method)
	at sun.reflect.NativeMethodAccessorImpl.invoke(NativeMethodAccessorImpl.java:62)
	at sun.reflect.DelegatingMethodAccessorImpl.invoke(DelegatingMethodAccessorImpl.java:43)
	at java.lang.reflect.Method.invoke(Method.java:498)
	at org.apache.maven.surefire.util.ReflectionUtils.invokeMethodWithArray(ReflectionUtils.java:189)
	at org.apache.maven.surefire.booter.ProviderFactory$ProviderProxy.invoke(ProviderFactory.java:165)
	at org.apache.maven.surefire.booter.ProviderFactory.invokeProvider(ProviderFactory.java:85)
	at org.apache.maven.surefire.booter.ForkedBooter.runSuitesInProcess(ForkedBooter.java:115)
	at org.apache.maven.surefire.booter.ForkedBooter.main(ForkedBooter.java:75)
Caused by: java.lang.RuntimeException: Fail to set '[nutz-test.properties]'[ [Ljava.lang.String;@4d4f6121 ] by setter org.nutz.ioc.impl.PropertiesProxy.'setPaths()' because [java.lang.RuntimeException: folder or file like '^.+[.]properties$' no found in nutz-test.properties]: folder or file like '^.+[.]properties$' no found in nutz-test.properties
	at org.nutz.lang.Lang.makeThrow(Lang.java:104)
	at org.nutz.lang.inject.InjectBySetter.inject(InjectBySetter.java:44)
	at org.nutz.ioc.weaver.FieldInjector.inject(FieldInjector.java:32)
	at org.nutz.ioc.weaver.DefaultWeaver.fill(DefaultWeaver.java:56)
	at org.nutz.ioc.impl.ObjectMakerImpl.make(ObjectMakerImpl.java:135)
	... 44 more

test_daoex_update(org.nutz.dao.test.normal.SimpleDaoTest)  Time elapsed: 0 sec  <<< ERROR!
org.nutz.ioc.IocException: [dao, dataSource, config] # FAIL to create Ioc Bean name=[config]
	at org.nutz.ioc.impl.ObjectMakerImpl.make(ObjectMakerImpl.java:149)
	at org.nutz.ioc.impl.NutIoc.get(NutIoc.java:201)
	at org.nutz.ioc.impl.NutIoc.get(NutIoc.java:227)
	at org.nutz.ioc.java.IocObjectNode.getValue(IocObjectNode.java:19)
	at org.nutz.ioc.java.ChainNode.eval(ChainNode.java:24)
	at org.nutz.ioc.java.ChainNode.eval(ChainNode.java:19)
	at org.nutz.ioc.val.JavaValue.get(JavaValue.java:69)
	at org.nutz.ioc.weaver.FieldInjector.inject(FieldInjector.java:31)
	at org.nutz.ioc.weaver.DefaultWeaver.fill(DefaultWeaver.java:56)
	at org.nutz.ioc.impl.ObjectMakerImpl.make(ObjectMakerImpl.java:135)
	at org.nutz.ioc.impl.NutIoc.get(NutIoc.java:201)
	at org.nutz.ioc.val.ReferValue.get(ReferValue.java:24)
	at org.nutz.ioc.impl.ObjectMakerImpl.make(ObjectMakerImpl.java:75)
	at org.nutz.ioc.impl.NutIoc.get(NutIoc.java:201)
	at org.nutz.ioc.impl.NutIoc.get(NutIoc.java:227)
	at org.nutz.dao.test.DaoCase.setUp(DaoCase.java:21)
	at sun.reflect.GeneratedMethodAccessor19.invoke(Unknown Source)
	at sun.reflect.DelegatingMethodAccessorImpl.invoke(DelegatingMethodAccessorImpl.java:43)
	at java.lang.reflect.Method.invoke(Method.java:498)
	at org.junit.runners.model.FrameworkMethod$1.runReflectiveCall(FrameworkMethod.java:44)
	at org.junit.internal.runners.model.ReflectiveCallable.run(ReflectiveCallable.java:15)
	at org.junit.runners.model.FrameworkMethod.invokeExplosively(FrameworkMethod.java:41)
	at org.junit.internal.runners.statements.RunBefores.evaluate(RunBefores.java:27)
	at org.junit.internal.runners.statements.RunAfters.evaluate(RunAfters.java:31)
	at org.junit.runners.BlockJUnit4ClassRunner.runNotIgnored(BlockJUnit4ClassRunner.java:79)
	at org.junit.runners.BlockJUnit4ClassRunner.runChild(BlockJUnit4ClassRunner.java:71)
	at org.junit.runners.BlockJUnit4ClassRunner.runChild(BlockJUnit4ClassRunner.java:49)
	at org.junit.runners.ParentRunner$3.run(ParentRunner.java:193)
	at org.junit.runners.ParentRunner$1.schedule(ParentRunner.java:52)
	at org.junit.runners.ParentRunner.runChildren(ParentRunner.java:191)
	at org.junit.runners.ParentRunner.access$000(ParentRunner.java:42)
	at org.junit.runners.ParentRunner$2.evaluate(ParentRunner.java:184)
	at org.junit.runners.ParentRunner.run(ParentRunner.java:236)
	at org.apache.maven.surefire.junit4.JUnit4Provider.execute(JUnit4Provider.java:252)
	at org.apache.maven.surefire.junit4.JUnit4Provider.executeTestSet(JUnit4Provider.java:141)
	at org.apache.maven.surefire.junit4.JUnit4Provider.invoke(JUnit4Provider.java:112)
	at sun.reflect.NativeMethodAccessorImpl.invoke0(Native Method)
	at sun.reflect.NativeMethodAccessorImpl.invoke(NativeMethodAccessorImpl.java:62)
	at sun.reflect.DelegatingMethodAccessorImpl.invoke(DelegatingMethodAccessorImpl.java:43)
	at java.lang.reflect.Method.invoke(Method.java:498)
	at org.apache.maven.surefire.util.ReflectionUtils.invokeMethodWithArray(ReflectionUtils.java:189)
	at org.apache.maven.surefire.booter.ProviderFactory$ProviderProxy.invoke(ProviderFactory.java:165)
	at org.apache.maven.surefire.booter.ProviderFactory.invokeProvider(ProviderFactory.java:85)
	at org.apache.maven.surefire.booter.ForkedBooter.runSuitesInProcess(ForkedBooter.java:115)
	at org.apache.maven.surefire.booter.ForkedBooter.main(ForkedBooter.java:75)
Caused by: java.lang.RuntimeException: Fail to set '[nutz-test.properties]'[ [Ljava.lang.String;@5679e464 ] by setter org.nutz.ioc.impl.PropertiesProxy.'setPaths()' because [java.lang.RuntimeException: folder or file like '^.+[.]properties$' no found in nutz-test.properties]: folder or file like '^.+[.]properties$' no found in nutz-test.properties
	at org.nutz.lang.Lang.makeThrow(Lang.java:104)
	at org.nutz.lang.inject.InjectBySetter.inject(InjectBySetter.java:44)
	at org.nutz.ioc.weaver.FieldInjector.inject(FieldInjector.java:32)
	at org.nutz.ioc.weaver.DefaultWeaver.fill(DefaultWeaver.java:56)
	at org.nutz.ioc.impl.ObjectMakerImpl.make(ObjectMakerImpl.java:135)
	... 44 more

test_bean_uuid(org.nutz.dao.test.normal.SimpleDaoTest)  Time elapsed: 0 sec  <<< ERROR!
org.nutz.ioc.IocException: [dao, dataSource, config] # FAIL to create Ioc Bean name=[config]
	at org.nutz.ioc.impl.ObjectMakerImpl.make(ObjectMakerImpl.java:149)
	at org.nutz.ioc.impl.NutIoc.get(NutIoc.java:201)
	at org.nutz.ioc.impl.NutIoc.get(NutIoc.java:227)
	at org.nutz.ioc.java.IocObjectNode.getValue(IocObjectNode.java:19)
	at org.nutz.ioc.java.ChainNode.eval(ChainNode.java:24)
	at org.nutz.ioc.java.ChainNode.eval(ChainNode.java:19)
	at org.nutz.ioc.val.JavaValue.get(JavaValue.java:69)
	at org.nutz.ioc.weaver.FieldInjector.inject(FieldInjector.java:31)
	at org.nutz.ioc.weaver.DefaultWeaver.fill(DefaultWeaver.java:56)
	at org.nutz.ioc.impl.ObjectMakerImpl.make(ObjectMakerImpl.java:135)
	at org.nutz.ioc.impl.NutIoc.get(NutIoc.java:201)
	at org.nutz.ioc.val.ReferValue.get(ReferValue.java:24)
	at org.nutz.ioc.impl.ObjectMakerImpl.make(ObjectMakerImpl.java:75)
	at org.nutz.ioc.impl.NutIoc.get(NutIoc.java:201)
	at org.nutz.ioc.impl.NutIoc.get(NutIoc.java:227)
	at org.nutz.dao.test.DaoCase.setUp(DaoCase.java:21)
	at sun.reflect.GeneratedMethodAccessor19.invoke(Unknown Source)
	at sun.reflect.DelegatingMethodAccessorImpl.invoke(DelegatingMethodAccessorImpl.java:43)
	at java.lang.reflect.Method.invoke(Method.java:498)
	at org.junit.runners.model.FrameworkMethod$1.runReflectiveCall(FrameworkMethod.java:44)
	at org.junit.internal.runners.model.ReflectiveCallable.run(ReflectiveCallable.java:15)
	at org.junit.runners.model.FrameworkMethod.invokeExplosively(FrameworkMethod.java:41)
	at org.junit.internal.runners.statements.RunBefores.evaluate(RunBefores.java:27)
	at org.junit.internal.runners.statements.RunAfters.evaluate(RunAfters.java:31)
	at org.junit.runners.BlockJUnit4ClassRunner.runNotIgnored(BlockJUnit4ClassRunner.java:79)
	at org.junit.runners.BlockJUnit4ClassRunner.runChild(BlockJUnit4ClassRunner.java:71)
	at org.junit.runners.BlockJUnit4ClassRunner.runChild(BlockJUnit4ClassRunner.java:49)
	at org.junit.runners.ParentRunner$3.run(ParentRunner.java:193)
	at org.junit.runners.ParentRunner$1.schedule(ParentRunner.java:52)
	at org.junit.runners.ParentRunner.runChildren(ParentRunner.java:191)
	at org.junit.runners.ParentRunner.access$000(ParentRunner.java:42)
	at org.junit.runners.ParentRunner$2.evaluate(ParentRunner.java:184)
	at org.junit.runners.ParentRunner.run(ParentRunner.java:236)
	at org.apache.maven.surefire.junit4.JUnit4Provider.execute(JUnit4Provider.java:252)
	at org.apache.maven.surefire.junit4.JUnit4Provider.executeTestSet(JUnit4Provider.java:141)
	at org.apache.maven.surefire.junit4.JUnit4Provider.invoke(JUnit4Provider.java:112)
	at sun.reflect.NativeMethodAccessorImpl.invoke0(Native Method)
	at sun.reflect.NativeMethodAccessorImpl.invoke(NativeMethodAccessorImpl.java:62)
	at sun.reflect.DelegatingMethodAccessorImpl.invoke(DelegatingMethodAccessorImpl.java:43)
	at java.lang.reflect.Method.invoke(Method.java:498)
	at org.apache.maven.surefire.util.ReflectionUtils.invokeMethodWithArray(ReflectionUtils.java:189)
	at org.apache.maven.surefire.booter.ProviderFactory$ProviderProxy.invoke(ProviderFactory.java:165)
	at org.apache.maven.surefire.booter.ProviderFactory.invokeProvider(ProviderFactory.java:85)
	at org.apache.maven.surefire.booter.ForkedBooter.runSuitesInProcess(ForkedBooter.java:115)
	at org.apache.maven.surefire.booter.ForkedBooter.main(ForkedBooter.java:75)
Caused by: java.lang.RuntimeException: Fail to set '[nutz-test.properties]'[ [Ljava.lang.String;@7acb0a44 ] by setter org.nutz.ioc.impl.PropertiesProxy.'setPaths()' because [java.lang.RuntimeException: folder or file like '^.+[.]properties$' no found in nutz-test.properties]: folder or file like '^.+[.]properties$' no found in nutz-test.properties
	at org.nutz.lang.Lang.makeThrow(Lang.java:104)
	at org.nutz.lang.inject.InjectBySetter.inject(InjectBySetter.java:44)
	at org.nutz.ioc.weaver.FieldInjector.inject(FieldInjector.java:32)
	at org.nutz.ioc.weaver.DefaultWeaver.fill(DefaultWeaver.java:56)
	at org.nutz.ioc.impl.ObjectMakerImpl.make(ObjectMakerImpl.java:135)
	... 44 more

test_fetchLinks(org.nutz.dao.test.normal.SimpleDaoTest)  Time elapsed: 0 sec  <<< ERROR!
org.nutz.ioc.IocException: [dao, dataSource, config] # FAIL to create Ioc Bean name=[config]
	at org.nutz.ioc.impl.ObjectMakerImpl.make(ObjectMakerImpl.java:149)
	at org.nutz.ioc.impl.NutIoc.get(NutIoc.java:201)
	at org.nutz.ioc.impl.NutIoc.get(NutIoc.java:227)
	at org.nutz.ioc.java.IocObjectNode.getValue(IocObjectNode.java:19)
	at org.nutz.ioc.java.ChainNode.eval(ChainNode.java:24)
	at org.nutz.ioc.java.ChainNode.eval(ChainNode.java:19)
	at org.nutz.ioc.val.JavaValue.get(JavaValue.java:69)
	at org.nutz.ioc.weaver.FieldInjector.inject(FieldInjector.java:31)
	at org.nutz.ioc.weaver.DefaultWeaver.fill(DefaultWeaver.java:56)
	at org.nutz.ioc.impl.ObjectMakerImpl.make(ObjectMakerImpl.java:135)
	at org.nutz.ioc.impl.NutIoc.get(NutIoc.java:201)
	at org.nutz.ioc.val.ReferValue.get(ReferValue.java:24)
	at org.nutz.ioc.impl.ObjectMakerImpl.make(ObjectMakerImpl.java:75)
	at org.nutz.ioc.impl.NutIoc.get(NutIoc.java:201)
	at org.nutz.ioc.impl.NutIoc.get(NutIoc.java:227)
	at org.nutz.dao.test.DaoCase.setUp(DaoCase.java:21)
	at sun.reflect.GeneratedMethodAccessor19.invoke(Unknown Source)
	at sun.reflect.DelegatingMethodAccessorImpl.invoke(DelegatingMethodAccessorImpl.java:43)
	at java.lang.reflect.Method.invoke(Method.java:498)
	at org.junit.runners.model.FrameworkMethod$1.runReflectiveCall(FrameworkMethod.java:44)
	at org.junit.internal.runners.model.ReflectiveCallable.run(ReflectiveCallable.java:15)
	at org.junit.runners.model.FrameworkMethod.invokeExplosively(FrameworkMethod.java:41)
	at org.junit.internal.runners.statements.RunBefores.evaluate(RunBefores.java:27)
	at org.junit.internal.runners.statements.RunAfters.evaluate(RunAfters.java:31)
	at org.junit.runners.BlockJUnit4ClassRunner.runNotIgnored(BlockJUnit4ClassRunner.java:79)
	at org.junit.runners.BlockJUnit4ClassRunner.runChild(BlockJUnit4ClassRunner.java:71)
	at org.junit.runners.BlockJUnit4ClassRunner.runChild(BlockJUnit4ClassRunner.java:49)
	at org.junit.runners.ParentRunner$3.run(ParentRunner.java:193)
	at org.junit.runners.ParentRunner$1.schedule(ParentRunner.java:52)
	at org.junit.runners.ParentRunner.runChildren(ParentRunner.java:191)
	at org.junit.runners.ParentRunner.access$000(ParentRunner.java:42)
	at org.junit.runners.ParentRunner$2.evaluate(ParentRunner.java:184)
	at org.junit.runners.ParentRunner.run(ParentRunner.java:236)
	at org.apache.maven.surefire.junit4.JUnit4Provider.execute(JUnit4Provider.java:252)
	at org.apache.maven.surefire.junit4.JUnit4Provider.executeTestSet(JUnit4Provider.java:141)
	at org.apache.maven.surefire.junit4.JUnit4Provider.invoke(JUnit4Provider.java:112)
	at sun.reflect.NativeMethodAccessorImpl.invoke0(Native Method)
	at sun.reflect.NativeMethodAccessorImpl.invoke(NativeMethodAccessorImpl.java:62)
	at sun.reflect.DelegatingMethodAccessorImpl.invoke(DelegatingMethodAccessorImpl.java:43)
	at java.lang.reflect.Method.invoke(Method.java:498)
	at org.apache.maven.surefire.util.ReflectionUtils.invokeMethodWithArray(ReflectionUtils.java:189)
	at org.apache.maven.surefire.booter.ProviderFactory$ProviderProxy.invoke(ProviderFactory.java:165)
	at org.apache.maven.surefire.booter.ProviderFactory.invokeProvider(ProviderFactory.java:85)
	at org.apache.maven.surefire.booter.ForkedBooter.runSuitesInProcess(ForkedBooter.java:115)
	at org.apache.maven.surefire.booter.ForkedBooter.main(ForkedBooter.java:75)
Caused by: java.lang.RuntimeException: Fail to set '[nutz-test.properties]'[ [Ljava.lang.String;@32107bba ] by setter org.nutz.ioc.impl.PropertiesProxy.'setPaths()' because [java.lang.RuntimeException: folder or file like '^.+[.]properties$' no found in nutz-test.properties]: folder or file like '^.+[.]properties$' no found in nutz-test.properties
	at org.nutz.lang.Lang.makeThrow(Lang.java:104)
	at org.nutz.lang.inject.InjectBySetter.inject(InjectBySetter.java:44)
	at org.nutz.ioc.weaver.FieldInjector.inject(FieldInjector.java:32)
	at org.nutz.ioc.weaver.DefaultWeaver.fill(DefaultWeaver.java:56)
	at org.nutz.ioc.impl.ObjectMakerImpl.make(ObjectMakerImpl.java:135)
	... 44 more

test_insert_with_id(org.nutz.dao.test.normal.SimpleDaoTest)  Time elapsed: 0 sec  <<< ERROR!
org.nutz.ioc.IocException: [dao, dataSource, config] # FAIL to create Ioc Bean name=[config]
	at org.nutz.ioc.impl.ObjectMakerImpl.make(ObjectMakerImpl.java:149)
	at org.nutz.ioc.impl.NutIoc.get(NutIoc.java:201)
	at org.nutz.ioc.impl.NutIoc.get(NutIoc.java:227)
	at org.nutz.ioc.java.IocObjectNode.getValue(IocObjectNode.java:19)
	at org.nutz.ioc.java.ChainNode.eval(ChainNode.java:24)
	at org.nutz.ioc.java.ChainNode.eval(ChainNode.java:19)
	at org.nutz.ioc.val.JavaValue.get(JavaValue.java:69)
	at org.nutz.ioc.weaver.FieldInjector.inject(FieldInjector.java:31)
	at org.nutz.ioc.weaver.DefaultWeaver.fill(DefaultWeaver.java:56)
	at org.nutz.ioc.impl.ObjectMakerImpl.make(ObjectMakerImpl.java:135)
	at org.nutz.ioc.impl.NutIoc.get(NutIoc.java:201)
	at org.nutz.ioc.val.ReferValue.get(ReferValue.java:24)
	at org.nutz.ioc.impl.ObjectMakerImpl.make(ObjectMakerImpl.java:75)
	at org.nutz.ioc.impl.NutIoc.get(NutIoc.java:201)
	at org.nutz.ioc.impl.NutIoc.get(NutIoc.java:227)
	at org.nutz.dao.test.DaoCase.setUp(DaoCase.java:21)
	at sun.reflect.GeneratedMethodAccessor19.invoke(Unknown Source)
	at sun.reflect.DelegatingMethodAccessorImpl.invoke(DelegatingMethodAccessorImpl.java:43)
	at java.lang.reflect.Method.invoke(Method.java:498)
	at org.junit.runners.model.FrameworkMethod$1.runReflectiveCall(FrameworkMethod.java:44)
	at org.junit.internal.runners.model.ReflectiveCallable.run(ReflectiveCallable.java:15)
	at org.junit.runners.model.FrameworkMethod.invokeExplosively(FrameworkMethod.java:41)
	at org.junit.internal.runners.statements.RunBefores.evaluate(RunBefores.java:27)
	at org.junit.internal.runners.statements.RunAfters.evaluate(RunAfters.java:31)
	at org.junit.runners.BlockJUnit4ClassRunner.runNotIgnored(BlockJUnit4ClassRunner.java:79)
	at org.junit.runners.BlockJUnit4ClassRunner.runChild(BlockJUnit4ClassRunner.java:71)
	at org.junit.runners.BlockJUnit4ClassRunner.runChild(BlockJUnit4ClassRunner.java:49)
	at org.junit.runners.ParentRunner$3.run(ParentRunner.java:193)
	at org.junit.runners.ParentRunner$1.schedule(ParentRunner.java:52)
	at org.junit.runners.ParentRunner.runChildren(ParentRunner.java:191)
	at org.junit.runners.ParentRunner.access$000(ParentRunner.java:42)
	at org.junit.runners.ParentRunner$2.evaluate(ParentRunner.java:184)
	at org.junit.runners.ParentRunner.run(ParentRunner.java:236)
	at org.apache.maven.surefire.junit4.JUnit4Provider.execute(JUnit4Provider.java:252)
	at org.apache.maven.surefire.junit4.JUnit4Provider.executeTestSet(JUnit4Provider.java:141)
	at org.apache.maven.surefire.junit4.JUnit4Provider.invoke(JUnit4Provider.java:112)
	at sun.reflect.NativeMethodAccessorImpl.invoke0(Native Method)
	at sun.reflect.NativeMethodAccessorImpl.invoke(NativeMethodAccessorImpl.java:62)
	at sun.reflect.DelegatingMethodAccessorImpl.invoke(DelegatingMethodAccessorImpl.java:43)
	at java.lang.reflect.Method.invoke(Method.java:498)
	at org.apache.maven.surefire.util.ReflectionUtils.invokeMethodWithArray(ReflectionUtils.java:189)
	at org.apache.maven.surefire.booter.ProviderFactory$ProviderProxy.invoke(ProviderFactory.java:165)
	at org.apache.maven.surefire.booter.ProviderFactory.invokeProvider(ProviderFactory.java:85)
	at org.apache.maven.surefire.booter.ForkedBooter.runSuitesInProcess(ForkedBooter.java:115)
	at org.apache.maven.surefire.booter.ForkedBooter.main(ForkedBooter.java:75)
Caused by: java.lang.RuntimeException: Fail to set '[nutz-test.properties]'[ [Ljava.lang.String;@7c75f3a8 ] by setter org.nutz.ioc.impl.PropertiesProxy.'setPaths()' because [java.lang.RuntimeException: folder or file like '^.+[.]properties$' no found in nutz-test.properties]: folder or file like '^.+[.]properties$' no found in nutz-test.properties
	at org.nutz.lang.Lang.makeThrow(Lang.java:104)
	at org.nutz.lang.inject.InjectBySetter.inject(InjectBySetter.java:44)
	at org.nutz.ioc.weaver.FieldInjector.inject(FieldInjector.java:32)
	at org.nutz.ioc.weaver.DefaultWeaver.fill(DefaultWeaver.java:56)
	at org.nutz.ioc.impl.ObjectMakerImpl.make(ObjectMakerImpl.java:135)
	... 44 more

test_use_blob_clob(org.nutz.dao.test.normal.SimpleDaoTest)  Time elapsed: 0 sec  <<< ERROR!
org.nutz.ioc.IocException: [dao, dataSource, config] # FAIL to create Ioc Bean name=[config]
	at org.nutz.ioc.impl.ObjectMakerImpl.make(ObjectMakerImpl.java:149)
	at org.nutz.ioc.impl.NutIoc.get(NutIoc.java:201)
	at org.nutz.ioc.impl.NutIoc.get(NutIoc.java:227)
	at org.nutz.ioc.java.IocObjectNode.getValue(IocObjectNode.java:19)
	at org.nutz.ioc.java.ChainNode.eval(ChainNode.java:24)
	at org.nutz.ioc.java.ChainNode.eval(ChainNode.java:19)
	at org.nutz.ioc.val.JavaValue.get(JavaValue.java:69)
	at org.nutz.ioc.weaver.FieldInjector.inject(FieldInjector.java:31)
	at org.nutz.ioc.weaver.DefaultWeaver.fill(DefaultWeaver.java:56)
	at org.nutz.ioc.impl.ObjectMakerImpl.make(ObjectMakerImpl.java:135)
	at org.nutz.ioc.impl.NutIoc.get(NutIoc.java:201)
	at org.nutz.ioc.val.ReferValue.get(ReferValue.java:24)
	at org.nutz.ioc.impl.ObjectMakerImpl.make(ObjectMakerImpl.java:75)
	at org.nutz.ioc.impl.NutIoc.get(NutIoc.java:201)
	at org.nutz.ioc.impl.NutIoc.get(NutIoc.java:227)
	at org.nutz.dao.test.DaoCase.setUp(DaoCase.java:21)
	at sun.reflect.GeneratedMethodAccessor19.invoke(Unknown Source)
	at sun.reflect.DelegatingMethodAccessorImpl.invoke(DelegatingMethodAccessorImpl.java:43)
	at java.lang.reflect.Method.invoke(Method.java:498)
	at org.junit.runners.model.FrameworkMethod$1.runReflectiveCall(FrameworkMethod.java:44)
	at org.junit.internal.runners.model.ReflectiveCallable.run(ReflectiveCallable.java:15)
	at org.junit.runners.model.FrameworkMethod.invokeExplosively(FrameworkMethod.java:41)
	at org.junit.internal.runners.statements.RunBefores.evaluate(RunBefores.java:27)
	at org.junit.internal.runners.statements.RunAfters.evaluate(RunAfters.java:31)
	at org.junit.runners.BlockJUnit4ClassRunner.runNotIgnored(BlockJUnit4ClassRunner.java:79)
	at org.junit.runners.BlockJUnit4ClassRunner.runChild(BlockJUnit4ClassRunner.java:71)
	at org.junit.runners.BlockJUnit4ClassRunner.runChild(BlockJUnit4ClassRunner.java:49)
	at org.junit.runners.ParentRunner$3.run(ParentRunner.java:193)
	at org.junit.runners.ParentRunner$1.schedule(ParentRunner.java:52)
	at org.junit.runners.ParentRunner.runChildren(ParentRunner.java:191)
	at org.junit.runners.ParentRunner.access$000(ParentRunner.java:42)
	at org.junit.runners.ParentRunner$2.evaluate(ParentRunner.java:184)
	at org.junit.runners.ParentRunner.run(ParentRunner.java:236)
	at org.apache.maven.surefire.junit4.JUnit4Provider.execute(JUnit4Provider.java:252)
	at org.apache.maven.surefire.junit4.JUnit4Provider.executeTestSet(JUnit4Provider.java:141)
	at org.apache.maven.surefire.junit4.JUnit4Provider.invoke(JUnit4Provider.java:112)
	at sun.reflect.NativeMethodAccessorImpl.invoke0(Native Method)
	at sun.reflect.NativeMethodAccessorImpl.invoke(NativeMethodAccessorImpl.java:62)
	at sun.reflect.DelegatingMethodAccessorImpl.invoke(DelegatingMethodAccessorImpl.java:43)
	at java.lang.reflect.Method.invoke(Method.java:498)
	at org.apache.maven.surefire.util.ReflectionUtils.invokeMethodWithArray(ReflectionUtils.java:189)
	at org.apache.maven.surefire.booter.ProviderFactory$ProviderProxy.invoke(ProviderFactory.java:165)
	at org.apache.maven.surefire.booter.ProviderFactory.invokeProvider(ProviderFactory.java:85)
	at org.apache.maven.surefire.booter.ForkedBooter.runSuitesInProcess(ForkedBooter.java:115)
	at org.apache.maven.surefire.booter.ForkedBooter.main(ForkedBooter.java:75)
Caused by: java.lang.RuntimeException: Fail to set '[nutz-test.properties]'[ [Ljava.lang.String;@7beb2bc2 ] by setter org.nutz.ioc.impl.PropertiesProxy.'setPaths()' because [java.lang.RuntimeException: folder or file like '^.+[.]properties$' no found in nutz-test.properties]: folder or file like '^.+[.]properties$' no found in nutz-test.properties
	at org.nutz.lang.Lang.makeThrow(Lang.java:104)
	at org.nutz.lang.inject.InjectBySetter.inject(InjectBySetter.java:44)
	at org.nutz.ioc.weaver.FieldInjector.inject(FieldInjector.java:32)
	at org.nutz.ioc.weaver.DefaultWeaver.fill(DefaultWeaver.java:56)
	at org.nutz.ioc.impl.ObjectMakerImpl.make(ObjectMakerImpl.java:135)
	... 44 more

test_migration(org.nutz.dao.test.normal.SimpleDaoTest)  Time elapsed: 0 sec  <<< ERROR!
org.nutz.ioc.IocException: [dao, dataSource, config] # FAIL to create Ioc Bean name=[config]
	at org.nutz.ioc.impl.ObjectMakerImpl.make(ObjectMakerImpl.java:149)
	at org.nutz.ioc.impl.NutIoc.get(NutIoc.java:201)
	at org.nutz.ioc.impl.NutIoc.get(NutIoc.java:227)
	at org.nutz.ioc.java.IocObjectNode.getValue(IocObjectNode.java:19)
	at org.nutz.ioc.java.ChainNode.eval(ChainNode.java:24)
	at org.nutz.ioc.java.ChainNode.eval(ChainNode.java:19)
	at org.nutz.ioc.val.JavaValue.get(JavaValue.java:69)
	at org.nutz.ioc.weaver.FieldInjector.inject(FieldInjector.java:31)
	at org.nutz.ioc.weaver.DefaultWeaver.fill(DefaultWeaver.java:56)
	at org.nutz.ioc.impl.ObjectMakerImpl.make(ObjectMakerImpl.java:135)
	at org.nutz.ioc.impl.NutIoc.get(NutIoc.java:201)
	at org.nutz.ioc.val.ReferValue.get(ReferValue.java:24)
	at org.nutz.ioc.impl.ObjectMakerImpl.make(ObjectMakerImpl.java:75)
	at org.nutz.ioc.impl.NutIoc.get(NutIoc.java:201)
	at org.nutz.ioc.impl.NutIoc.get(NutIoc.java:227)
	at org.nutz.dao.test.DaoCase.setUp(DaoCase.java:21)
	at sun.reflect.GeneratedMethodAccessor19.invoke(Unknown Source)
	at sun.reflect.DelegatingMethodAccessorImpl.invoke(DelegatingMethodAccessorImpl.java:43)
	at java.lang.reflect.Method.invoke(Method.java:498)
	at org.junit.runners.model.FrameworkMethod$1.runReflectiveCall(FrameworkMethod.java:44)
	at org.junit.internal.runners.model.ReflectiveCallable.run(ReflectiveCallable.java:15)
	at org.junit.runners.model.FrameworkMethod.invokeExplosively(FrameworkMethod.java:41)
	at org.junit.internal.runners.statements.RunBefores.evaluate(RunBefores.java:27)
	at org.junit.internal.runners.statements.RunAfters.evaluate(RunAfters.java:31)
	at org.junit.runners.BlockJUnit4ClassRunner.runNotIgnored(BlockJUnit4ClassRunner.java:79)
	at org.junit.runners.BlockJUnit4ClassRunner.runChild(BlockJUnit4ClassRunner.java:71)
	at org.junit.runners.BlockJUnit4ClassRunner.runChild(BlockJUnit4ClassRunner.java:49)
	at org.junit.runners.ParentRunner$3.run(ParentRunner.java:193)
	at org.junit.runners.ParentRunner$1.schedule(ParentRunner.java:52)
	at org.junit.runners.ParentRunner.runChildren(ParentRunner.java:191)
	at org.junit.runners.ParentRunner.access$000(ParentRunner.java:42)
	at org.junit.runners.ParentRunner$2.evaluate(ParentRunner.java:184)
	at org.junit.runners.ParentRunner.run(ParentRunner.java:236)
	at org.apache.maven.surefire.junit4.JUnit4Provider.execute(JUnit4Provider.java:252)
	at org.apache.maven.surefire.junit4.JUnit4Provider.executeTestSet(JUnit4Provider.java:141)
	at org.apache.maven.surefire.junit4.JUnit4Provider.invoke(JUnit4Provider.java:112)
	at sun.reflect.NativeMethodAccessorImpl.invoke0(Native Method)
	at sun.reflect.NativeMethodAccessorImpl.invoke(NativeMethodAccessorImpl.java:62)
	at sun.reflect.DelegatingMethodAccessorImpl.invoke(DelegatingMethodAccessorImpl.java:43)
	at java.lang.reflect.Method.invoke(Method.java:498)
	at org.apache.maven.surefire.util.ReflectionUtils.invokeMethodWithArray(ReflectionUtils.java:189)
	at org.apache.maven.surefire.booter.ProviderFactory$ProviderProxy.invoke(ProviderFactory.java:165)
	at org.apache.maven.surefire.booter.ProviderFactory.invokeProvider(ProviderFactory.java:85)
	at org.apache.maven.surefire.booter.ForkedBooter.runSuitesInProcess(ForkedBooter.java:115)
	at org.apache.maven.surefire.booter.ForkedBooter.main(ForkedBooter.java:75)
Caused by: java.lang.RuntimeException: Fail to set '[nutz-test.properties]'[ [Ljava.lang.String;@6fc44cb6 ] by setter org.nutz.ioc.impl.PropertiesProxy.'setPaths()' because [java.lang.RuntimeException: folder or file like '^.+[.]properties$' no found in nutz-test.properties]: folder or file like '^.+[.]properties$' no found in nutz-test.properties
	at org.nutz.lang.Lang.makeThrow(Lang.java:104)
	at org.nutz.lang.inject.InjectBySetter.inject(InjectBySetter.java:44)
	at org.nutz.ioc.weaver.FieldInjector.inject(FieldInjector.java:32)
	at org.nutz.ioc.weaver.DefaultWeaver.fill(DefaultWeaver.java:56)
	at org.nutz.ioc.impl.ObjectMakerImpl.make(ObjectMakerImpl.java:135)
	... 44 more

test_dynamic_migration(org.nutz.dao.test.normal.SimpleDaoTest)  Time elapsed: 0.001 sec  <<< ERROR!
org.nutz.ioc.IocException: [dao, dataSource, config] # FAIL to create Ioc Bean name=[config]
	at org.nutz.ioc.impl.ObjectMakerImpl.make(ObjectMakerImpl.java:149)
	at org.nutz.ioc.impl.NutIoc.get(NutIoc.java:201)
	at org.nutz.ioc.impl.NutIoc.get(NutIoc.java:227)
	at org.nutz.ioc.java.IocObjectNode.getValue(IocObjectNode.java:19)
	at org.nutz.ioc.java.ChainNode.eval(ChainNode.java:24)
	at org.nutz.ioc.java.ChainNode.eval(ChainNode.java:19)
	at org.nutz.ioc.val.JavaValue.get(JavaValue.java:69)
	at org.nutz.ioc.weaver.FieldInjector.inject(FieldInjector.java:31)
	at org.nutz.ioc.weaver.DefaultWeaver.fill(DefaultWeaver.java:56)
	at org.nutz.ioc.impl.ObjectMakerImpl.make(ObjectMakerImpl.java:135)
	at org.nutz.ioc.impl.NutIoc.get(NutIoc.java:201)
	at org.nutz.ioc.val.ReferValue.get(ReferValue.java:24)
	at org.nutz.ioc.impl.ObjectMakerImpl.make(ObjectMakerImpl.java:75)
	at org.nutz.ioc.impl.NutIoc.get(NutIoc.java:201)
	at org.nutz.ioc.impl.NutIoc.get(NutIoc.java:227)
	at org.nutz.dao.test.DaoCase.setUp(DaoCase.java:21)
	at sun.reflect.GeneratedMethodAccessor19.invoke(Unknown Source)
	at sun.reflect.DelegatingMethodAccessorImpl.invoke(DelegatingMethodAccessorImpl.java:43)
	at java.lang.reflect.Method.invoke(Method.java:498)
	at org.junit.runners.model.FrameworkMethod$1.runReflectiveCall(FrameworkMethod.java:44)
	at org.junit.internal.runners.model.ReflectiveCallable.run(ReflectiveCallable.java:15)
	at org.junit.runners.model.FrameworkMethod.invokeExplosively(FrameworkMethod.java:41)
	at org.junit.internal.runners.statements.RunBefores.evaluate(RunBefores.java:27)
	at org.junit.internal.runners.statements.RunAfters.evaluate(RunAfters.java:31)
	at org.junit.runners.BlockJUnit4ClassRunner.runNotIgnored(BlockJUnit4ClassRunner.java:79)
	at org.junit.runners.BlockJUnit4ClassRunner.runChild(BlockJUnit4ClassRunner.java:71)
	at org.junit.runners.BlockJUnit4ClassRunner.runChild(BlockJUnit4ClassRunner.java:49)
	at org.junit.runners.ParentRunner$3.run(ParentRunner.java:193)
	at org.junit.runners.ParentRunner$1.schedule(ParentRunner.java:52)
	at org.junit.runners.ParentRunner.runChildren(ParentRunner.java:191)
	at org.junit.runners.ParentRunner.access$000(ParentRunner.java:42)
	at org.junit.runners.ParentRunner$2.evaluate(ParentRunner.java:184)
	at org.junit.runners.ParentRunner.run(ParentRunner.java:236)
	at org.apache.maven.surefire.junit4.JUnit4Provider.execute(JUnit4Provider.java:252)
	at org.apache.maven.surefire.junit4.JUnit4Provider.executeTestSet(JUnit4Provider.java:141)
	at org.apache.maven.surefire.junit4.JUnit4Provider.invoke(JUnit4Provider.java:112)
	at sun.reflect.NativeMethodAccessorImpl.invoke0(Native Method)
	at sun.reflect.NativeMethodAccessorImpl.invoke(NativeMethodAccessorImpl.java:62)
	at sun.reflect.DelegatingMethodAccessorImpl.invoke(DelegatingMethodAccessorImpl.java:43)
	at java.lang.reflect.Method.invoke(Method.java:498)
	at org.apache.maven.surefire.util.ReflectionUtils.invokeMethodWithArray(ReflectionUtils.java:189)
	at org.apache.maven.surefire.booter.ProviderFactory$ProviderProxy.invoke(ProviderFactory.java:165)
	at org.apache.maven.surefire.booter.ProviderFactory.invokeProvider(ProviderFactory.java:85)
	at org.apache.maven.surefire.booter.ForkedBooter.runSuitesInProcess(ForkedBooter.java:115)
	at org.apache.maven.surefire.booter.ForkedBooter.main(ForkedBooter.java:75)
Caused by: java.lang.RuntimeException: Fail to set '[nutz-test.properties]'[ [Ljava.lang.String;@33c6c4f ] by setter org.nutz.ioc.impl.PropertiesProxy.'setPaths()' because [java.lang.RuntimeException: folder or file like '^.+[.]properties$' no found in nutz-test.properties]: folder or file like '^.+[.]properties$' no found in nutz-test.properties
	at org.nutz.lang.Lang.makeThrow(Lang.java:104)
	at org.nutz.lang.inject.InjectBySetter.inject(InjectBySetter.java:44)
	at org.nutz.ioc.weaver.FieldInjector.inject(FieldInjector.java:32)
	at org.nutz.ioc.weaver.DefaultWeaver.fill(DefaultWeaver.java:56)
	at org.nutz.ioc.impl.ObjectMakerImpl.make(ObjectMakerImpl.java:135)
	... 44 more

test_varchar_BigDecimal(org.nutz.dao.test.normal.SimpleDaoTest)  Time elapsed: 0 sec  <<< ERROR!
org.nutz.ioc.IocException: [dao, dataSource, config] # FAIL to create Ioc Bean name=[config]
	at org.nutz.ioc.impl.ObjectMakerImpl.make(ObjectMakerImpl.java:149)
	at org.nutz.ioc.impl.NutIoc.get(NutIoc.java:201)
	at org.nutz.ioc.impl.NutIoc.get(NutIoc.java:227)
	at org.nutz.ioc.java.IocObjectNode.getValue(IocObjectNode.java:19)
	at org.nutz.ioc.java.ChainNode.eval(ChainNode.java:24)
	at org.nutz.ioc.java.ChainNode.eval(ChainNode.java:19)
	at org.nutz.ioc.val.JavaValue.get(JavaValue.java:69)
	at org.nutz.ioc.weaver.FieldInjector.inject(FieldInjector.java:31)
	at org.nutz.ioc.weaver.DefaultWeaver.fill(DefaultWeaver.java:56)
	at org.nutz.ioc.impl.ObjectMakerImpl.make(ObjectMakerImpl.java:135)
	at org.nutz.ioc.impl.NutIoc.get(NutIoc.java:201)
	at org.nutz.ioc.val.ReferValue.get(ReferValue.java:24)
	at org.nutz.ioc.impl.ObjectMakerImpl.make(ObjectMakerImpl.java:75)
	at org.nutz.ioc.impl.NutIoc.get(NutIoc.java:201)
	at org.nutz.ioc.impl.NutIoc.get(NutIoc.java:227)
	at org.nutz.dao.test.DaoCase.setUp(DaoCase.java:21)
	at sun.reflect.GeneratedMethodAccessor19.invoke(Unknown Source)
	at sun.reflect.DelegatingMethodAccessorImpl.invoke(DelegatingMethodAccessorImpl.java:43)
	at java.lang.reflect.Method.invoke(Method.java:498)
	at org.junit.runners.model.FrameworkMethod$1.runReflectiveCall(FrameworkMethod.java:44)
	at org.junit.internal.runners.model.ReflectiveCallable.run(ReflectiveCallable.java:15)
	at org.junit.runners.model.FrameworkMethod.invokeExplosively(FrameworkMethod.java:41)
	at org.junit.internal.runners.statements.RunBefores.evaluate(RunBefores.java:27)
	at org.junit.internal.runners.statements.RunAfters.evaluate(RunAfters.java:31)
	at org.junit.runners.BlockJUnit4ClassRunner.runNotIgnored(BlockJUnit4ClassRunner.java:79)
	at org.junit.runners.BlockJUnit4ClassRunner.runChild(BlockJUnit4ClassRunner.java:71)
	at org.junit.runners.BlockJUnit4ClassRunner.runChild(BlockJUnit4ClassRunner.java:49)
	at org.junit.runners.ParentRunner$3.run(ParentRunner.java:193)
	at org.junit.runners.ParentRunner$1.schedule(ParentRunner.java:52)
	at org.junit.runners.ParentRunner.runChildren(ParentRunner.java:191)
	at org.junit.runners.ParentRunner.access$000(ParentRunner.java:42)
	at org.junit.runners.ParentRunner$2.evaluate(ParentRunner.java:184)
	at org.junit.runners.ParentRunner.run(ParentRunner.java:236)
	at org.apache.maven.surefire.junit4.JUnit4Provider.execute(JUnit4Provider.java:252)
	at org.apache.maven.surefire.junit4.JUnit4Provider.executeTestSet(JUnit4Provider.java:141)
	at org.apache.maven.surefire.junit4.JUnit4Provider.invoke(JUnit4Provider.java:112)
	at sun.reflect.NativeMethodAccessorImpl.invoke0(Native Method)
	at sun.reflect.NativeMethodAccessorImpl.invoke(NativeMethodAccessorImpl.java:62)
	at sun.reflect.DelegatingMethodAccessorImpl.invoke(DelegatingMethodAccessorImpl.java:43)
	at java.lang.reflect.Method.invoke(Method.java:498)
	at org.apache.maven.surefire.util.ReflectionUtils.invokeMethodWithArray(ReflectionUtils.java:189)
	at org.apache.maven.surefire.booter.ProviderFactory$ProviderProxy.invoke(ProviderFactory.java:165)
	at org.apache.maven.surefire.booter.ProviderFactory.invokeProvider(ProviderFactory.java:85)
	at org.apache.maven.surefire.booter.ForkedBooter.runSuitesInProcess(ForkedBooter.java:115)
	at org.apache.maven.surefire.booter.ForkedBooter.main(ForkedBooter.java:75)
Caused by: java.lang.RuntimeException: Fail to set '[nutz-test.properties]'[ [Ljava.lang.String;@561494af ] by setter org.nutz.ioc.impl.PropertiesProxy.'setPaths()' because [java.lang.RuntimeException: folder or file like '^.+[.]properties$' no found in nutz-test.properties]: folder or file like '^.+[.]properties$' no found in nutz-test.properties
	at org.nutz.lang.Lang.makeThrow(Lang.java:104)
	at org.nutz.lang.inject.InjectBySetter.inject(InjectBySetter.java:44)
	at org.nutz.ioc.weaver.FieldInjector.inject(FieldInjector.java:32)
	at org.nutz.ioc.weaver.DefaultWeaver.fill(DefaultWeaver.java:56)
	at org.nutz.ioc.impl.ObjectMakerImpl.make(ObjectMakerImpl.java:135)
	... 44 more

test_xxx(org.nutz.dao.test.normal.SimpleDaoTest)  Time elapsed: 0 sec  <<< ERROR!
org.nutz.ioc.IocException: [dao, dataSource, config] # FAIL to create Ioc Bean name=[config]
	at org.nutz.ioc.impl.ObjectMakerImpl.make(ObjectMakerImpl.java:149)
	at org.nutz.ioc.impl.NutIoc.get(NutIoc.java:201)
	at org.nutz.ioc.impl.NutIoc.get(NutIoc.java:227)
	at org.nutz.ioc.java.IocObjectNode.getValue(IocObjectNode.java:19)
	at org.nutz.ioc.java.ChainNode.eval(ChainNode.java:24)
	at org.nutz.ioc.java.ChainNode.eval(ChainNode.java:19)
	at org.nutz.ioc.val.JavaValue.get(JavaValue.java:69)
	at org.nutz.ioc.weaver.FieldInjector.inject(FieldInjector.java:31)
	at org.nutz.ioc.weaver.DefaultWeaver.fill(DefaultWeaver.java:56)
	at org.nutz.ioc.impl.ObjectMakerImpl.make(ObjectMakerImpl.java:135)
	at org.nutz.ioc.impl.NutIoc.get(NutIoc.java:201)
	at org.nutz.ioc.val.ReferValue.get(ReferValue.java:24)
	at org.nutz.ioc.impl.ObjectMakerImpl.make(ObjectMakerImpl.java:75)
	at org.nutz.ioc.impl.NutIoc.get(NutIoc.java:201)
	at org.nutz.ioc.impl.NutIoc.get(NutIoc.java:227)
	at org.nutz.dao.test.DaoCase.setUp(DaoCase.java:21)
	at sun.reflect.GeneratedMethodAccessor19.invoke(Unknown Source)
	at sun.reflect.DelegatingMethodAccessorImpl.invoke(DelegatingMethodAccessorImpl.java:43)
	at java.lang.reflect.Method.invoke(Method.java:498)
	at org.junit.runners.model.FrameworkMethod$1.runReflectiveCall(FrameworkMethod.java:44)
	at org.junit.internal.runners.model.ReflectiveCallable.run(ReflectiveCallable.java:15)
	at org.junit.runners.model.FrameworkMethod.invokeExplosively(FrameworkMethod.java:41)
	at org.junit.internal.runners.statements.RunBefores.evaluate(RunBefores.java:27)
	at org.junit.internal.runners.statements.RunAfters.evaluate(RunAfters.java:31)
	at org.junit.runners.BlockJUnit4ClassRunner.runNotIgnored(BlockJUnit4ClassRunner.java:79)
	at org.junit.runners.BlockJUnit4ClassRunner.runChild(BlockJUnit4ClassRunner.java:71)
	at org.junit.runners.BlockJUnit4ClassRunner.runChild(BlockJUnit4ClassRunner.java:49)
	at org.junit.runners.ParentRunner$3.run(ParentRunner.java:193)
	at org.junit.runners.ParentRunner$1.schedule(ParentRunner.java:52)
	at org.junit.runners.ParentRunner.runChildren(ParentRunner.java:191)
	at org.junit.runners.ParentRunner.access$000(ParentRunner.java:42)
	at org.junit.runners.ParentRunner$2.evaluate(ParentRunner.java:184)
	at org.junit.runners.ParentRunner.run(ParentRunner.java:236)
	at org.apache.maven.surefire.junit4.JUnit4Provider.execute(JUnit4Provider.java:252)
	at org.apache.maven.surefire.junit4.JUnit4Provider.executeTestSet(JUnit4Provider.java:141)
	at org.apache.maven.surefire.junit4.JUnit4Provider.invoke(JUnit4Provider.java:112)
	at sun.reflect.NativeMethodAccessorImpl.invoke0(Native Method)
	at sun.reflect.NativeMethodAccessorImpl.invoke(NativeMethodAccessorImpl.java:62)
	at sun.reflect.DelegatingMethodAccessorImpl.invoke(DelegatingMethodAccessorImpl.java:43)
	at java.lang.reflect.Method.invoke(Method.java:498)
	at org.apache.maven.surefire.util.ReflectionUtils.invokeMethodWithArray(ReflectionUtils.java:189)
	at org.apache.maven.surefire.booter.ProviderFactory$ProviderProxy.invoke(ProviderFactory.java:165)
	at org.apache.maven.surefire.booter.ProviderFactory.invokeProvider(ProviderFactory.java:85)
	at org.apache.maven.surefire.booter.ForkedBooter.runSuitesInProcess(ForkedBooter.java:115)
	at org.apache.maven.surefire.booter.ForkedBooter.main(ForkedBooter.java:75)
Caused by: java.lang.RuntimeException: Fail to set '[nutz-test.properties]'[ [Ljava.lang.String;@b6a20ce ] by setter org.nutz.ioc.impl.PropertiesProxy.'setPaths()' because [java.lang.RuntimeException: folder or file like '^.+[.]properties$' no found in nutz-test.properties]: folder or file like '^.+[.]properties$' no found in nutz-test.properties
	at org.nutz.lang.Lang.makeThrow(Lang.java:104)
	at org.nutz.lang.inject.InjectBySetter.inject(InjectBySetter.java:44)
	at org.nutz.ioc.weaver.FieldInjector.inject(FieldInjector.java:32)
	at org.nutz.ioc.weaver.DefaultWeaver.fill(DefaultWeaver.java:56)
	at org.nutz.ioc.impl.ObjectMakerImpl.make(ObjectMakerImpl.java:135)
	... 44 more

test_issue_918(org.nutz.dao.test.normal.SimpleDaoTest)  Time elapsed: 0 sec  <<< ERROR!
org.nutz.ioc.IocException: [dao, dataSource, config] # FAIL to create Ioc Bean name=[config]
	at org.nutz.ioc.impl.ObjectMakerImpl.make(ObjectMakerImpl.java:149)
	at org.nutz.ioc.impl.NutIoc.get(NutIoc.java:201)
	at org.nutz.ioc.impl.NutIoc.get(NutIoc.java:227)
	at org.nutz.ioc.java.IocObjectNode.getValue(IocObjectNode.java:19)
	at org.nutz.ioc.java.ChainNode.eval(ChainNode.java:24)
	at org.nutz.ioc.java.ChainNode.eval(ChainNode.java:19)
	at org.nutz.ioc.val.JavaValue.get(JavaValue.java:69)
	at org.nutz.ioc.weaver.FieldInjector.inject(FieldInjector.java:31)
	at org.nutz.ioc.weaver.DefaultWeaver.fill(DefaultWeaver.java:56)
	at org.nutz.ioc.impl.ObjectMakerImpl.make(ObjectMakerImpl.java:135)
	at org.nutz.ioc.impl.NutIoc.get(NutIoc.java:201)
	at org.nutz.ioc.val.ReferValue.get(ReferValue.java:24)
	at org.nutz.ioc.impl.ObjectMakerImpl.make(ObjectMakerImpl.java:75)
	at org.nutz.ioc.impl.NutIoc.get(NutIoc.java:201)
	at org.nutz.ioc.impl.NutIoc.get(NutIoc.java:227)
	at org.nutz.dao.test.DaoCase.setUp(DaoCase.java:21)
	at sun.reflect.GeneratedMethodAccessor19.invoke(Unknown Source)
	at sun.reflect.DelegatingMethodAccessorImpl.invoke(DelegatingMethodAccessorImpl.java:43)
	at java.lang.reflect.Method.invoke(Method.java:498)
	at org.junit.runners.model.FrameworkMethod$1.runReflectiveCall(FrameworkMethod.java:44)
	at org.junit.internal.runners.model.ReflectiveCallable.run(ReflectiveCallable.java:15)
	at org.junit.runners.model.FrameworkMethod.invokeExplosively(FrameworkMethod.java:41)
	at org.junit.internal.runners.statements.RunBefores.evaluate(RunBefores.java:27)
	at org.junit.internal.runners.statements.RunAfters.evaluate(RunAfters.java:31)
	at org.junit.runners.BlockJUnit4ClassRunner.runNotIgnored(BlockJUnit4ClassRunner.java:79)
	at org.junit.runners.BlockJUnit4ClassRunner.runChild(BlockJUnit4ClassRunner.java:71)
	at org.junit.runners.BlockJUnit4ClassRunner.runChild(BlockJUnit4ClassRunner.java:49)
	at org.junit.runners.ParentRunner$3.run(ParentRunner.java:193)
	at org.junit.runners.ParentRunner$1.schedule(ParentRunner.java:52)
	at org.junit.runners.ParentRunner.runChildren(ParentRunner.java:191)
	at org.junit.runners.ParentRunner.access$000(ParentRunner.java:42)
	at org.junit.runners.ParentRunner$2.evaluate(ParentRunner.java:184)
	at org.junit.runners.ParentRunner.run(ParentRunner.java:236)
	at org.apache.maven.surefire.junit4.JUnit4Provider.execute(JUnit4Provider.java:252)
	at org.apache.maven.surefire.junit4.JUnit4Provider.executeTestSet(JUnit4Provider.java:141)
	at org.apache.maven.surefire.junit4.JUnit4Provider.invoke(JUnit4Provider.java:112)
	at sun.reflect.NativeMethodAccessorImpl.invoke0(Native Method)
	at sun.reflect.NativeMethodAccessorImpl.invoke(NativeMethodAccessorImpl.java:62)
	at sun.reflect.DelegatingMethodAccessorImpl.invoke(DelegatingMethodAccessorImpl.java:43)
	at java.lang.reflect.Method.invoke(Method.java:498)
	at org.apache.maven.surefire.util.ReflectionUtils.invokeMethodWithArray(ReflectionUtils.java:189)
	at org.apache.maven.surefire.booter.ProviderFactory$ProviderProxy.invoke(ProviderFactory.java:165)
	at org.apache.maven.surefire.booter.ProviderFactory.invokeProvider(ProviderFactory.java:85)
	at org.apache.maven.surefire.booter.ForkedBooter.runSuitesInProcess(ForkedBooter.java:115)
	at org.apache.maven.surefire.booter.ForkedBooter.main(ForkedBooter.java:75)
Caused by: java.lang.RuntimeException: Fail to set '[nutz-test.properties]'[ [Ljava.lang.String;@15b54cb7 ] by setter org.nutz.ioc.impl.PropertiesProxy.'setPaths()' because [java.lang.RuntimeException: folder or file like '^.+[.]properties$' no found in nutz-test.properties]: folder or file like '^.+[.]properties$' no found in nutz-test.properties
	at org.nutz.lang.Lang.makeThrow(Lang.java:104)
	at org.nutz.lang.inject.InjectBySetter.inject(InjectBySetter.java:44)
	at org.nutz.ioc.weaver.FieldInjector.inject(FieldInjector.java:32)
	at org.nutz.ioc.weaver.DefaultWeaver.fill(DefaultWeaver.java:56)
	at org.nutz.ioc.impl.ObjectMakerImpl.make(ObjectMakerImpl.java:135)
	... 44 more

test_issue_928(org.nutz.dao.test.normal.SimpleDaoTest)  Time elapsed: 0 sec  <<< ERROR!
org.nutz.ioc.IocException: [dao, dataSource, config] # FAIL to create Ioc Bean name=[config]
	at org.nutz.ioc.impl.ObjectMakerImpl.make(ObjectMakerImpl.java:149)
	at org.nutz.ioc.impl.NutIoc.get(NutIoc.java:201)
	at org.nutz.ioc.impl.NutIoc.get(NutIoc.java:227)
	at org.nutz.ioc.java.IocObjectNode.getValue(IocObjectNode.java:19)
	at org.nutz.ioc.java.ChainNode.eval(ChainNode.java:24)
	at org.nutz.ioc.java.ChainNode.eval(ChainNode.java:19)
	at org.nutz.ioc.val.JavaValue.get(JavaValue.java:69)
	at org.nutz.ioc.weaver.FieldInjector.inject(FieldInjector.java:31)
	at org.nutz.ioc.weaver.DefaultWeaver.fill(DefaultWeaver.java:56)
	at org.nutz.ioc.impl.ObjectMakerImpl.make(ObjectMakerImpl.java:135)
	at org.nutz.ioc.impl.NutIoc.get(NutIoc.java:201)
	at org.nutz.ioc.val.ReferValue.get(ReferValue.java:24)
	at org.nutz.ioc.impl.ObjectMakerImpl.make(ObjectMakerImpl.java:75)
	at org.nutz.ioc.impl.NutIoc.get(NutIoc.java:201)
	at org.nutz.ioc.impl.NutIoc.get(NutIoc.java:227)
	at org.nutz.dao.test.DaoCase.setUp(DaoCase.java:21)
	at sun.reflect.GeneratedMethodAccessor19.invoke(Unknown Source)
	at sun.reflect.DelegatingMethodAccessorImpl.invoke(DelegatingMethodAccessorImpl.java:43)
	at java.lang.reflect.Method.invoke(Method.java:498)
	at org.junit.runners.model.FrameworkMethod$1.runReflectiveCall(FrameworkMethod.java:44)
	at org.junit.internal.runners.model.ReflectiveCallable.run(ReflectiveCallable.java:15)
	at org.junit.runners.model.FrameworkMethod.invokeExplosively(FrameworkMethod.java:41)
	at org.junit.internal.runners.statements.RunBefores.evaluate(RunBefores.java:27)
	at org.junit.internal.runners.statements.RunAfters.evaluate(RunAfters.java:31)
	at org.junit.runners.BlockJUnit4ClassRunner.runNotIgnored(BlockJUnit4ClassRunner.java:79)
	at org.junit.runners.BlockJUnit4ClassRunner.runChild(BlockJUnit4ClassRunner.java:71)
	at org.junit.runners.BlockJUnit4ClassRunner.runChild(BlockJUnit4ClassRunner.java:49)
	at org.junit.runners.ParentRunner$3.run(ParentRunner.java:193)
	at org.junit.runners.ParentRunner$1.schedule(ParentRunner.java:52)
	at org.junit.runners.ParentRunner.runChildren(ParentRunner.java:191)
	at org.junit.runners.ParentRunner.access$000(ParentRunner.java:42)
	at org.junit.runners.ParentRunner$2.evaluate(ParentRunner.java:184)
	at org.junit.runners.ParentRunner.run(ParentRunner.java:236)
	at org.apache.maven.surefire.junit4.JUnit4Provider.execute(JUnit4Provider.java:252)
	at org.apache.maven.surefire.junit4.JUnit4Provider.executeTestSet(JUnit4Provider.java:141)
	at org.apache.maven.surefire.junit4.JUnit4Provider.invoke(JUnit4Provider.java:112)
	at sun.reflect.NativeMethodAccessorImpl.invoke0(Native Method)
	at sun.reflect.NativeMethodAccessorImpl.invoke(NativeMethodAccessorImpl.java:62)
	at sun.reflect.DelegatingMethodAccessorImpl.invoke(DelegatingMethodAccessorImpl.java:43)
	at java.lang.reflect.Method.invoke(Method.java:498)
	at org.apache.maven.surefire.util.ReflectionUtils.invokeMethodWithArray(ReflectionUtils.java:189)
	at org.apache.maven.surefire.booter.ProviderFactory$ProviderProxy.invoke(ProviderFactory.java:165)
	at org.apache.maven.surefire.booter.ProviderFactory.invokeProvider(ProviderFactory.java:85)
	at org.apache.maven.surefire.booter.ForkedBooter.runSuitesInProcess(ForkedBooter.java:115)
	at org.apache.maven.surefire.booter.ForkedBooter.main(ForkedBooter.java:75)
Caused by: java.lang.RuntimeException: Fail to set '[nutz-test.properties]'[ [Ljava.lang.String;@70d4c4ff ] by setter org.nutz.ioc.impl.PropertiesProxy.'setPaths()' because [java.lang.RuntimeException: folder or file like '^.+[.]properties$' no found in nutz-test.properties]: folder or file like '^.+[.]properties$' no found in nutz-test.properties
	at org.nutz.lang.Lang.makeThrow(Lang.java:104)
	at org.nutz.lang.inject.InjectBySetter.inject(InjectBySetter.java:44)
	at org.nutz.ioc.weaver.FieldInjector.inject(FieldInjector.java:32)
	at org.nutz.ioc.weaver.DefaultWeaver.fill(DefaultWeaver.java:56)
	at org.nutz.ioc.impl.ObjectMakerImpl.make(ObjectMakerImpl.java:135)
	... 44 more

test_query_2(org.nutz.dao.test.normal.SimpleDaoTest)  Time elapsed: 0 sec  <<< ERROR!
org.nutz.ioc.IocException: [dao, dataSource, config] # FAIL to create Ioc Bean name=[config]
	at org.nutz.ioc.impl.ObjectMakerImpl.make(ObjectMakerImpl.java:149)
	at org.nutz.ioc.impl.NutIoc.get(NutIoc.java:201)
	at org.nutz.ioc.impl.NutIoc.get(NutIoc.java:227)
	at org.nutz.ioc.java.IocObjectNode.getValue(IocObjectNode.java:19)
	at org.nutz.ioc.java.ChainNode.eval(ChainNode.java:24)
	at org.nutz.ioc.java.ChainNode.eval(ChainNode.java:19)
	at org.nutz.ioc.val.JavaValue.get(JavaValue.java:69)
	at org.nutz.ioc.weaver.FieldInjector.inject(FieldInjector.java:31)
	at org.nutz.ioc.weaver.DefaultWeaver.fill(DefaultWeaver.java:56)
	at org.nutz.ioc.impl.ObjectMakerImpl.make(ObjectMakerImpl.java:135)
	at org.nutz.ioc.impl.NutIoc.get(NutIoc.java:201)
	at org.nutz.ioc.val.ReferValue.get(ReferValue.java:24)
	at org.nutz.ioc.impl.ObjectMakerImpl.make(ObjectMakerImpl.java:75)
	at org.nutz.ioc.impl.NutIoc.get(NutIoc.java:201)
	at org.nutz.ioc.impl.NutIoc.get(NutIoc.java:227)
	at org.nutz.dao.test.DaoCase.setUp(DaoCase.java:21)
	at sun.reflect.GeneratedMethodAccessor19.invoke(Unknown Source)
	at sun.reflect.DelegatingMethodAccessorImpl.invoke(DelegatingMethodAccessorImpl.java:43)
	at java.lang.reflect.Method.invoke(Method.java:498)
	at org.junit.runners.model.FrameworkMethod$1.runReflectiveCall(FrameworkMethod.java:44)
	at org.junit.internal.runners.model.ReflectiveCallable.run(ReflectiveCallable.java:15)
	at org.junit.runners.model.FrameworkMethod.invokeExplosively(FrameworkMethod.java:41)
	at org.junit.internal.runners.statements.RunBefores.evaluate(RunBefores.java:27)
	at org.junit.internal.runners.statements.RunAfters.evaluate(RunAfters.java:31)
	at org.junit.runners.BlockJUnit4ClassRunner.runNotIgnored(BlockJUnit4ClassRunner.java:79)
	at org.junit.runners.BlockJUnit4ClassRunner.runChild(BlockJUnit4ClassRunner.java:71)
	at org.junit.runners.BlockJUnit4ClassRunner.runChild(BlockJUnit4ClassRunner.java:49)
	at org.junit.runners.ParentRunner$3.run(ParentRunner.java:193)
	at org.junit.runners.ParentRunner$1.schedule(ParentRunner.java:52)
	at org.junit.runners.ParentRunner.runChildren(ParentRunner.java:191)
	at org.junit.runners.ParentRunner.access$000(ParentRunner.java:42)
	at org.junit.runners.ParentRunner$2.evaluate(ParentRunner.java:184)
	at org.junit.runners.ParentRunner.run(ParentRunner.java:236)
	at org.apache.maven.surefire.junit4.JUnit4Provider.execute(JUnit4Provider.java:252)
	at org.apache.maven.surefire.junit4.JUnit4Provider.executeTestSet(JUnit4Provider.java:141)
	at org.apache.maven.surefire.junit4.JUnit4Provider.invoke(JUnit4Provider.java:112)
	at sun.reflect.NativeMethodAccessorImpl.invoke0(Native Method)
	at sun.reflect.NativeMethodAccessorImpl.invoke(NativeMethodAccessorImpl.java:62)
	at sun.reflect.DelegatingMethodAccessorImpl.invoke(DelegatingMethodAccessorImpl.java:43)
	at java.lang.reflect.Method.invoke(Method.java:498)
	at org.apache.maven.surefire.util.ReflectionUtils.invokeMethodWithArray(ReflectionUtils.java:189)
	at org.apache.maven.surefire.booter.ProviderFactory$ProviderProxy.invoke(ProviderFactory.java:165)
	at org.apache.maven.surefire.booter.ProviderFactory.invokeProvider(ProviderFactory.java:85)
	at org.apache.maven.surefire.booter.ForkedBooter.runSuitesInProcess(ForkedBooter.java:115)
	at org.apache.maven.surefire.booter.ForkedBooter.main(ForkedBooter.java:75)
Caused by: java.lang.RuntimeException: Fail to set '[nutz-test.properties]'[ [Ljava.lang.String;@1ccf1819 ] by setter org.nutz.ioc.impl.PropertiesProxy.'setPaths()' because [java.lang.RuntimeException: folder or file like '^.+[.]properties$' no found in nutz-test.properties]: folder or file like '^.+[.]properties$' no found in nutz-test.properties
	at org.nutz.lang.Lang.makeThrow(Lang.java:104)
	at org.nutz.lang.inject.InjectBySetter.inject(InjectBySetter.java:44)
	at org.nutz.ioc.weaver.FieldInjector.inject(FieldInjector.java:32)
	at org.nutz.ioc.weaver.DefaultWeaver.fill(DefaultWeaver.java:56)
	at org.nutz.ioc.impl.ObjectMakerImpl.make(ObjectMakerImpl.java:135)
	... 44 more

test_get_sql(org.nutz.dao.test.normal.SimpleDaoTest)  Time elapsed: 0 sec  <<< ERROR!
org.nutz.ioc.IocException: [dao, dataSource, config] # FAIL to create Ioc Bean name=[config]
	at org.nutz.ioc.impl.ObjectMakerImpl.make(ObjectMakerImpl.java:149)
	at org.nutz.ioc.impl.NutIoc.get(NutIoc.java:201)
	at org.nutz.ioc.impl.NutIoc.get(NutIoc.java:227)
	at org.nutz.ioc.java.IocObjectNode.getValue(IocObjectNode.java:19)
	at org.nutz.ioc.java.ChainNode.eval(ChainNode.java:24)
	at org.nutz.ioc.java.ChainNode.eval(ChainNode.java:19)
	at org.nutz.ioc.val.JavaValue.get(JavaValue.java:69)
	at org.nutz.ioc.weaver.FieldInjector.inject(FieldInjector.java:31)
	at org.nutz.ioc.weaver.DefaultWeaver.fill(DefaultWeaver.java:56)
	at org.nutz.ioc.impl.ObjectMakerImpl.make(ObjectMakerImpl.java:135)
	at org.nutz.ioc.impl.NutIoc.get(NutIoc.java:201)
	at org.nutz.ioc.val.ReferValue.get(ReferValue.java:24)
	at org.nutz.ioc.impl.ObjectMakerImpl.make(ObjectMakerImpl.java:75)
	at org.nutz.ioc.impl.NutIoc.get(NutIoc.java:201)
	at org.nutz.ioc.impl.NutIoc.get(NutIoc.java:227)
	at org.nutz.dao.test.DaoCase.setUp(DaoCase.java:21)
	at sun.reflect.GeneratedMethodAccessor19.invoke(Unknown Source)
	at sun.reflect.DelegatingMethodAccessorImpl.invoke(DelegatingMethodAccessorImpl.java:43)
	at java.lang.reflect.Method.invoke(Method.java:498)
	at org.junit.runners.model.FrameworkMethod$1.runReflectiveCall(FrameworkMethod.java:44)
	at org.junit.internal.runners.model.ReflectiveCallable.run(ReflectiveCallable.java:15)
	at org.junit.runners.model.FrameworkMethod.invokeExplosively(FrameworkMethod.java:41)
	at org.junit.internal.runners.statements.RunBefores.evaluate(RunBefores.java:27)
	at org.junit.internal.runners.statements.RunAfters.evaluate(RunAfters.java:31)
	at org.junit.runners.BlockJUnit4ClassRunner.runNotIgnored(BlockJUnit4ClassRunner.java:79)
	at org.junit.runners.BlockJUnit4ClassRunner.runChild(BlockJUnit4ClassRunner.java:71)
	at org.junit.runners.BlockJUnit4ClassRunner.runChild(BlockJUnit4ClassRunner.java:49)
	at org.junit.runners.ParentRunner$3.run(ParentRunner.java:193)
	at org.junit.runners.ParentRunner$1.schedule(ParentRunner.java:52)
	at org.junit.runners.ParentRunner.runChildren(ParentRunner.java:191)
	at org.junit.runners.ParentRunner.access$000(ParentRunner.java:42)
	at org.junit.runners.ParentRunner$2.evaluate(ParentRunner.java:184)
	at org.junit.runners.ParentRunner.run(ParentRunner.java:236)
	at org.apache.maven.surefire.junit4.JUnit4Provider.execute(JUnit4Provider.java:252)
	at org.apache.maven.surefire.junit4.JUnit4Provider.executeTestSet(JUnit4Provider.java:141)
	at org.apache.maven.surefire.junit4.JUnit4Provider.invoke(JUnit4Provider.java:112)
	at sun.reflect.NativeMethodAccessorImpl.invoke0(Native Method)
	at sun.reflect.NativeMethodAccessorImpl.invoke(NativeMethodAccessorImpl.java:62)
	at sun.reflect.DelegatingMethodAccessorImpl.invoke(DelegatingMethodAccessorImpl.java:43)
	at java.lang.reflect.Method.invoke(Method.java:498)
	at org.apache.maven.surefire.util.ReflectionUtils.invokeMethodWithArray(ReflectionUtils.java:189)
	at org.apache.maven.surefire.booter.ProviderFactory$ProviderProxy.invoke(ProviderFactory.java:165)
	at org.apache.maven.surefire.booter.ProviderFactory.invokeProvider(ProviderFactory.java:85)
	at org.apache.maven.surefire.booter.ForkedBooter.runSuitesInProcess(ForkedBooter.java:115)
	at org.apache.maven.surefire.booter.ForkedBooter.main(ForkedBooter.java:75)
Caused by: java.lang.RuntimeException: Fail to set '[nutz-test.properties]'[ [Ljava.lang.String;@64236be ] by setter org.nutz.ioc.impl.PropertiesProxy.'setPaths()' because [java.lang.RuntimeException: folder or file like '^.+[.]properties$' no found in nutz-test.properties]: folder or file like '^.+[.]properties$' no found in nutz-test.properties
	at org.nutz.lang.Lang.makeThrow(Lang.java:104)
	at org.nutz.lang.inject.InjectBySetter.inject(InjectBySetter.java:44)
	at org.nutz.ioc.weaver.FieldInjector.inject(FieldInjector.java:32)
	at org.nutz.ioc.weaver.DefaultWeaver.fill(DefaultWeaver.java:56)
	at org.nutz.ioc.impl.ObjectMakerImpl.make(ObjectMakerImpl.java:135)
	... 44 more

test_daos_ext_insert_without_null(org.nutz.dao.test.normal.SimpleDaoTest)  Time elapsed: 0.001 sec  <<< ERROR!
org.nutz.ioc.IocException: [dao, dataSource, config] # FAIL to create Ioc Bean name=[config]
	at org.nutz.ioc.impl.ObjectMakerImpl.make(ObjectMakerImpl.java:149)
	at org.nutz.ioc.impl.NutIoc.get(NutIoc.java:201)
	at org.nutz.ioc.impl.NutIoc.get(NutIoc.java:227)
	at org.nutz.ioc.java.IocObjectNode.getValue(IocObjectNode.java:19)
	at org.nutz.ioc.java.ChainNode.eval(ChainNode.java:24)
	at org.nutz.ioc.java.ChainNode.eval(ChainNode.java:19)
	at org.nutz.ioc.val.JavaValue.get(JavaValue.java:69)
	at org.nutz.ioc.weaver.FieldInjector.inject(FieldInjector.java:31)
	at org.nutz.ioc.weaver.DefaultWeaver.fill(DefaultWeaver.java:56)
	at org.nutz.ioc.impl.ObjectMakerImpl.make(ObjectMakerImpl.java:135)
	at org.nutz.ioc.impl.NutIoc.get(NutIoc.java:201)
	at org.nutz.ioc.val.ReferValue.get(ReferValue.java:24)
	at org.nutz.ioc.impl.ObjectMakerImpl.make(ObjectMakerImpl.java:75)
	at org.nutz.ioc.impl.NutIoc.get(NutIoc.java:201)
	at org.nutz.ioc.impl.NutIoc.get(NutIoc.java:227)
	at org.nutz.dao.test.DaoCase.setUp(DaoCase.java:21)
	at sun.reflect.GeneratedMethodAccessor19.invoke(Unknown Source)
	at sun.reflect.DelegatingMethodAccessorImpl.invoke(DelegatingMethodAccessorImpl.java:43)
	at java.lang.reflect.Method.invoke(Method.java:498)
	at org.junit.runners.model.FrameworkMethod$1.runReflectiveCall(FrameworkMethod.java:44)
	at org.junit.internal.runners.model.ReflectiveCallable.run(ReflectiveCallable.java:15)
	at org.junit.runners.model.FrameworkMethod.invokeExplosively(FrameworkMethod.java:41)
	at org.junit.internal.runners.statements.RunBefores.evaluate(RunBefores.java:27)
	at org.junit.internal.runners.statements.RunAfters.evaluate(RunAfters.java:31)
	at org.junit.runners.BlockJUnit4ClassRunner.runNotIgnored(BlockJUnit4ClassRunner.java:79)
	at org.junit.runners.BlockJUnit4ClassRunner.runChild(BlockJUnit4ClassRunner.java:71)
	at org.junit.runners.BlockJUnit4ClassRunner.runChild(BlockJUnit4ClassRunner.java:49)
	at org.junit.runners.ParentRunner$3.run(ParentRunner.java:193)
	at org.junit.runners.ParentRunner$1.schedule(ParentRunner.java:52)
	at org.junit.runners.ParentRunner.runChildren(ParentRunner.java:191)
	at org.junit.runners.ParentRunner.access$000(ParentRunner.java:42)
	at org.junit.runners.ParentRunner$2.evaluate(ParentRunner.java:184)
	at org.junit.runners.ParentRunner.run(ParentRunner.java:236)
	at org.apache.maven.surefire.junit4.JUnit4Provider.execute(JUnit4Provider.java:252)
	at org.apache.maven.surefire.junit4.JUnit4Provider.executeTestSet(JUnit4Provider.java:141)
	at org.apache.maven.surefire.junit4.JUnit4Provider.invoke(JUnit4Provider.java:112)
	at sun.reflect.NativeMethodAccessorImpl.invoke0(Native Method)
	at sun.reflect.NativeMethodAccessorImpl.invoke(NativeMethodAccessorImpl.java:62)
	at sun.reflect.DelegatingMethodAccessorImpl.invoke(DelegatingMethodAccessorImpl.java:43)
	at java.lang.reflect.Method.invoke(Method.java:498)
	at org.apache.maven.surefire.util.ReflectionUtils.invokeMethodWithArray(ReflectionUtils.java:189)
	at org.apache.maven.surefire.booter.ProviderFactory$ProviderProxy.invoke(ProviderFactory.java:165)
	at org.apache.maven.surefire.booter.ProviderFactory.invokeProvider(ProviderFactory.java:85)
	at org.apache.maven.surefire.booter.ForkedBooter.runSuitesInProcess(ForkedBooter.java:115)
	at org.apache.maven.surefire.booter.ForkedBooter.main(ForkedBooter.java:75)
Caused by: java.lang.RuntimeException: Fail to set '[nutz-test.properties]'[ [Ljava.lang.String;@6da5cb1 ] by setter org.nutz.ioc.impl.PropertiesProxy.'setPaths()' because [java.lang.RuntimeException: folder or file like '^.+[.]properties$' no found in nutz-test.properties]: folder or file like '^.+[.]properties$' no found in nutz-test.properties
	at org.nutz.lang.Lang.makeThrow(Lang.java:104)
	at org.nutz.lang.inject.InjectBySetter.inject(InjectBySetter.java:44)
	at org.nutz.ioc.weaver.FieldInjector.inject(FieldInjector.java:32)
	at org.nutz.ioc.weaver.DefaultWeaver.fill(DefaultWeaver.java:56)
	at org.nutz.ioc.impl.ObjectMakerImpl.make(ObjectMakerImpl.java:135)
	... 44 more

test_insert_ignore_null(org.nutz.dao.test.normal.SimpleDaoTest)  Time elapsed: 0 sec  <<< ERROR!
org.nutz.ioc.IocException: [dao, dataSource, config] # FAIL to create Ioc Bean name=[config]
	at org.nutz.ioc.impl.ObjectMakerImpl.make(ObjectMakerImpl.java:149)
	at org.nutz.ioc.impl.NutIoc.get(NutIoc.java:201)
	at org.nutz.ioc.impl.NutIoc.get(NutIoc.java:227)
	at org.nutz.ioc.java.IocObjectNode.getValue(IocObjectNode.java:19)
	at org.nutz.ioc.java.ChainNode.eval(ChainNode.java:24)
	at org.nutz.ioc.java.ChainNode.eval(ChainNode.java:19)
	at org.nutz.ioc.val.JavaValue.get(JavaValue.java:69)
	at org.nutz.ioc.weaver.FieldInjector.inject(FieldInjector.java:31)
	at org.nutz.ioc.weaver.DefaultWeaver.fill(DefaultWeaver.java:56)
	at org.nutz.ioc.impl.ObjectMakerImpl.make(ObjectMakerImpl.java:135)
	at org.nutz.ioc.impl.NutIoc.get(NutIoc.java:201)
	at org.nutz.ioc.val.ReferValue.get(ReferValue.java:24)
	at org.nutz.ioc.impl.ObjectMakerImpl.make(ObjectMakerImpl.java:75)
	at org.nutz.ioc.impl.NutIoc.get(NutIoc.java:201)
	at org.nutz.ioc.impl.NutIoc.get(NutIoc.java:227)
	at org.nutz.dao.test.DaoCase.setUp(DaoCase.java:21)
	at sun.reflect.GeneratedMethodAccessor19.invoke(Unknown Source)
	at sun.reflect.DelegatingMethodAccessorImpl.invoke(DelegatingMethodAccessorImpl.java:43)
	at java.lang.reflect.Method.invoke(Method.java:498)
	at org.junit.runners.model.FrameworkMethod$1.runReflectiveCall(FrameworkMethod.java:44)
	at org.junit.internal.runners.model.ReflectiveCallable.run(ReflectiveCallable.java:15)
	at org.junit.runners.model.FrameworkMethod.invokeExplosively(FrameworkMethod.java:41)
	at org.junit.internal.runners.statements.RunBefores.evaluate(RunBefores.java:27)
	at org.junit.internal.runners.statements.RunAfters.evaluate(RunAfters.java:31)
	at org.junit.runners.BlockJUnit4ClassRunner.runNotIgnored(BlockJUnit4ClassRunner.java:79)
	at org.junit.runners.BlockJUnit4ClassRunner.runChild(BlockJUnit4ClassRunner.java:71)
	at org.junit.runners.BlockJUnit4ClassRunner.runChild(BlockJUnit4ClassRunner.java:49)
	at org.junit.runners.ParentRunner$3.run(ParentRunner.java:193)
	at org.junit.runners.ParentRunner$1.schedule(ParentRunner.java:52)
	at org.junit.runners.ParentRunner.runChildren(ParentRunner.java:191)
	at org.junit.runners.ParentRunner.access$000(ParentRunner.java:42)
	at org.junit.runners.ParentRunner$2.evaluate(ParentRunner.java:184)
	at org.junit.runners.ParentRunner.run(ParentRunner.java:236)
	at org.apache.maven.surefire.junit4.JUnit4Provider.execute(JUnit4Provider.java:252)
	at org.apache.maven.surefire.junit4.JUnit4Provider.executeTestSet(JUnit4Provider.java:141)
	at org.apache.maven.surefire.junit4.JUnit4Provider.invoke(JUnit4Provider.java:112)
	at sun.reflect.NativeMethodAccessorImpl.invoke0(Native Method)
	at sun.reflect.NativeMethodAccessorImpl.invoke(NativeMethodAccessorImpl.java:62)
	at sun.reflect.DelegatingMethodAccessorImpl.invoke(DelegatingMethodAccessorImpl.java:43)
	at java.lang.reflect.Method.invoke(Method.java:498)
	at org.apache.maven.surefire.util.ReflectionUtils.invokeMethodWithArray(ReflectionUtils.java:189)
	at org.apache.maven.surefire.booter.ProviderFactory$ProviderProxy.invoke(ProviderFactory.java:165)
	at org.apache.maven.surefire.booter.ProviderFactory.invokeProvider(ProviderFactory.java:85)
	at org.apache.maven.surefire.booter.ForkedBooter.runSuitesInProcess(ForkedBooter.java:115)
	at org.apache.maven.surefire.booter.ForkedBooter.main(ForkedBooter.java:75)
Caused by: java.lang.RuntimeException: Fail to set '[nutz-test.properties]'[ [Ljava.lang.String;@299022a9 ] by setter org.nutz.ioc.impl.PropertiesProxy.'setPaths()' because [java.lang.RuntimeException: folder or file like '^.+[.]properties$' no found in nutz-test.properties]: folder or file like '^.+[.]properties$' no found in nutz-test.properties
	at org.nutz.lang.Lang.makeThrow(Lang.java:104)
	at org.nutz.lang.inject.InjectBySetter.inject(InjectBySetter.java:44)
	at org.nutz.ioc.weaver.FieldInjector.inject(FieldInjector.java:32)
	at org.nutz.ioc.weaver.DefaultWeaver.fill(DefaultWeaver.java:56)
	at org.nutz.ioc.impl.ObjectMakerImpl.make(ObjectMakerImpl.java:135)
	... 44 more

test_daos_queryCount(org.nutz.dao.test.normal.SimpleDaoTest)  Time elapsed: 0 sec  <<< ERROR!
org.nutz.ioc.IocException: [dao, dataSource, config] # FAIL to create Ioc Bean name=[config]
	at org.nutz.ioc.impl.ObjectMakerImpl.make(ObjectMakerImpl.java:149)
	at org.nutz.ioc.impl.NutIoc.get(NutIoc.java:201)
	at org.nutz.ioc.impl.NutIoc.get(NutIoc.java:227)
	at org.nutz.ioc.java.IocObjectNode.getValue(IocObjectNode.java:19)
	at org.nutz.ioc.java.ChainNode.eval(ChainNode.java:24)
	at org.nutz.ioc.java.ChainNode.eval(ChainNode.java:19)
	at org.nutz.ioc.val.JavaValue.get(JavaValue.java:69)
	at org.nutz.ioc.weaver.FieldInjector.inject(FieldInjector.java:31)
	at org.nutz.ioc.weaver.DefaultWeaver.fill(DefaultWeaver.java:56)
	at org.nutz.ioc.impl.ObjectMakerImpl.make(ObjectMakerImpl.java:135)
	at org.nutz.ioc.impl.NutIoc.get(NutIoc.java:201)
	at org.nutz.ioc.val.ReferValue.get(ReferValue.java:24)
	at org.nutz.ioc.impl.ObjectMakerImpl.make(ObjectMakerImpl.java:75)
	at org.nutz.ioc.impl.NutIoc.get(NutIoc.java:201)
	at org.nutz.ioc.impl.NutIoc.get(NutIoc.java:227)
	at org.nutz.dao.test.DaoCase.setUp(DaoCase.java:21)
	at sun.reflect.GeneratedMethodAccessor19.invoke(Unknown Source)
	at sun.reflect.DelegatingMethodAccessorImpl.invoke(DelegatingMethodAccessorImpl.java:43)
	at java.lang.reflect.Method.invoke(Method.java:498)
	at org.junit.runners.model.FrameworkMethod$1.runReflectiveCall(FrameworkMethod.java:44)
	at org.junit.internal.runners.model.ReflectiveCallable.run(ReflectiveCallable.java:15)
	at org.junit.runners.model.FrameworkMethod.invokeExplosively(FrameworkMethod.java:41)
	at org.junit.internal.runners.statements.RunBefores.evaluate(RunBefores.java:27)
	at org.junit.internal.runners.statements.RunAfters.evaluate(RunAfters.java:31)
	at org.junit.runners.BlockJUnit4ClassRunner.runNotIgnored(BlockJUnit4ClassRunner.java:79)
	at org.junit.runners.BlockJUnit4ClassRunner.runChild(BlockJUnit4ClassRunner.java:71)
	at org.junit.runners.BlockJUnit4ClassRunner.runChild(BlockJUnit4ClassRunner.java:49)
	at org.junit.runners.ParentRunner$3.run(ParentRunner.java:193)
	at org.junit.runners.ParentRunner$1.schedule(ParentRunner.java:52)
	at org.junit.runners.ParentRunner.runChildren(ParentRunner.java:191)
	at org.junit.runners.ParentRunner.access$000(ParentRunner.java:42)
	at org.junit.runners.ParentRunner$2.evaluate(ParentRunner.java:184)
	at org.junit.runners.ParentRunner.run(ParentRunner.java:236)
	at org.apache.maven.surefire.junit4.JUnit4Provider.execute(JUnit4Provider.java:252)
	at org.apache.maven.surefire.junit4.JUnit4Provider.executeTestSet(JUnit4Provider.java:141)
	at org.apache.maven.surefire.junit4.JUnit4Provider.invoke(JUnit4Provider.java:112)
	at sun.reflect.NativeMethodAccessorImpl.invoke0(Native Method)
	at sun.reflect.NativeMethodAccessorImpl.invoke(NativeMethodAccessorImpl.java:62)
	at sun.reflect.DelegatingMethodAccessorImpl.invoke(DelegatingMethodAccessorImpl.java:43)
	at java.lang.reflect.Method.invoke(Method.java:498)
	at org.apache.maven.surefire.util.ReflectionUtils.invokeMethodWithArray(ReflectionUtils.java:189)
	at org.apache.maven.surefire.booter.ProviderFactory$ProviderProxy.invoke(ProviderFactory.java:165)
	at org.apache.maven.surefire.booter.ProviderFactory.invokeProvider(ProviderFactory.java:85)
	at org.apache.maven.surefire.booter.ForkedBooter.runSuitesInProcess(ForkedBooter.java:115)
	at org.apache.maven.surefire.booter.ForkedBooter.main(ForkedBooter.java:75)
Caused by: java.lang.RuntimeException: Fail to set '[nutz-test.properties]'[ [Ljava.lang.String;@1f6c0e8a ] by setter org.nutz.ioc.impl.PropertiesProxy.'setPaths()' because [java.lang.RuntimeException: folder or file like '^.+[.]properties$' no found in nutz-test.properties]: folder or file like '^.+[.]properties$' no found in nutz-test.properties
	at org.nutz.lang.Lang.makeThrow(Lang.java:104)
	at org.nutz.lang.inject.InjectBySetter.inject(InjectBySetter.java:44)
	at org.nutz.ioc.weaver.FieldInjector.inject(FieldInjector.java:32)
	at org.nutz.ioc.weaver.DefaultWeaver.fill(DefaultWeaver.java:56)
	at org.nutz.ioc.impl.ObjectMakerImpl.make(ObjectMakerImpl.java:135)
	... 44 more

test_cnd_andEX_orEX(org.nutz.dao.test.normal.SimpleDaoTest)  Time elapsed: 0 sec  <<< ERROR!
org.nutz.ioc.IocException: [dao, dataSource, config] # FAIL to create Ioc Bean name=[config]
	at org.nutz.ioc.impl.ObjectMakerImpl.make(ObjectMakerImpl.java:149)
	at org.nutz.ioc.impl.NutIoc.get(NutIoc.java:201)
	at org.nutz.ioc.impl.NutIoc.get(NutIoc.java:227)
	at org.nutz.ioc.java.IocObjectNode.getValue(IocObjectNode.java:19)
	at org.nutz.ioc.java.ChainNode.eval(ChainNode.java:24)
	at org.nutz.ioc.java.ChainNode.eval(ChainNode.java:19)
	at org.nutz.ioc.val.JavaValue.get(JavaValue.java:69)
	at org.nutz.ioc.weaver.FieldInjector.inject(FieldInjector.java:31)
	at org.nutz.ioc.weaver.DefaultWeaver.fill(DefaultWeaver.java:56)
	at org.nutz.ioc.impl.ObjectMakerImpl.make(ObjectMakerImpl.java:135)
	at org.nutz.ioc.impl.NutIoc.get(NutIoc.java:201)
	at org.nutz.ioc.val.ReferValue.get(ReferValue.java:24)
	at org.nutz.ioc.impl.ObjectMakerImpl.make(ObjectMakerImpl.java:75)
	at org.nutz.ioc.impl.NutIoc.get(NutIoc.java:201)
	at org.nutz.ioc.impl.NutIoc.get(NutIoc.java:227)
	at org.nutz.dao.test.DaoCase.setUp(DaoCase.java:21)
	at sun.reflect.GeneratedMethodAccessor19.invoke(Unknown Source)
	at sun.reflect.DelegatingMethodAccessorImpl.invoke(DelegatingMethodAccessorImpl.java:43)
	at java.lang.reflect.Method.invoke(Method.java:498)
	at org.junit.runners.model.FrameworkMethod$1.runReflectiveCall(FrameworkMethod.java:44)
	at org.junit.internal.runners.model.ReflectiveCallable.run(ReflectiveCallable.java:15)
	at org.junit.runners.model.FrameworkMethod.invokeExplosively(FrameworkMethod.java:41)
	at org.junit.internal.runners.statements.RunBefores.evaluate(RunBefores.java:27)
	at org.junit.internal.runners.statements.RunAfters.evaluate(RunAfters.java:31)
	at org.junit.runners.BlockJUnit4ClassRunner.runNotIgnored(BlockJUnit4ClassRunner.java:79)
	at org.junit.runners.BlockJUnit4ClassRunner.runChild(BlockJUnit4ClassRunner.java:71)
	at org.junit.runners.BlockJUnit4ClassRunner.runChild(BlockJUnit4ClassRunner.java:49)
	at org.junit.runners.ParentRunner$3.run(ParentRunner.java:193)
	at org.junit.runners.ParentRunner$1.schedule(ParentRunner.java:52)
	at org.junit.runners.ParentRunner.runChildren(ParentRunner.java:191)
	at org.junit.runners.ParentRunner.access$000(ParentRunner.java:42)
	at org.junit.runners.ParentRunner$2.evaluate(ParentRunner.java:184)
	at org.junit.runners.ParentRunner.run(ParentRunner.java:236)
	at org.apache.maven.surefire.junit4.JUnit4Provider.execute(JUnit4Provider.java:252)
	at org.apache.maven.surefire.junit4.JUnit4Provider.executeTestSet(JUnit4Provider.java:141)
	at org.apache.maven.surefire.junit4.JUnit4Provider.invoke(JUnit4Provider.java:112)
	at sun.reflect.NativeMethodAccessorImpl.invoke0(Native Method)
	at sun.reflect.NativeMethodAccessorImpl.invoke(NativeMethodAccessorImpl.java:62)
	at sun.reflect.DelegatingMethodAccessorImpl.invoke(DelegatingMethodAccessorImpl.java:43)
	at java.lang.reflect.Method.invoke(Method.java:498)
	at org.apache.maven.surefire.util.ReflectionUtils.invokeMethodWithArray(ReflectionUtils.java:189)
	at org.apache.maven.surefire.booter.ProviderFactory$ProviderProxy.invoke(ProviderFactory.java:165)
	at org.apache.maven.surefire.booter.ProviderFactory.invokeProvider(ProviderFactory.java:85)
	at org.apache.maven.surefire.booter.ForkedBooter.runSuitesInProcess(ForkedBooter.java:115)
	at org.apache.maven.surefire.booter.ForkedBooter.main(ForkedBooter.java:75)
Caused by: java.lang.RuntimeException: Fail to set '[nutz-test.properties]'[ [Ljava.lang.String;@749054a3 ] by setter org.nutz.ioc.impl.PropertiesProxy.'setPaths()' because [java.lang.RuntimeException: folder or file like '^.+[.]properties$' no found in nutz-test.properties]: folder or file like '^.+[.]properties$' no found in nutz-test.properties
	at org.nutz.lang.Lang.makeThrow(Lang.java:104)
	at org.nutz.lang.inject.InjectBySetter.inject(InjectBySetter.java:44)
	at org.nutz.ioc.weaver.FieldInjector.inject(FieldInjector.java:32)
	at org.nutz.ioc.weaver.DefaultWeaver.fill(DefaultWeaver.java:56)
	at org.nutz.ioc.impl.ObjectMakerImpl.make(ObjectMakerImpl.java:135)
	... 44 more

