<?xml version="1.0" encoding="UTF-8"?>
<testsuite name="org.nutz.mvc.testapp.adaptor.SimpleAdaptorTest" time="4.63" tests="13" errors="0" skipped="0" failures="1">
  <properties>
    <property name="java.runtime.name" value="OpenJDK Runtime Environment"/>
    <property name="sun.boot.library.path" value="/usr/lib/jvm/java-8-openjdk-amd64/jre/lib/amd64"/>
    <property name="java.vm.version" value="25.292-b10"/>
    <property name="java.vm.vendor" value="Private Build"/>
    <property name="maven.multiModuleProjectDirectory" value="/home/suvarna/Vinay/Sept-2021/nutz-a6fe8cd2d5991f7bb3853ce9fae4928fbb830b5e"/>
    <property name="java.vendor.url" value="http://java.oracle.com/"/>
    <property name="path.separator" value=":"/>
    <property name="guice.disable.misplaced.annotation.check" value="true"/>
    <property name="java.vm.name" value="OpenJDK 64-Bit Server VM"/>
    <property name="file.encoding.pkg" value="sun.io"/>
    <property name="user.country" value="IN"/>
    <property name="sun.java.launcher" value="SUN_STANDARD"/>
    <property name="sun.os.patch.level" value="unknown"/>
    <property name="java.vm.specification.name" value="Java Virtual Machine Specification"/>
    <property name="user.dir" value="/home/suvarna/Vinay/Sept-2021/nutz-a6fe8cd2d5991f7bb3853ce9fae4928fbb830b5e"/>
    <property name="java.runtime.version" value="1.8.0_292-8u292-b10-0ubuntu1~16.04.1-b10"/>
    <property name="java.awt.graphicsenv" value="sun.awt.X11GraphicsEnvironment"/>
    <property name="java.endorsed.dirs" value="/usr/lib/jvm/java-8-openjdk-amd64/jre/lib/endorsed"/>
    <property name="os.arch" value="amd64"/>
    <property name="java.io.tmpdir" value="/tmp"/>
    <property name="line.separator" value="&#10;"/>
    <property name="java.vm.specification.vendor" value="Oracle Corporation"/>
    <property name="os.name" value="Linux"/>
    <property name="classworlds.conf" value="/home/suvarna/maven/apache-maven-3.6.3/bin/m2.conf"/>
    <property name="sun.jnu.encoding" value="UTF-8"/>
    <property name="java.library.path" value="/usr/java/packages/lib/amd64:/usr/lib/x86_64-linux-gnu/jni:/lib/x86_64-linux-gnu:/usr/lib/x86_64-linux-gnu:/usr/lib/jni:/lib:/usr/lib"/>
    <property name="maven.conf" value="/home/suvarna/maven/apache-maven-3.6.3/conf"/>
    <property name="java.specification.name" value="Java Platform API Specification"/>
    <property name="java.class.version" value="52.0"/>
    <property name="sun.management.compiler" value="HotSpot 64-Bit Tiered Compilers"/>
    <property name="os.version" value="4.15.0-142-generic"/>
    <property name="library.jansi.path" value="/home/suvarna/maven/apache-maven-3.6.3/lib/jansi-native"/>
    <property name="user.home" value="/home/suvarna"/>
    <property name="user.timezone" value="Asia/Kolkata"/>
    <property name="java.awt.printerjob" value="sun.print.PSPrinterJob"/>
    <property name="java.specification.version" value="1.8"/>
    <property name="file.encoding" value="UTF-8"/>
    <property name="user.name" value="suvarna"/>
    <property name="java.class.path" value="/home/suvarna/maven/apache-maven-3.6.3/boot/plexus-classworlds-2.6.0.jar"/>
    <property name="java.vm.specification.version" value="1.8"/>
    <property name="sun.arch.data.model" value="64"/>
    <property name="java.home" value="/usr/lib/jvm/java-8-openjdk-amd64/jre"/>
    <property name="sun.java.command" value="org.codehaus.plexus.classworlds.launcher.Launcher test"/>
    <property name="java.specification.vendor" value="Oracle Corporation"/>
    <property name="user.language" value="en"/>
    <property name="awt.toolkit" value="sun.awt.X11.XToolkit"/>
    <property name="java.vm.info" value="mixed mode"/>
    <property name="java.version" value="1.8.0_292"/>
    <property name="java.ext.dirs" value="/usr/lib/jvm/java-8-openjdk-amd64/jre/lib/ext:/usr/java/packages/lib/ext"/>
    <property name="securerandom.source" value="file:/dev/./urandom"/>
    <property name="sun.boot.class.path" value="/usr/lib/jvm/java-8-openjdk-amd64/jre/lib/resources.jar:/usr/lib/jvm/java-8-openjdk-amd64/jre/lib/rt.jar:/usr/lib/jvm/java-8-openjdk-amd64/jre/lib/sunrsasign.jar:/usr/lib/jvm/java-8-openjdk-amd64/jre/lib/jsse.jar:/usr/lib/jvm/java-8-openjdk-amd64/jre/lib/jce.jar:/usr/lib/jvm/java-8-openjdk-amd64/jre/lib/charsets.jar:/usr/lib/jvm/java-8-openjdk-amd64/jre/lib/jfr.jar:/usr/lib/jvm/java-8-openjdk-amd64/jre/classes"/>
    <property name="java.vendor" value="Private Build"/>
    <property name="maven.home" value="/home/suvarna/maven/apache-maven-3.6.3"/>
    <property name="file.separator" value="/"/>
    <property name="java.vendor.url.bug" value="http://bugreport.sun.com/bugreport/"/>
    <property name="sun.cpu.endian" value="little"/>
    <property name="sun.io.unicode.encoding" value="UnicodeLittle"/>
    <property name="sun.desktop" value="gnome"/>
    <property name="sun.cpu.isalist" value=""/>
  </properties>
  <testcase name="test_issue_543" classname="org.nutz.mvc.testapp.adaptor.SimpleAdaptorTest" time="1.81">
    <failure message="expected:&lt;1348416000000&gt; but was:&lt;1348425000000&gt;" type="java.lang.AssertionError"><![CDATA[java.lang.AssertionError: expected:<1348416000000> but was:<1348425000000>
	at org.junit.Assert.fail(Assert.java:91)
	at org.junit.Assert.failNotEquals(Assert.java:645)
	at org.junit.Assert.assertEquals(Assert.java:126)
	at org.junit.Assert.assertEquals(Assert.java:470)
	at org.junit.Assert.assertEquals(Assert.java:454)
	at org.nutz.mvc.testapp.adaptor.SimpleAdaptorTest.test_issue_543(SimpleAdaptorTest.java:24)
]]></failure>
    <system-out><![CDATA[Hi, hotcode replace
]]></system-out>
    <system-err><![CDATA[file:/home/suvarna/Vinay/Sept-2021/nutz-a6fe8cd2d5991f7bb3853ce9fae4928fbb830b5e/target/test-classes/org/nutz/mvc/testapp/Root/FLAG
]]></system-err>
  </testcase>
  <testcase name="test_err_param" classname="org.nutz.mvc.testapp.adaptor.SimpleAdaptorTest" time="0.502"/>
  <testcase name="test_json_map_type" classname="org.nutz.mvc.testapp.adaptor.SimpleAdaptorTest" time="0.25"/>
  <testcase name="test_inputstream_as_string" classname="org.nutz.mvc.testapp.adaptor.SimpleAdaptorTest" time="0.33"/>
  <testcase name="test_reader_as_string" classname="org.nutz.mvc.testapp.adaptor.SimpleAdaptorTest" time="0.198"/>
  <testcase name="test_default_value" classname="org.nutz.mvc.testapp.adaptor.SimpleAdaptorTest" time="0.2"/>
  <testcase name="test_json_err_ctx" classname="org.nutz.mvc.testapp.adaptor.SimpleAdaptorTest" time="0.168"/>
  <testcase name="test_sql_date" classname="org.nutz.mvc.testapp.adaptor.SimpleAdaptorTest" time="0.257"/>
  <testcase name="test_array_without_param" classname="org.nutz.mvc.testapp.adaptor.SimpleAdaptorTest" time="0.215"/>
  <testcase name="issue_1069" classname="org.nutz.mvc.testapp.adaptor.SimpleAdaptorTest" time="0.203"/>
  <testcase name="issue_1267" classname="org.nutz.mvc.testapp.adaptor.SimpleAdaptorTest" time="0.166"/>
  <testcase name="issue_1277" classname="org.nutz.mvc.testapp.adaptor.SimpleAdaptorTest" time="0.191"/>
  <testcase name="issue_1310" classname="org.nutz.mvc.testapp.adaptor.SimpleAdaptorTest" time="0.14"/>
</testsuite>