-------------------------------------------------------------------------------
Test set: org.obolibrary.macro.ExpandExpressionTest
-------------------------------------------------------------------------------
Tests run: 1, Failures: 1, Errors: 0, Skipped: 0, Time elapsed: 0.014 sec <<< FAILURE! - in org.obolibrary.macro.ExpandExpressionTest
testExpand(org.obolibrary.macro.ExpandExpressionTest)  Time elapsed: 0.014 sec  <<< FAILURE!
java.lang.AssertionError: null
	at org.semanticweb.owlapi.mansyntax.parser.ManchesterOWLSyntaxEditorParser.parseAnnotatedListItems(ManchesterOWLSyntaxEditorParser.java:2896)
	at org.semanticweb.owlapi.mansyntax.parser.ManchesterOWLSyntaxEditorParser.parseFrameSections(ManchesterOWLSyntaxEditorParser.java:1395)
	at org.semanticweb.owlapi.mansyntax.parser.ManchesterOWLSyntaxEditorParser.parseClassFrame(ManchesterOWLSyntaxEditorParser.java:1320)
	at org.semanticweb.owlapi.mansyntax.parser.ManchesterOWLSyntaxEditorParser.parseClassFrame(ManchesterOWLSyntaxEditorParser.java:1301)
	at org.semanticweb.owlapi.mansyntax.parser.ManchesterOWLSyntaxEditorParser.parseFrames(ManchesterOWLSyntaxEditorParser.java:1072)
	at org.obolibrary.macro.ManchesterSyntaxTool.parseManchesterExpressionFrames(ManchesterSyntaxTool.java:157)
	at org.obolibrary.macro.MacroExpansionVisitor.expand(MacroExpansionVisitor.java:127)
	at org.obolibrary.macro.MacroExpansionVisitor.expandAll(MacroExpansionVisitor.java:72)
	at org.obolibrary.macro.ExpandExpressionTest.testExpand(ExpandExpressionTest.java:29)

