<?xml version="1.0" encoding="UTF-8" ?>
<testsuite tests="2" failures="2" name="cloud.orbit.actors.extensions.test.ConstructionTest" time="10.491" errors="0" skipped="0">
  <properties>
    <property name="java.runtime.name" value="OpenJDK Runtime Environment"/>
    <property name="sun.boot.library.path" value="/usr/lib/jvm/java-8-openjdk-amd64/jre/lib/amd64"/>
    <property name="java.vm.version" value="25.292-b10"/>
    <property name="java.vm.vendor" value="Private Build"/>
    <property name="maven.multiModuleProjectDirectory" value="/home/suvarna/Vinay/Sept-2021/orbit-bdafdffdcc7138b90fff09d97db0204e4488e506"/>
    <property name="java.vendor.url" value="http://java.oracle.com/"/>
    <property name="path.separator" value=":"/>
    <property name="guice.disable.misplaced.annotation.check" value="true"/>
    <property name="java.vm.name" value="OpenJDK 64-Bit Server VM"/>
    <property name="file.encoding.pkg" value="sun.io"/>
    <property name="user.country" value="IN"/>
    <property name="sun.java.launcher" value="SUN_STANDARD"/>
    <property name="sun.os.patch.level" value="unknown"/>
    <property name="java.vm.specification.name" value="Java Virtual Machine Specification"/>
    <property name="user.dir" value="/home/suvarna/Vinay/Sept-2021/orbit-bdafdffdcc7138b90fff09d97db0204e4488e506"/>
    <property name="java.runtime.version" value="1.8.0_292-8u292-b10-0ubuntu1~16.04.1-b10"/>
    <property name="java.awt.graphicsenv" value="sun.awt.X11GraphicsEnvironment"/>
    <property name="java.endorsed.dirs" value="/usr/lib/jvm/java-8-openjdk-amd64/jre/lib/endorsed"/>
    <property name="os.arch" value="amd64"/>
    <property name="java.io.tmpdir" value="/tmp"/>
    <property name="line.separator" value="
"/>
    <property name="java.vm.specification.vendor" value="Oracle Corporation"/>
    <property name="os.name" value="Linux"/>
    <property name="classworlds.conf" value="/home/suvarna/maven/apache-maven-3.6.3/bin/m2.conf"/>
    <property name="sun.jnu.encoding" value="UTF-8"/>
    <property name="java.library.path" value="/usr/java/packages/lib/amd64:/usr/lib/x86_64-linux-gnu/jni:/lib/x86_64-linux-gnu:/usr/lib/x86_64-linux-gnu:/usr/lib/jni:/lib:/usr/lib"/>
    <property name="maven.conf" value="/home/suvarna/maven/apache-maven-3.6.3/conf"/>
    <property name="java.specification.name" value="Java Platform API Specification"/>
    <property name="java.class.version" value="52.0"/>
    <property name="sun.management.compiler" value="HotSpot 64-Bit Tiered Compilers"/>
    <property name="os.version" value="4.15.0-142-generic"/>
    <property name="library.jansi.path" value="/home/suvarna/maven/apache-maven-3.6.3/lib/jansi-native"/>
    <property name="user.home" value="/home/suvarna"/>
    <property name="user.timezone" value="Asia/Kolkata"/>
    <property name="java.awt.printerjob" value="sun.print.PSPrinterJob"/>
    <property name="java.specification.version" value="1.8"/>
    <property name="file.encoding" value="UTF-8"/>
    <property name="user.name" value="suvarna"/>
    <property name="java.class.path" value="/home/suvarna/maven/apache-maven-3.6.3/boot/plexus-classworlds-2.6.0.jar"/>
    <property name="java.vm.specification.version" value="1.8"/>
    <property name="sun.arch.data.model" value="64"/>
    <property name="java.home" value="/usr/lib/jvm/java-8-openjdk-amd64/jre"/>
    <property name="sun.java.command" value="org.codehaus.plexus.classworlds.launcher.Launcher test"/>
    <property name="java.specification.vendor" value="Oracle Corporation"/>
    <property name="user.language" value="en"/>
    <property name="awt.toolkit" value="sun.awt.X11.XToolkit"/>
    <property name="java.vm.info" value="mixed mode"/>
    <property name="java.version" value="1.8.0_292"/>
    <property name="java.ext.dirs" value="/usr/lib/jvm/java-8-openjdk-amd64/jre/lib/ext:/usr/java/packages/lib/ext"/>
    <property name="securerandom.source" value="file:/dev/./urandom"/>
    <property name="sun.boot.class.path" value="/usr/lib/jvm/java-8-openjdk-amd64/jre/lib/resources.jar:/usr/lib/jvm/java-8-openjdk-amd64/jre/lib/rt.jar:/usr/lib/jvm/java-8-openjdk-amd64/jre/lib/sunrsasign.jar:/usr/lib/jvm/java-8-openjdk-amd64/jre/lib/jsse.jar:/usr/lib/jvm/java-8-openjdk-amd64/jre/lib/jce.jar:/usr/lib/jvm/java-8-openjdk-amd64/jre/lib/charsets.jar:/usr/lib/jvm/java-8-openjdk-amd64/jre/lib/jfr.jar:/usr/lib/jvm/java-8-openjdk-amd64/jre/classes"/>
    <property name="java.vendor" value="Private Build"/>
    <property name="maven.home" value="/home/suvarna/maven/apache-maven-3.6.3"/>
    <property name="file.separator" value="/"/>
    <property name="java.vendor.url.bug" value="http://bugreport.sun.com/bugreport/"/>
    <property name="sun.cpu.endian" value="little"/>
    <property name="sun.io.unicode.encoding" value="UnicodeLittle"/>
    <property name="sun.desktop" value="gnome"/>
    <property name="sun.cpu.isalist" value=""/>
  </properties>
  <testcase classname="cloud.orbit.actors.extensions.test.ConstructionTest" name="testConstruction" time="9.107">
    <failure message="expected:&lt;[9ad51e2e-1411-4ffa-870f-014bcd0e9c41]&gt; but was:&lt;[342cdaeb-d0d3-4990-9c63-eab9fab67b04]&gt;" type="org.junit.ComparisonFailure">org.junit.ComparisonFailure: expected:&lt;[9ad51e2e-1411-4ffa-870f-014bcd0e9c41]&gt; but was:&lt;[342cdaeb-d0d3-4990-9c63-eab9fab67b04]&gt;
	at org.junit.Assert.assertEquals(Assert.java:115)
	at org.junit.Assert.assertEquals(Assert.java:144)
	at cloud.orbit.actors.extensions.test.ConstructionTest.testConstruction(ConstructionTest.java:81)
	at sun.reflect.NativeMethodAccessorImpl.invoke0(Native Method)
	at sun.reflect.NativeMethodAccessorImpl.invoke(NativeMethodAccessorImpl.java:62)
	at sun.reflect.DelegatingMethodAccessorImpl.invoke(DelegatingMethodAccessorImpl.java:43)
	at java.lang.reflect.Method.invoke(Method.java:498)
	at org.junit.runners.model.FrameworkMethod$1.runReflectiveCall(FrameworkMethod.java:50)
	at org.junit.internal.runners.model.ReflectiveCallable.run(ReflectiveCallable.java:12)
	at org.junit.runners.model.FrameworkMethod.invokeExplosively(FrameworkMethod.java:47)
	at org.junit.internal.runners.statements.InvokeMethod.evaluate(InvokeMethod.java:17)
	at org.junit.runners.ParentRunner.runLeaf(ParentRunner.java:325)
	at org.junit.runners.BlockJUnit4ClassRunner.runChild(BlockJUnit4ClassRunner.java:78)
	at org.junit.runners.BlockJUnit4ClassRunner.runChild(BlockJUnit4ClassRunner.java:57)
	at org.junit.runners.ParentRunner$3.run(ParentRunner.java:290)
	at org.junit.runners.ParentRunner$1.schedule(ParentRunner.java:71)
	at org.junit.runners.ParentRunner.runChildren(ParentRunner.java:288)
	at org.junit.runners.ParentRunner.access$000(ParentRunner.java:58)
	at org.junit.runners.ParentRunner$2.evaluate(ParentRunner.java:268)
	at org.junit.runners.ParentRunner.run(ParentRunner.java:363)
	at org.apache.maven.surefire.junit4.JUnit4Provider.execute(JUnit4Provider.java:252)
	at org.apache.maven.surefire.junit4.JUnit4Provider.executeTestSet(JUnit4Provider.java:141)
	at org.apache.maven.surefire.junit4.JUnit4Provider.invoke(JUnit4Provider.java:112)
	at sun.reflect.NativeMethodAccessorImpl.invoke0(Native Method)
	at sun.reflect.NativeMethodAccessorImpl.invoke(NativeMethodAccessorImpl.java:62)
	at sun.reflect.DelegatingMethodAccessorImpl.invoke(DelegatingMethodAccessorImpl.java:43)
	at java.lang.reflect.Method.invoke(Method.java:498)
	at org.apache.maven.surefire.util.ReflectionUtils.invokeMethodWithArray(ReflectionUtils.java:189)
	at org.apache.maven.surefire.booter.ProviderFactory$ProviderProxy.invoke(ProviderFactory.java:165)
	at org.apache.maven.surefire.booter.ProviderFactory.invokeProvider(ProviderFactory.java:85)
	at org.apache.maven.surefire.booter.ForkedBooter.runSuitesInProcess(ForkedBooter.java:115)
	at org.apache.maven.surefire.booter.ForkedBooter.main(ForkedBooter.java:75)
</failure>
    <system-out>
-------------------------------------------------------------------
GMS: address=orbit-cluster, cluster=orbit-cluster, physical address=192.168.43.168:34464
-------------------------------------------------------------------
</system-out>
    <system-err>Oct 05, 2021 11:26:57 PM org.infinispan.remoting.transport.jgroups.JGroupsTransport start
INFO: ISPN000078: Starting JGroups channel orbit-cluster
Oct 05, 2021 11:26:57 PM org.jgroups.protocols.UDP setBufferSize
WARNING: JGRP000015: the send buffer of socket DatagramSocket was set to 5MB, but the OS only allocated 212.99KB. This might lead to performance problems. Please set your max send buffer in the OS correctly (e.g. net.core.wmem_max on Linux)
Oct 05, 2021 11:26:57 PM org.jgroups.protocols.UDP setBufferSize
WARNING: JGRP000015: the receive buffer of socket DatagramSocket was set to 5MB, but the OS only allocated 212.99KB. This might lead to performance problems. Please set your max receive buffer in the OS correctly (e.g. net.core.rmem_max on Linux)
Oct 05, 2021 11:26:57 PM org.jgroups.protocols.UDP setBufferSize
WARNING: JGRP000015: the send buffer of socket MulticastSocket was set to 5MB, but the OS only allocated 212.99KB. This might lead to performance problems. Please set your max send buffer in the OS correctly (e.g. net.core.wmem_max on Linux)
Oct 05, 2021 11:26:57 PM org.jgroups.protocols.UDP setBufferSize
WARNING: JGRP000015: the receive buffer of socket MulticastSocket was set to 5MB, but the OS only allocated 212.99KB. This might lead to performance problems. Please set your max receive buffer in the OS correctly (e.g. net.core.rmem_max on Linux)
Oct 05, 2021 11:26:59 PM org.jgroups.fork.ForkProtocolStack up
WARNING: fork-channel for id=lead-hijacker not found; discarding message
Oct 05, 2021 11:26:59 PM org.jgroups.fork.ForkProtocolStack up
WARNING: fork-channel for id=lead-hijacker not found; discarding message
Oct 05, 2021 11:27:00 PM org.infinispan.remoting.transport.jgroups.JGroupsTransport viewAccepted
INFO: ISPN000094: Received new cluster view for channel orbit-cluster: [orbit-cluster|1] (2) [orbit-cluster, orbit-cluster]
Oct 05, 2021 11:27:00 PM org.infinispan.remoting.transport.jgroups.JGroupsTransport startJGroupsChannelIfNeeded
INFO: ISPN000079: Channel orbit-cluster local address is orbit-cluster, physical addresses are [192.168.43.168:34464]
Oct 05, 2021 11:27:00 PM org.infinispan.factories.GlobalComponentRegistry start
INFO: ISPN000128: Infinispan version: Infinispan &apos;Mahou&apos; 8.1.4.Final
Oct 05, 2021 11:27:00 PM org.jgroups.fork.ForkProtocolStack up
WARNING: fork-channel for id=lead-hijacker not found; discarding message
Oct 05, 2021 11:27:01 PM org.infinispan.remoting.transport.jgroups.JGroupsTransport stop
INFO: ISPN000080: Disconnecting JGroups channel orbit-cluster
Oct 05, 2021 11:27:01 PM org.infinispan.remoting.transport.jgroups.JGroupsTransport stop
INFO: ISPN000082: Stopping the RpcDispatcher for channel orbit-cluster
</system-err>
  </testcase>
  <testcase classname="cloud.orbit.actors.extensions.test.ConstructionTest" name="testDefaultConstruction" time="1.384">
    <failure message="expected:&lt;[aafa637e-1354-448a-a5e5-e5037c99e857]&gt; but was:&lt;[342cdaeb-d0d3-4990-9c63-eab9fab67b04]&gt;" type="org.junit.ComparisonFailure">org.junit.ComparisonFailure: expected:&lt;[aafa637e-1354-448a-a5e5-e5037c99e857]&gt; but was:&lt;[342cdaeb-d0d3-4990-9c63-eab9fab67b04]&gt;
	at org.junit.Assert.assertEquals(Assert.java:115)
	at org.junit.Assert.assertEquals(Assert.java:144)
	at cloud.orbit.actors.extensions.test.ConstructionTest.testDefaultConstruction(ConstructionTest.java:61)
	at sun.reflect.NativeMethodAccessorImpl.invoke0(Native Method)
	at sun.reflect.NativeMethodAccessorImpl.invoke(NativeMethodAccessorImpl.java:62)
	at sun.reflect.DelegatingMethodAccessorImpl.invoke(DelegatingMethodAccessorImpl.java:43)
	at java.lang.reflect.Method.invoke(Method.java:498)
	at org.junit.runners.model.FrameworkMethod$1.runReflectiveCall(FrameworkMethod.java:50)
	at org.junit.internal.runners.model.ReflectiveCallable.run(ReflectiveCallable.java:12)
	at org.junit.runners.model.FrameworkMethod.invokeExplosively(FrameworkMethod.java:47)
	at org.junit.internal.runners.statements.InvokeMethod.evaluate(InvokeMethod.java:17)
	at org.junit.runners.ParentRunner.runLeaf(ParentRunner.java:325)
	at org.junit.runners.BlockJUnit4ClassRunner.runChild(BlockJUnit4ClassRunner.java:78)
	at org.junit.runners.BlockJUnit4ClassRunner.runChild(BlockJUnit4ClassRunner.java:57)
	at org.junit.runners.ParentRunner$3.run(ParentRunner.java:290)
	at org.junit.runners.ParentRunner$1.schedule(ParentRunner.java:71)
	at org.junit.runners.ParentRunner.runChildren(ParentRunner.java:288)
	at org.junit.runners.ParentRunner.access$000(ParentRunner.java:58)
	at org.junit.runners.ParentRunner$2.evaluate(ParentRunner.java:268)
	at org.junit.runners.ParentRunner.run(ParentRunner.java:363)
	at org.apache.maven.surefire.junit4.JUnit4Provider.execute(JUnit4Provider.java:252)
	at org.apache.maven.surefire.junit4.JUnit4Provider.executeTestSet(JUnit4Provider.java:141)
	at org.apache.maven.surefire.junit4.JUnit4Provider.invoke(JUnit4Provider.java:112)
	at sun.reflect.NativeMethodAccessorImpl.invoke0(Native Method)
	at sun.reflect.NativeMethodAccessorImpl.invoke(NativeMethodAccessorImpl.java:62)
	at sun.reflect.DelegatingMethodAccessorImpl.invoke(DelegatingMethodAccessorImpl.java:43)
	at java.lang.reflect.Method.invoke(Method.java:498)
	at org.apache.maven.surefire.util.ReflectionUtils.invokeMethodWithArray(ReflectionUtils.java:189)
	at org.apache.maven.surefire.booter.ProviderFactory$ProviderProxy.invoke(ProviderFactory.java:165)
	at org.apache.maven.surefire.booter.ProviderFactory.invokeProvider(ProviderFactory.java:85)
	at org.apache.maven.surefire.booter.ForkedBooter.runSuitesInProcess(ForkedBooter.java:115)
	at org.apache.maven.surefire.booter.ForkedBooter.main(ForkedBooter.java:75)
</failure>
    <system-out>
-------------------------------------------------------------------
GMS: address=orbit-cluster, cluster=orbit-cluster, physical address=192.168.43.168:39170
-------------------------------------------------------------------
</system-out>
    <system-err>Oct 05, 2021 11:27:01 PM org.infinispan.remoting.transport.jgroups.JGroupsTransport start
INFO: ISPN000078: Starting JGroups channel orbit-cluster
Oct 05, 2021 11:27:01 PM org.jgroups.protocols.UDP setBufferSize
WARNING: JGRP000015: the send buffer of socket DatagramSocket was set to 5MB, but the OS only allocated 212.99KB. This might lead to performance problems. Please set your max send buffer in the OS correctly (e.g. net.core.wmem_max on Linux)
Oct 05, 2021 11:27:01 PM org.jgroups.protocols.UDP setBufferSize
WARNING: JGRP000015: the receive buffer of socket DatagramSocket was set to 5MB, but the OS only allocated 212.99KB. This might lead to performance problems. Please set your max receive buffer in the OS correctly (e.g. net.core.rmem_max on Linux)
Oct 05, 2021 11:27:01 PM org.jgroups.protocols.UDP setBufferSize
WARNING: JGRP000015: the send buffer of socket MulticastSocket was set to 5MB, but the OS only allocated 212.99KB. This might lead to performance problems. Please set your max send buffer in the OS correctly (e.g. net.core.wmem_max on Linux)
Oct 05, 2021 11:27:01 PM org.jgroups.protocols.UDP setBufferSize
WARNING: JGRP000015: the receive buffer of socket MulticastSocket was set to 5MB, but the OS only allocated 212.99KB. This might lead to performance problems. Please set your max receive buffer in the OS correctly (e.g. net.core.rmem_max on Linux)
Oct 05, 2021 11:27:01 PM org.infinispan.remoting.transport.jgroups.JGroupsTransport viewAccepted
INFO: ISPN000094: Received new cluster view for channel orbit-cluster: [orbit-cluster|3] (2) [orbit-cluster, orbit-cluster]
Oct 05, 2021 11:27:01 PM org.infinispan.remoting.transport.jgroups.JGroupsTransport startJGroupsChannelIfNeeded
INFO: ISPN000079: Channel orbit-cluster local address is orbit-cluster, physical addresses are [192.168.43.168:39170]
Oct 05, 2021 11:27:02 PM org.infinispan.remoting.transport.jgroups.JGroupsTransport stop
INFO: ISPN000080: Disconnecting JGroups channel orbit-cluster
Oct 05, 2021 11:27:02 PM org.infinispan.remoting.transport.jgroups.JGroupsTransport stop
INFO: ISPN000082: Stopping the RpcDispatcher for channel orbit-cluster
</system-err>
  </testcase>
</testsuite>